[3.203s] Invoking command in '/home/muhuaguan/ros2_ws/build/examples_rclpy_pointcloud_publisher': PYTHONPATH=/home/muhuaguan/ros2_ws/build/examples_rclpy_pointcloud_publisher/prefix_override:/home/muhuaguan/ros2_ws/install/examples_rclpy_pointcloud_publisher/lib/python3.10/site-packages:${PYTHONPATH} /usr/bin/python3 setup.py develop --uninstall --editable --build-directory /home/muhuaguan/ros2_ws/build/examples_rclpy_pointcloud_publisher/build
[3.739s] running develop
[3.740s] /usr/lib/python3/dist-packages/setuptools/command/easy_install.py:158: EasyInstallDeprecationWarning: easy_install command is deprecated. Use build and pip and other standards-based tools.
[3.741s]   warnings.warn(
[3.745s] /usr/lib/python3/dist-packages/setuptools/command/install.py:34: SetuptoolsDeprecationWarning: setup.py install is deprecated. Use build and pip and other standards-based tools.
[3.745s]   warnings.warn(
[3.904s] /usr/lib/python3/dist-packages/pkg_resources/__init__.py:116: PkgResourcesDeprecationWarning: 1.16.0-unknown is an invalid version and will not be supported in a future release
[3.904s]   warnings.warn(
[3.906s] /usr/lib/python3/dist-packages/pkg_resources/__init__.py:116: PkgResourcesDeprecationWarning: 1.1build1 is an invalid version and will not be supported in a future release
[3.906s]   warnings.warn(
[4.534s] Invoked command in '/home/muhuaguan/ros2_ws/build/examples_rclpy_pointcloud_publisher' returned '0': PYTHONPATH=/home/muhuaguan/ros2_ws/build/examples_rclpy_pointcloud_publisher/prefix_override:/home/muhuaguan/ros2_ws/install/examples_rclpy_pointcloud_publisher/lib/python3.10/site-packages:${PYTHONPATH} /usr/bin/python3 setup.py develop --uninstall --editable --build-directory /home/muhuaguan/ros2_ws/build/examples_rclpy_pointcloud_publisher/build
[4.542s] Invoking command in '/home/muhuaguan/ros2_ws/src/examples/rclpy/topics/pointcloud_publisher': PYTHONPATH=/home/muhuaguan/ros2_ws/build/examples_rclpy_pointcloud_publisher/prefix_override:/home/muhuaguan/ros2_ws/install/examples_rclpy_pointcloud_publisher/lib/python3.10/site-packages:${PYTHONPATH} /usr/bin/python3 setup.py egg_info --egg-base ../../../../../build/examples_rclpy_pointcloud_publisher build --build-base /home/muhuaguan/ros2_ws/build/examples_rclpy_pointcloud_publisher/build install --record /home/muhuaguan/ros2_ws/build/examples_rclpy_pointcloud_publisher/install.log --single-version-externally-managed
[6.287s] running egg_info
[6.292s] writing ../../../../../build/examples_rclpy_pointcloud_publisher/examples_rclpy_pointcloud_publisher.egg-info/PKG-INFO
[6.295s] writing dependency_links to ../../../../../build/examples_rclpy_pointcloud_publisher/examples_rclpy_pointcloud_publisher.egg-info/dependency_links.txt
[6.296s] writing entry points to ../../../../../build/examples_rclpy_pointcloud_publisher/examples_rclpy_pointcloud_publisher.egg-info/entry_points.txt
[6.297s] writing requirements to ../../../../../build/examples_rclpy_pointcloud_publisher/examples_rclpy_pointcloud_publisher.egg-info/requires.txt
[6.297s] writing top-level names to ../../../../../build/examples_rclpy_pointcloud_publisher/examples_rclpy_pointcloud_publisher.egg-info/top_level.txt
[6.303s] reading manifest file '../../../../../build/examples_rclpy_pointcloud_publisher/examples_rclpy_pointcloud_publisher.egg-info/SOURCES.txt'
[6.309s] writing manifest file '../../../../../build/examples_rclpy_pointcloud_publisher/examples_rclpy_pointcloud_publisher.egg-info/SOURCES.txt'
[6.312s] running build
[6.312s] running build_py
[6.315s] running install
[6.315s] /usr/lib/python3/dist-packages/setuptools/command/install.py:34: SetuptoolsDeprecationWarning: setup.py install is deprecated. Use build and pip and other standards-based tools.
[6.316s]   warnings.warn(
[6.317s] running install_lib
[6.320s] running install_data
[6.322s] running install_egg_info
[6.331s] removing '/home/muhuaguan/ros2_ws/install/examples_rclpy_pointcloud_publisher/lib/python3.10/site-packages/examples_rclpy_pointcloud_publisher-0.15.1-py3.10.egg-info' (and everything under it)
[6.333s] Copying ../../../../../build/examples_rclpy_pointcloud_publisher/examples_rclpy_pointcloud_publisher.egg-info to /home/muhuaguan/ros2_ws/install/examples_rclpy_pointcloud_publisher/lib/python3.10/site-packages/examples_rclpy_pointcloud_publisher-0.15.1-py3.10.egg-info
[6.337s] running install_scripts
[6.431s] Installing pointcloud_publisher script to /home/muhuaguan/ros2_ws/install/examples_rclpy_pointcloud_publisher/lib/examples_rclpy_pointcloud_publisher
[6.433s] writing list of installed files to '/home/muhuaguan/ros2_ws/build/examples_rclpy_pointcloud_publisher/install.log'
[6.533s] Invoked command in '/home/muhuaguan/ros2_ws/src/examples/rclpy/topics/pointcloud_publisher' returned '0': PYTHONPATH=/home/muhuaguan/ros2_ws/build/examples_rclpy_pointcloud_publisher/prefix_override:/home/muhuaguan/ros2_ws/install/examples_rclpy_pointcloud_publisher/lib/python3.10/site-packages:${PYTHONPATH} /usr/bin/python3 setup.py egg_info --egg-base ../../../../../build/examples_rclpy_pointcloud_publisher build --build-base /home/muhuaguan/ros2_ws/build/examples_rclpy_pointcloud_publisher/build install --record /home/muhuaguan/ros2_ws/build/examples_rclpy_pointcloud_publisher/install.log --single-version-externally-managed
