[0.048s] Invoking command in '/home/muhuaguan/ros2_ws/build/turtlesim': CMAKE_PREFIX_PATH=/opt/ros/humble /usr/bin/cmake --build /home/muhuaguan/ros2_ws/build/turtlesim -- -j12 -l12
[0.185s] [35m[1mConsolidate compiler generated dependencies of target turtlesim__rosidl_generator_c[0m
[0.237s] [  1%] Built target turtlesim__cpp
[0.295s] [ 11%] Built target turtlesim__rosidl_generator_c
[0.356s] [35m[1mConsolidate compiler generated dependencies of target turtlesim__rosidl_typesupport_cpp[0m
[0.386s] [35m[1mConsolidate compiler generated dependencies of target turtlesim__rosidl_typesupport_fastrtps_c[0m
[0.405s] [ 11%] Built target ament_cmake_python_copy_turtlesim
[0.410s] [35m[1mConsolidate compiler generated dependencies of target turtlesim__rosidl_typesupport_fastrtps_cpp[0m
[0.447s] [35m[1mConsolidate compiler generated dependencies of target turtlesim__rosidl_typesupport_c[0m
[0.457s] [35m[1mConsolidate compiler generated dependencies of target turtlesim__rosidl_typesupport_introspection_c[0m
[0.471s] [ 21%] Built target turtlesim__rosidl_typesupport_cpp
[0.491s] [ 31%] Built target turtlesim__rosidl_typesupport_c
[0.493s] [ 41%] Built target turtlesim__rosidl_typesupport_fastrtps_c
[0.513s] [ 51%] Built target turtlesim__rosidl_typesupport_fastrtps_cpp
[0.521s] [35m[1mConsolidate compiler generated dependencies of target turtlesim__rosidl_typesupport_introspection_cpp[0m
[0.552s] [ 61%] Built target turtlesim__rosidl_typesupport_introspection_c
[0.554s] [35m[1mConsolidate compiler generated dependencies of target turtlesim_node[0m
[0.585s] [35m[1mConsolidate compiler generated dependencies of target turtle_teleop_key[0m
[0.587s] [35m[1mConsolidate compiler generated dependencies of target draw_square[0m
[0.606s] [35m[1mConsolidate compiler generated dependencies of target mimic[0m
[0.635s] [ 71%] Built target turtlesim__rosidl_typesupport_introspection_cpp
[0.685s] [ 72%] [32mBuilding CXX object CMakeFiles/turtlesim_node.dir/src/turtle_frame.cpp.o[0m
[0.704s] [ 74%] Built target turtle_teleop_key
[0.709s] [ 76%] Built target mimic
[0.732s] [ 78%] Built target draw_square
[0.741s] [ 78%] Built target turtlesim
[0.816s] [ 79%] Built target turtlesim__py
[0.849s] [35m[1mConsolidate compiler generated dependencies of target turtlesim__rosidl_generator_py[0m
[0.976s] [ 88%] Built target turtlesim__rosidl_generator_py
[1.044s] [35m[1mConsolidate compiler generated dependencies of target turtlesim__rosidl_typesupport_c__pyext[0m
[1.045s] [35m[1mConsolidate compiler generated dependencies of target turtlesim__rosidl_typesupport_fastrtps_c__pyext[0m
[1.068s] [35m[1mConsolidate compiler generated dependencies of target turtlesim__rosidl_typesupport_introspection_c__pyext[0m
[1.117s] running egg_info
[1.119s] writing turtlesim.egg-info/PKG-INFO
[1.120s] writing dependency_links to turtlesim.egg-info/dependency_links.txt
[1.120s] writing top-level names to turtlesim.egg-info/top_level.txt
[1.126s] reading manifest file 'turtlesim.egg-info/SOURCES.txt'
[1.127s] [ 90%] Built target turtlesim__rosidl_typesupport_c__pyext
[1.128s] writing manifest file 'turtlesim.egg-info/SOURCES.txt'
[1.151s] [ 92%] Built target turtlesim__rosidl_typesupport_fastrtps_c__pyext
[1.162s] [ 94%] Built target turtlesim__rosidl_typesupport_introspection_c__pyext
[1.255s] [ 94%] Built target ament_cmake_python_build_turtlesim_egg
[25.483s] [ 95%] [32m[1mLinking CXX executable turtlesim_node[0m
[27.709s] [100%] Built target turtlesim_node
[27.722s] Invoked command in '/home/muhuaguan/ros2_ws/build/turtlesim' returned '0': CMAKE_PREFIX_PATH=/opt/ros/humble /usr/bin/cmake --build /home/muhuaguan/ros2_ws/build/turtlesim -- -j12 -l12
[28.113s] Invoking command in '/home/muhuaguan/ros2_ws/build/turtlesim': CMAKE_PREFIX_PATH=/opt/ros/humble /usr/bin/cmake --install /home/muhuaguan/ros2_ws/build/turtlesim
[28.123s] -- Install configuration: ""
[28.123s] -- Up-to-date: /home/muhuaguan/ros2_ws/install/turtlesim/share/ament_index/resource_index/rosidl_interfaces/turtlesim
[28.124s] -- Up-to-date: /home/muhuaguan/ros2_ws/install/turtlesim/include/turtlesim/turtlesim
[28.124s] -- Up-to-date: /home/muhuaguan/ros2_ws/install/turtlesim/include/turtlesim/turtlesim/action
[28.124s] -- Up-to-date: /home/muhuaguan/ros2_ws/install/turtlesim/include/turtlesim/turtlesim/action/rotate_absolute.h
[28.124s] -- Up-to-date: /home/muhuaguan/ros2_ws/install/turtlesim/include/turtlesim/turtlesim/action/detail
[28.124s] -- Up-to-date: /home/muhuaguan/ros2_ws/install/turtlesim/include/turtlesim/turtlesim/action/detail/rotate_absolute__functions.c
[28.124s] -- Up-to-date: /home/muhuaguan/ros2_ws/install/turtlesim/include/turtlesim/turtlesim/action/detail/rotate_absolute__struct.h
[28.125s] -- Up-to-date: /home/muhuaguan/ros2_ws/install/turtlesim/include/turtlesim/turtlesim/action/detail/rotate_absolute__functions.h
[28.125s] -- Up-to-date: /home/muhuaguan/ros2_ws/install/turtlesim/include/turtlesim/turtlesim/action/detail/rotate_absolute__type_support.h
[28.125s] -- Up-to-date: /home/muhuaguan/ros2_ws/install/turtlesim/include/turtlesim/turtlesim/srv
[28.125s] -- Up-to-date: /home/muhuaguan/ros2_ws/install/turtlesim/include/turtlesim/turtlesim/srv/set_pen.h
[28.125s] -- Up-to-date: /home/muhuaguan/ros2_ws/install/turtlesim/include/turtlesim/turtlesim/srv/spawn.h
[28.125s] -- Up-to-date: /home/muhuaguan/ros2_ws/install/turtlesim/include/turtlesim/turtlesim/srv/detail
[28.125s] -- Up-to-date: /home/muhuaguan/ros2_ws/install/turtlesim/include/turtlesim/turtlesim/srv/detail/teleport_relative__functions.h
[28.126s] -- Up-to-date: /home/muhuaguan/ros2_ws/install/turtlesim/include/turtlesim/turtlesim/srv/detail/kill__functions.h
[28.126s] -- Up-to-date: /home/muhuaguan/ros2_ws/install/turtlesim/include/turtlesim/turtlesim/srv/detail/spawn__functions.c
[28.126s] -- Up-to-date: /home/muhuaguan/ros2_ws/install/turtlesim/include/turtlesim/turtlesim/srv/detail/kill__type_support.h
[28.126s] -- Up-to-date: /home/muhuaguan/ros2_ws/install/turtlesim/include/turtlesim/turtlesim/srv/detail/set_pen__struct.h
[28.126s] -- Up-to-date: /home/muhuaguan/ros2_ws/install/turtlesim/include/turtlesim/turtlesim/srv/detail/set_pen__functions.c
[28.126s] -- Up-to-date: /home/muhuaguan/ros2_ws/install/turtlesim/include/turtlesim/turtlesim/srv/detail/spawn__type_support.h
[28.126s] -- Up-to-date: /home/muhuaguan/ros2_ws/install/turtlesim/include/turtlesim/turtlesim/srv/detail/teleport_relative__functions.c
[28.127s] -- Up-to-date: /home/muhuaguan/ros2_ws/install/turtlesim/include/turtlesim/turtlesim/srv/detail/teleport_absolute__functions.h
[28.127s] -- Up-to-date: /home/muhuaguan/ros2_ws/install/turtlesim/include/turtlesim/turtlesim/srv/detail/teleport_relative__type_support.h
[28.127s] -- Up-to-date: /home/muhuaguan/ros2_ws/install/turtlesim/include/turtlesim/turtlesim/srv/detail/kill__functions.c
[28.127s] -- Up-to-date: /home/muhuaguan/ros2_ws/install/turtlesim/include/turtlesim/turtlesim/srv/detail/kill__struct.h
[28.127s] -- Up-to-date: /home/muhuaguan/ros2_ws/install/turtlesim/include/turtlesim/turtlesim/srv/detail/teleport_relative__struct.h
[28.127s] -- Up-to-date: /home/muhuaguan/ros2_ws/install/turtlesim/include/turtlesim/turtlesim/srv/detail/set_pen__functions.h
[28.128s] -- Up-to-date: /home/muhuaguan/ros2_ws/install/turtlesim/include/turtlesim/turtlesim/srv/detail/set_pen__type_support.h
[28.128s] -- Up-to-date: /home/muhuaguan/ros2_ws/install/turtlesim/include/turtlesim/turtlesim/srv/detail/teleport_absolute__functions.c
[28.128s] -- Up-to-date: /home/muhuaguan/ros2_ws/install/turtlesim/include/turtlesim/turtlesim/srv/detail/spawn__functions.h
[28.128s] -- Up-to-date: /home/muhuaguan/ros2_ws/install/turtlesim/include/turtlesim/turtlesim/srv/detail/spawn__struct.h
[28.128s] -- Up-to-date: /home/muhuaguan/ros2_ws/install/turtlesim/include/turtlesim/turtlesim/srv/detail/teleport_absolute__type_support.h
[28.128s] -- Up-to-date: /home/muhuaguan/ros2_ws/install/turtlesim/include/turtlesim/turtlesim/srv/detail/teleport_absolute__struct.h
[28.128s] -- Up-to-date: /home/muhuaguan/ros2_ws/install/turtlesim/include/turtlesim/turtlesim/srv/teleport_relative.h
[28.128s] -- Up-to-date: /home/muhuaguan/ros2_ws/install/turtlesim/include/turtlesim/turtlesim/srv/teleport_absolute.h
[28.129s] -- Up-to-date: /home/muhuaguan/ros2_ws/install/turtlesim/include/turtlesim/turtlesim/srv/kill.h
[28.129s] -- Up-to-date: /home/muhuaguan/ros2_ws/install/turtlesim/include/turtlesim/turtlesim/msg
[28.129s] -- Up-to-date: /home/muhuaguan/ros2_ws/install/turtlesim/include/turtlesim/turtlesim/msg/color.h
[28.129s] -- Up-to-date: /home/muhuaguan/ros2_ws/install/turtlesim/include/turtlesim/turtlesim/msg/detail
[28.129s] -- Up-to-date: /home/muhuaguan/ros2_ws/install/turtlesim/include/turtlesim/turtlesim/msg/detail/color__struct.h
[28.129s] -- Up-to-date: /home/muhuaguan/ros2_ws/install/turtlesim/include/turtlesim/turtlesim/msg/detail/pose__functions.h
[28.129s] -- Up-to-date: /home/muhuaguan/ros2_ws/install/turtlesim/include/turtlesim/turtlesim/msg/detail/color__functions.c
[28.130s] -- Up-to-date: /home/muhuaguan/ros2_ws/install/turtlesim/include/turtlesim/turtlesim/msg/detail/color__type_support.h
[28.130s] -- Up-to-date: /home/muhuaguan/ros2_ws/install/turtlesim/include/turtlesim/turtlesim/msg/detail/pose__functions.c
[28.130s] -- Up-to-date: /home/muhuaguan/ros2_ws/install/turtlesim/include/turtlesim/turtlesim/msg/detail/color__functions.h
[28.130s] -- Up-to-date: /home/muhuaguan/ros2_ws/install/turtlesim/include/turtlesim/turtlesim/msg/detail/pose__type_support.h
[28.130s] -- Up-to-date: /home/muhuaguan/ros2_ws/install/turtlesim/include/turtlesim/turtlesim/msg/detail/pose__struct.h
[28.130s] -- Up-to-date: /home/muhuaguan/ros2_ws/install/turtlesim/include/turtlesim/turtlesim/msg/pose.h
[28.130s] -- Up-to-date: /home/muhuaguan/ros2_ws/install/turtlesim/include/turtlesim/turtlesim/msg/rosidl_generator_c__visibility_control.h
[28.131s] -- Up-to-date: /home/muhuaguan/ros2_ws/install/turtlesim/share/turtlesim/environment/library_path.sh
[28.131s] -- Up-to-date: /home/muhuaguan/ros2_ws/install/turtlesim/share/turtlesim/environment/library_path.dsv
[28.131s] -- Up-to-date: /home/muhuaguan/ros2_ws/install/turtlesim/lib/libturtlesim__rosidl_generator_c.so
[28.131s] -- Up-to-date: /home/muhuaguan/ros2_ws/install/turtlesim/include/turtlesim/turtlesim
[28.131s] -- Up-to-date: /home/muhuaguan/ros2_ws/install/turtlesim/include/turtlesim/turtlesim/action
[28.131s] -- Up-to-date: /home/muhuaguan/ros2_ws/install/turtlesim/include/turtlesim/turtlesim/action/detail
[28.131s] -- Up-to-date: /home/muhuaguan/ros2_ws/install/turtlesim/include/turtlesim/turtlesim/action/detail/rotate_absolute__rosidl_typesupport_fastrtps_c.h
[28.131s] -- Up-to-date: /home/muhuaguan/ros2_ws/install/turtlesim/include/turtlesim/turtlesim/srv
[28.132s] -- Up-to-date: /home/muhuaguan/ros2_ws/install/turtlesim/include/turtlesim/turtlesim/srv/detail
[28.132s] -- Up-to-date: /home/muhuaguan/ros2_ws/install/turtlesim/include/turtlesim/turtlesim/srv/detail/kill__rosidl_typesupport_fastrtps_c.h
[28.132s] -- Up-to-date: /home/muhuaguan/ros2_ws/install/turtlesim/include/turtlesim/turtlesim/srv/detail/teleport_relative__rosidl_typesupport_fastrtps_c.h
[28.132s] -- Up-to-date: /home/muhuaguan/ros2_ws/install/turtlesim/include/turtlesim/turtlesim/srv/detail/set_pen__rosidl_typesupport_fastrtps_c.h
[28.132s] -- Up-to-date: /home/muhuaguan/ros2_ws/install/turtlesim/include/turtlesim/turtlesim/srv/detail/teleport_absolute__rosidl_typesupport_fastrtps_c.h
[28.132s] -- Up-to-date: /home/muhuaguan/ros2_ws/install/turtlesim/include/turtlesim/turtlesim/srv/detail/spawn__rosidl_typesupport_fastrtps_c.h
[28.132s] -- Up-to-date: /home/muhuaguan/ros2_ws/install/turtlesim/include/turtlesim/turtlesim/msg
[28.133s] -- Up-to-date: /home/muhuaguan/ros2_ws/install/turtlesim/include/turtlesim/turtlesim/msg/detail
[28.133s] -- Up-to-date: /home/muhuaguan/ros2_ws/install/turtlesim/include/turtlesim/turtlesim/msg/detail/pose__rosidl_typesupport_fastrtps_c.h
[28.133s] -- Up-to-date: /home/muhuaguan/ros2_ws/install/turtlesim/include/turtlesim/turtlesim/msg/detail/color__rosidl_typesupport_fastrtps_c.h
[28.133s] -- Up-to-date: /home/muhuaguan/ros2_ws/install/turtlesim/include/turtlesim/turtlesim/msg/rosidl_typesupport_fastrtps_c__visibility_control.h
[28.133s] -- Up-to-date: /home/muhuaguan/ros2_ws/install/turtlesim/lib/libturtlesim__rosidl_typesupport_fastrtps_c.so
[28.133s] -- Up-to-date: /home/muhuaguan/ros2_ws/install/turtlesim/include/turtlesim/turtlesim
[28.134s] -- Up-to-date: /home/muhuaguan/ros2_ws/install/turtlesim/include/turtlesim/turtlesim/action
[28.134s] -- Up-to-date: /home/muhuaguan/ros2_ws/install/turtlesim/include/turtlesim/turtlesim/action/detail
[28.134s] -- Up-to-date: /home/muhuaguan/ros2_ws/install/turtlesim/include/turtlesim/turtlesim/action/detail/rotate_absolute__struct.hpp
[28.134s] -- Up-to-date: /home/muhuaguan/ros2_ws/install/turtlesim/include/turtlesim/turtlesim/action/detail/rotate_absolute__traits.hpp
[28.134s] -- Up-to-date: /home/muhuaguan/ros2_ws/install/turtlesim/include/turtlesim/turtlesim/action/detail/rotate_absolute__builder.hpp
[28.134s] -- Up-to-date: /home/muhuaguan/ros2_ws/install/turtlesim/include/turtlesim/turtlesim/action/rotate_absolute.hpp
[28.134s] -- Up-to-date: /home/muhuaguan/ros2_ws/install/turtlesim/include/turtlesim/turtlesim/srv
[28.134s] -- Up-to-date: /home/muhuaguan/ros2_ws/install/turtlesim/include/turtlesim/turtlesim/srv/set_pen.hpp
[28.134s] -- Up-to-date: /home/muhuaguan/ros2_ws/install/turtlesim/include/turtlesim/turtlesim/srv/teleport_relative.hpp
[28.134s] -- Up-to-date: /home/muhuaguan/ros2_ws/install/turtlesim/include/turtlesim/turtlesim/srv/detail
[28.135s] -- Up-to-date: /home/muhuaguan/ros2_ws/install/turtlesim/include/turtlesim/turtlesim/srv/detail/teleport_absolute__traits.hpp
[28.135s] -- Up-to-date: /home/muhuaguan/ros2_ws/install/turtlesim/include/turtlesim/turtlesim/srv/detail/teleport_relative__traits.hpp
[28.135s] -- Up-to-date: /home/muhuaguan/ros2_ws/install/turtlesim/include/turtlesim/turtlesim/srv/detail/kill__traits.hpp
[28.135s] -- Up-to-date: /home/muhuaguan/ros2_ws/install/turtlesim/include/turtlesim/turtlesim/srv/detail/teleport_relative__struct.hpp
[28.135s] -- Up-to-date: /home/muhuaguan/ros2_ws/install/turtlesim/include/turtlesim/turtlesim/srv/detail/set_pen__builder.hpp
[28.135s] -- Up-to-date: /home/muhuaguan/ros2_ws/install/turtlesim/include/turtlesim/turtlesim/srv/detail/teleport_absolute__builder.hpp
[28.135s] -- Up-to-date: /home/muhuaguan/ros2_ws/install/turtlesim/include/turtlesim/turtlesim/srv/detail/teleport_absolute__struct.hpp
[28.135s] -- Up-to-date: /home/muhuaguan/ros2_ws/install/turtlesim/include/turtlesim/turtlesim/srv/detail/spawn__builder.hpp
[28.135s] -- Up-to-date: /home/muhuaguan/ros2_ws/install/turtlesim/include/turtlesim/turtlesim/srv/detail/kill__struct.hpp
[28.135s] -- Up-to-date: /home/muhuaguan/ros2_ws/install/turtlesim/include/turtlesim/turtlesim/srv/detail/teleport_relative__builder.hpp
[28.136s] -- Up-to-date: /home/muhuaguan/ros2_ws/install/turtlesim/include/turtlesim/turtlesim/srv/detail/set_pen__traits.hpp
[28.136s] -- Up-to-date: /home/muhuaguan/ros2_ws/install/turtlesim/include/turtlesim/turtlesim/srv/detail/set_pen__struct.hpp
[28.136s] -- Up-to-date: /home/muhuaguan/ros2_ws/install/turtlesim/include/turtlesim/turtlesim/srv/detail/kill__builder.hpp
[28.136s] -- Up-to-date: /home/muhuaguan/ros2_ws/install/turtlesim/include/turtlesim/turtlesim/srv/detail/spawn__traits.hpp
[28.136s] -- Up-to-date: /home/muhuaguan/ros2_ws/install/turtlesim/include/turtlesim/turtlesim/srv/detail/spawn__struct.hpp
[28.136s] -- Up-to-date: /home/muhuaguan/ros2_ws/install/turtlesim/include/turtlesim/turtlesim/srv/teleport_absolute.hpp
[28.136s] -- Up-to-date: /home/muhuaguan/ros2_ws/install/turtlesim/include/turtlesim/turtlesim/srv/spawn.hpp
[28.136s] -- Up-to-date: /home/muhuaguan/ros2_ws/install/turtlesim/include/turtlesim/turtlesim/srv/kill.hpp
[28.136s] -- Up-to-date: /home/muhuaguan/ros2_ws/install/turtlesim/include/turtlesim/turtlesim/msg
[28.136s] -- Up-to-date: /home/muhuaguan/ros2_ws/install/turtlesim/include/turtlesim/turtlesim/msg/color.hpp
[28.137s] -- Up-to-date: /home/muhuaguan/ros2_ws/install/turtlesim/include/turtlesim/turtlesim/msg/detail
[28.137s] -- Up-to-date: /home/muhuaguan/ros2_ws/install/turtlesim/include/turtlesim/turtlesim/msg/detail/pose__traits.hpp
[28.137s] -- Up-to-date: /home/muhuaguan/ros2_ws/install/turtlesim/include/turtlesim/turtlesim/msg/detail/pose__struct.hpp
[28.137s] -- Up-to-date: /home/muhuaguan/ros2_ws/install/turtlesim/include/turtlesim/turtlesim/msg/detail/pose__builder.hpp
[28.137s] -- Up-to-date: /home/muhuaguan/ros2_ws/install/turtlesim/include/turtlesim/turtlesim/msg/detail/color__traits.hpp
[28.137s] -- Up-to-date: /home/muhuaguan/ros2_ws/install/turtlesim/include/turtlesim/turtlesim/msg/detail/color__builder.hpp
[28.137s] -- Up-to-date: /home/muhuaguan/ros2_ws/install/turtlesim/include/turtlesim/turtlesim/msg/detail/color__struct.hpp
[28.137s] -- Up-to-date: /home/muhuaguan/ros2_ws/install/turtlesim/include/turtlesim/turtlesim/msg/pose.hpp
[28.137s] -- Up-to-date: /home/muhuaguan/ros2_ws/install/turtlesim/include/turtlesim/turtlesim
[28.137s] -- Up-to-date: /home/muhuaguan/ros2_ws/install/turtlesim/include/turtlesim/turtlesim/action
[28.138s] -- Up-to-date: /home/muhuaguan/ros2_ws/install/turtlesim/include/turtlesim/turtlesim/action/detail
[28.138s] -- Up-to-date: /home/muhuaguan/ros2_ws/install/turtlesim/include/turtlesim/turtlesim/action/detail/rotate_absolute__rosidl_typesupport_fastrtps_cpp.hpp
[28.138s] -- Up-to-date: /home/muhuaguan/ros2_ws/install/turtlesim/include/turtlesim/turtlesim/action/detail/dds_fastrtps
[28.138s] -- Up-to-date: /home/muhuaguan/ros2_ws/install/turtlesim/include/turtlesim/turtlesim/srv
[28.138s] -- Up-to-date: /home/muhuaguan/ros2_ws/install/turtlesim/include/turtlesim/turtlesim/srv/detail
[28.138s] -- Up-to-date: /home/muhuaguan/ros2_ws/install/turtlesim/include/turtlesim/turtlesim/srv/detail/teleport_relative__rosidl_typesupport_fastrtps_cpp.hpp
[28.138s] -- Up-to-date: /home/muhuaguan/ros2_ws/install/turtlesim/include/turtlesim/turtlesim/srv/detail/set_pen__rosidl_typesupport_fastrtps_cpp.hpp
[28.138s] -- Up-to-date: /home/muhuaguan/ros2_ws/install/turtlesim/include/turtlesim/turtlesim/srv/detail/kill__rosidl_typesupport_fastrtps_cpp.hpp
[28.138s] -- Up-to-date: /home/muhuaguan/ros2_ws/install/turtlesim/include/turtlesim/turtlesim/srv/detail/dds_fastrtps
[28.138s] -- Up-to-date: /home/muhuaguan/ros2_ws/install/turtlesim/include/turtlesim/turtlesim/srv/detail/spawn__rosidl_typesupport_fastrtps_cpp.hpp
[28.139s] -- Up-to-date: /home/muhuaguan/ros2_ws/install/turtlesim/include/turtlesim/turtlesim/srv/detail/teleport_absolute__rosidl_typesupport_fastrtps_cpp.hpp
[28.139s] -- Up-to-date: /home/muhuaguan/ros2_ws/install/turtlesim/include/turtlesim/turtlesim/msg
[28.139s] -- Up-to-date: /home/muhuaguan/ros2_ws/install/turtlesim/include/turtlesim/turtlesim/msg/detail
[28.139s] -- Up-to-date: /home/muhuaguan/ros2_ws/install/turtlesim/include/turtlesim/turtlesim/msg/detail/pose__rosidl_typesupport_fastrtps_cpp.hpp
[28.139s] -- Up-to-date: /home/muhuaguan/ros2_ws/install/turtlesim/include/turtlesim/turtlesim/msg/detail/color__rosidl_typesupport_fastrtps_cpp.hpp
[28.139s] -- Up-to-date: /home/muhuaguan/ros2_ws/install/turtlesim/include/turtlesim/turtlesim/msg/detail/dds_fastrtps
[28.139s] -- Up-to-date: /home/muhuaguan/ros2_ws/install/turtlesim/include/turtlesim/turtlesim/msg/rosidl_typesupport_fastrtps_cpp__visibility_control.h
[28.139s] -- Up-to-date: /home/muhuaguan/ros2_ws/install/turtlesim/lib/libturtlesim__rosidl_typesupport_fastrtps_cpp.so
[28.139s] -- Up-to-date: /home/muhuaguan/ros2_ws/install/turtlesim/include/turtlesim/turtlesim
[28.139s] -- Up-to-date: /home/muhuaguan/ros2_ws/install/turtlesim/include/turtlesim/turtlesim/action
[28.139s] -- Up-to-date: /home/muhuaguan/ros2_ws/install/turtlesim/include/turtlesim/turtlesim/action/detail
[28.140s] -- Up-to-date: /home/muhuaguan/ros2_ws/install/turtlesim/include/turtlesim/turtlesim/action/detail/rotate_absolute__type_support.c
[28.140s] -- Up-to-date: /home/muhuaguan/ros2_ws/install/turtlesim/include/turtlesim/turtlesim/action/detail/rotate_absolute__rosidl_typesupport_introspection_c.h
[28.140s] -- Up-to-date: /home/muhuaguan/ros2_ws/install/turtlesim/include/turtlesim/turtlesim/srv
[28.140s] -- Up-to-date: /home/muhuaguan/ros2_ws/install/turtlesim/include/turtlesim/turtlesim/srv/detail
[28.140s] -- Up-to-date: /home/muhuaguan/ros2_ws/install/turtlesim/include/turtlesim/turtlesim/srv/detail/teleport_relative__type_support.c
[28.140s] -- Up-to-date: /home/muhuaguan/ros2_ws/install/turtlesim/include/turtlesim/turtlesim/srv/detail/kill__type_support.c
[28.140s] -- Up-to-date: /home/muhuaguan/ros2_ws/install/turtlesim/include/turtlesim/turtlesim/srv/detail/spawn__type_support.c
[28.140s] -- Up-to-date: /home/muhuaguan/ros2_ws/install/turtlesim/include/turtlesim/turtlesim/srv/detail/teleport_relative__rosidl_typesupport_introspection_c.h
[28.140s] -- Up-to-date: /home/muhuaguan/ros2_ws/install/turtlesim/include/turtlesim/turtlesim/srv/detail/teleport_absolute__rosidl_typesupport_introspection_c.h
[28.140s] -- Up-to-date: /home/muhuaguan/ros2_ws/install/turtlesim/include/turtlesim/turtlesim/srv/detail/set_pen__rosidl_typesupport_introspection_c.h
[28.141s] -- Up-to-date: /home/muhuaguan/ros2_ws/install/turtlesim/include/turtlesim/turtlesim/srv/detail/teleport_absolute__type_support.c
[28.141s] -- Up-to-date: /home/muhuaguan/ros2_ws/install/turtlesim/include/turtlesim/turtlesim/srv/detail/kill__rosidl_typesupport_introspection_c.h
[28.141s] -- Up-to-date: /home/muhuaguan/ros2_ws/install/turtlesim/include/turtlesim/turtlesim/srv/detail/set_pen__type_support.c
[28.141s] -- Up-to-date: /home/muhuaguan/ros2_ws/install/turtlesim/include/turtlesim/turtlesim/srv/detail/spawn__rosidl_typesupport_introspection_c.h
[28.141s] -- Up-to-date: /home/muhuaguan/ros2_ws/install/turtlesim/include/turtlesim/turtlesim/msg
[28.141s] -- Up-to-date: /home/muhuaguan/ros2_ws/install/turtlesim/include/turtlesim/turtlesim/msg/detail
[28.141s] -- Up-to-date: /home/muhuaguan/ros2_ws/install/turtlesim/include/turtlesim/turtlesim/msg/detail/pose__type_support.c
[28.141s] -- Up-to-date: /home/muhuaguan/ros2_ws/install/turtlesim/include/turtlesim/turtlesim/msg/detail/pose__rosidl_typesupport_introspection_c.h
[28.141s] -- Up-to-date: /home/muhuaguan/ros2_ws/install/turtlesim/include/turtlesim/turtlesim/msg/detail/color__type_support.c
[28.141s] -- Up-to-date: /home/muhuaguan/ros2_ws/install/turtlesim/include/turtlesim/turtlesim/msg/detail/color__rosidl_typesupport_introspection_c.h
[28.142s] -- Up-to-date: /home/muhuaguan/ros2_ws/install/turtlesim/include/turtlesim/turtlesim/msg/rosidl_typesupport_introspection_c__visibility_control.h
[28.142s] -- Up-to-date: /home/muhuaguan/ros2_ws/install/turtlesim/lib/libturtlesim__rosidl_typesupport_introspection_c.so
[28.142s] -- Up-to-date: /home/muhuaguan/ros2_ws/install/turtlesim/lib/libturtlesim__rosidl_typesupport_c.so
[28.142s] -- Up-to-date: /home/muhuaguan/ros2_ws/install/turtlesim/include/turtlesim/turtlesim
[28.142s] -- Up-to-date: /home/muhuaguan/ros2_ws/install/turtlesim/include/turtlesim/turtlesim/action
[28.142s] -- Up-to-date: /home/muhuaguan/ros2_ws/install/turtlesim/include/turtlesim/turtlesim/action/detail
[28.142s] -- Up-to-date: /home/muhuaguan/ros2_ws/install/turtlesim/include/turtlesim/turtlesim/action/detail/rotate_absolute__type_support.cpp
[28.142s] -- Up-to-date: /home/muhuaguan/ros2_ws/install/turtlesim/include/turtlesim/turtlesim/action/detail/rotate_absolute__rosidl_typesupport_introspection_cpp.hpp
[28.142s] -- Up-to-date: /home/muhuaguan/ros2_ws/install/turtlesim/include/turtlesim/turtlesim/srv
[28.142s] -- Up-to-date: /home/muhuaguan/ros2_ws/install/turtlesim/include/turtlesim/turtlesim/srv/detail
[28.143s] -- Up-to-date: /home/muhuaguan/ros2_ws/install/turtlesim/include/turtlesim/turtlesim/srv/detail/spawn__type_support.cpp
[28.143s] -- Up-to-date: /home/muhuaguan/ros2_ws/install/turtlesim/include/turtlesim/turtlesim/srv/detail/kill__type_support.cpp
[28.143s] -- Up-to-date: /home/muhuaguan/ros2_ws/install/turtlesim/include/turtlesim/turtlesim/srv/detail/teleport_relative__type_support.cpp
[28.143s] -- Up-to-date: /home/muhuaguan/ros2_ws/install/turtlesim/include/turtlesim/turtlesim/srv/detail/teleport_relative__rosidl_typesupport_introspection_cpp.hpp
[28.143s] -- Up-to-date: /home/muhuaguan/ros2_ws/install/turtlesim/include/turtlesim/turtlesim/srv/detail/set_pen__rosidl_typesupport_introspection_cpp.hpp
[28.143s] -- Up-to-date: /home/muhuaguan/ros2_ws/install/turtlesim/include/turtlesim/turtlesim/srv/detail/teleport_absolute__type_support.cpp
[28.143s] -- Up-to-date: /home/muhuaguan/ros2_ws/install/turtlesim/include/turtlesim/turtlesim/srv/detail/teleport_absolute__rosidl_typesupport_introspection_cpp.hpp
[28.143s] -- Up-to-date: /home/muhuaguan/ros2_ws/install/turtlesim/include/turtlesim/turtlesim/srv/detail/spawn__rosidl_typesupport_introspection_cpp.hpp
[28.143s] -- Up-to-date: /home/muhuaguan/ros2_ws/install/turtlesim/include/turtlesim/turtlesim/srv/detail/set_pen__type_support.cpp
[28.143s] -- Up-to-date: /home/muhuaguan/ros2_ws/install/turtlesim/include/turtlesim/turtlesim/srv/detail/kill__rosidl_typesupport_introspection_cpp.hpp
[28.143s] -- Up-to-date: /home/muhuaguan/ros2_ws/install/turtlesim/include/turtlesim/turtlesim/msg
[28.144s] -- Up-to-date: /home/muhuaguan/ros2_ws/install/turtlesim/include/turtlesim/turtlesim/msg/detail
[28.144s] -- Up-to-date: /home/muhuaguan/ros2_ws/install/turtlesim/include/turtlesim/turtlesim/msg/detail/pose__type_support.cpp
[28.144s] -- Up-to-date: /home/muhuaguan/ros2_ws/install/turtlesim/include/turtlesim/turtlesim/msg/detail/color__type_support.cpp
[28.144s] -- Up-to-date: /home/muhuaguan/ros2_ws/install/turtlesim/include/turtlesim/turtlesim/msg/detail/color__rosidl_typesupport_introspection_cpp.hpp
[28.144s] -- Up-to-date: /home/muhuaguan/ros2_ws/install/turtlesim/include/turtlesim/turtlesim/msg/detail/pose__rosidl_typesupport_introspection_cpp.hpp
[28.144s] -- Up-to-date: /home/muhuaguan/ros2_ws/install/turtlesim/lib/libturtlesim__rosidl_typesupport_introspection_cpp.so
[28.144s] -- Up-to-date: /home/muhuaguan/ros2_ws/install/turtlesim/lib/libturtlesim__rosidl_typesupport_cpp.so
[28.144s] -- Up-to-date: /home/muhuaguan/ros2_ws/install/turtlesim/share/turtlesim/environment/pythonpath.sh
[28.144s] -- Up-to-date: /home/muhuaguan/ros2_ws/install/turtlesim/share/turtlesim/environment/pythonpath.dsv
[28.144s] -- Up-to-date: /home/muhuaguan/ros2_ws/install/turtlesim/local/lib/python3.10/dist-packages/turtlesim-1.4.2-py3.10.egg-info
[28.145s] -- Installing: /home/muhuaguan/ros2_ws/install/turtlesim/local/lib/python3.10/dist-packages/turtlesim-1.4.2-py3.10.egg-info/dependency_links.txt
[28.145s] -- Installing: /home/muhuaguan/ros2_ws/install/turtlesim/local/lib/python3.10/dist-packages/turtlesim-1.4.2-py3.10.egg-info/top_level.txt
[28.145s] -- Installing: /home/muhuaguan/ros2_ws/install/turtlesim/local/lib/python3.10/dist-packages/turtlesim-1.4.2-py3.10.egg-info/PKG-INFO
[28.145s] -- Installing: /home/muhuaguan/ros2_ws/install/turtlesim/local/lib/python3.10/dist-packages/turtlesim-1.4.2-py3.10.egg-info/SOURCES.txt
[28.145s] -- Up-to-date: /home/muhuaguan/ros2_ws/install/turtlesim/local/lib/python3.10/dist-packages/turtlesim
[28.145s] -- Up-to-date: /home/muhuaguan/ros2_ws/install/turtlesim/local/lib/python3.10/dist-packages/turtlesim/turtlesim_s__rosidl_typesupport_fastrtps_c.cpython-310-x86_64-linux-gnu.so
[28.145s] -- Up-to-date: /home/muhuaguan/ros2_ws/install/turtlesim/local/lib/python3.10/dist-packages/turtlesim/__init__.py
[28.145s] -- Up-to-date: /home/muhuaguan/ros2_ws/install/turtlesim/local/lib/python3.10/dist-packages/turtlesim/_turtlesim_s.ep.rosidl_typesupport_fastrtps_c.c
[28.145s] -- Up-to-date: /home/muhuaguan/ros2_ws/install/turtlesim/local/lib/python3.10/dist-packages/turtlesim/action
[28.146s] -- Up-to-date: /home/muhuaguan/ros2_ws/install/turtlesim/local/lib/python3.10/dist-packages/turtlesim/action/_rotate_absolute_s.c
[28.146s] -- Up-to-date: /home/muhuaguan/ros2_ws/install/turtlesim/local/lib/python3.10/dist-packages/turtlesim/action/__init__.py
[28.146s] -- Up-to-date: /home/muhuaguan/ros2_ws/install/turtlesim/local/lib/python3.10/dist-packages/turtlesim/action/_rotate_absolute.py
[28.146s] -- Up-to-date: /home/muhuaguan/ros2_ws/install/turtlesim/local/lib/python3.10/dist-packages/turtlesim/srv
[28.146s] -- Up-to-date: /home/muhuaguan/ros2_ws/install/turtlesim/local/lib/python3.10/dist-packages/turtlesim/srv/_kill_s.c
[28.146s] -- Up-to-date: /home/muhuaguan/ros2_ws/install/turtlesim/local/lib/python3.10/dist-packages/turtlesim/srv/_spawn_s.c
[28.146s] -- Up-to-date: /home/muhuaguan/ros2_ws/install/turtlesim/local/lib/python3.10/dist-packages/turtlesim/srv/_teleport_relative.py
[28.146s] -- Up-to-date: /home/muhuaguan/ros2_ws/install/turtlesim/local/lib/python3.10/dist-packages/turtlesim/srv/__init__.py
[28.146s] -- Up-to-date: /home/muhuaguan/ros2_ws/install/turtlesim/local/lib/python3.10/dist-packages/turtlesim/srv/_teleport_relative_s.c
[28.146s] -- Up-to-date: /home/muhuaguan/ros2_ws/install/turtlesim/local/lib/python3.10/dist-packages/turtlesim/srv/_set_pen.py
[28.146s] -- Up-to-date: /home/muhuaguan/ros2_ws/install/turtlesim/local/lib/python3.10/dist-packages/turtlesim/srv/_kill.py
[28.147s] -- Up-to-date: /home/muhuaguan/ros2_ws/install/turtlesim/local/lib/python3.10/dist-packages/turtlesim/srv/_spawn.py
[28.147s] -- Up-to-date: /home/muhuaguan/ros2_ws/install/turtlesim/local/lib/python3.10/dist-packages/turtlesim/srv/_set_pen_s.c
[28.147s] -- Up-to-date: /home/muhuaguan/ros2_ws/install/turtlesim/local/lib/python3.10/dist-packages/turtlesim/srv/_teleport_absolute_s.c
[28.147s] -- Up-to-date: /home/muhuaguan/ros2_ws/install/turtlesim/local/lib/python3.10/dist-packages/turtlesim/srv/_teleport_absolute.py
[28.147s] -- Up-to-date: /home/muhuaguan/ros2_ws/install/turtlesim/local/lib/python3.10/dist-packages/turtlesim/turtlesim_s__rosidl_typesupport_c.cpython-310-x86_64-linux-gnu.so
[28.147s] -- Up-to-date: /home/muhuaguan/ros2_ws/install/turtlesim/local/lib/python3.10/dist-packages/turtlesim/libturtlesim__rosidl_generator_py.so
[28.147s] -- Up-to-date: /home/muhuaguan/ros2_ws/install/turtlesim/local/lib/python3.10/dist-packages/turtlesim/turtlesim_s__rosidl_typesupport_introspection_c.cpython-310-x86_64-linux-gnu.so
[28.147s] -- Up-to-date: /home/muhuaguan/ros2_ws/install/turtlesim/local/lib/python3.10/dist-packages/turtlesim/msg
[28.147s] -- Up-to-date: /home/muhuaguan/ros2_ws/install/turtlesim/local/lib/python3.10/dist-packages/turtlesim/msg/_color.py
[28.147s] -- Up-to-date: /home/muhuaguan/ros2_ws/install/turtlesim/local/lib/python3.10/dist-packages/turtlesim/msg/__init__.py
[28.148s] -- Up-to-date: /home/muhuaguan/ros2_ws/install/turtlesim/local/lib/python3.10/dist-packages/turtlesim/msg/_color_s.c
[28.148s] -- Up-to-date: /home/muhuaguan/ros2_ws/install/turtlesim/local/lib/python3.10/dist-packages/turtlesim/msg/_pose_s.c
[28.148s] -- Up-to-date: /home/muhuaguan/ros2_ws/install/turtlesim/local/lib/python3.10/dist-packages/turtlesim/msg/_pose.py
[28.148s] -- Up-to-date: /home/muhuaguan/ros2_ws/install/turtlesim/local/lib/python3.10/dist-packages/turtlesim/_turtlesim_s.ep.rosidl_typesupport_c.c
[28.148s] -- Up-to-date: /home/muhuaguan/ros2_ws/install/turtlesim/local/lib/python3.10/dist-packages/turtlesim/_turtlesim_s.ep.rosidl_typesupport_introspection_c.c
[28.177s] Listing '/home/muhuaguan/ros2_ws/install/turtlesim/local/lib/python3.10/dist-packages/turtlesim'...
[28.177s] Listing '/home/muhuaguan/ros2_ws/install/turtlesim/local/lib/python3.10/dist-packages/turtlesim/action'...
[28.177s] Listing '/home/muhuaguan/ros2_ws/install/turtlesim/local/lib/python3.10/dist-packages/turtlesim/msg'...
[28.177s] Listing '/home/muhuaguan/ros2_ws/install/turtlesim/local/lib/python3.10/dist-packages/turtlesim/srv'...
[28.182s] -- Up-to-date: /home/muhuaguan/ros2_ws/install/turtlesim/local/lib/python3.10/dist-packages/turtlesim/turtlesim_s__rosidl_typesupport_fastrtps_c.cpython-310-x86_64-linux-gnu.so
[28.182s] -- Up-to-date: /home/muhuaguan/ros2_ws/install/turtlesim/local/lib/python3.10/dist-packages/turtlesim/turtlesim_s__rosidl_typesupport_introspection_c.cpython-310-x86_64-linux-gnu.so
[28.183s] -- Up-to-date: /home/muhuaguan/ros2_ws/install/turtlesim/local/lib/python3.10/dist-packages/turtlesim/turtlesim_s__rosidl_typesupport_c.cpython-310-x86_64-linux-gnu.so
[28.183s] -- Up-to-date: /home/muhuaguan/ros2_ws/install/turtlesim/lib/libturtlesim__rosidl_generator_py.so
[28.184s] -- Up-to-date: /home/muhuaguan/ros2_ws/install/turtlesim/share/turtlesim/action/RotateAbsolute.idl
[28.184s] -- Up-to-date: /home/muhuaguan/ros2_ws/install/turtlesim/share/turtlesim/msg/Color.idl
[28.184s] -- Up-to-date: /home/muhuaguan/ros2_ws/install/turtlesim/share/turtlesim/msg/Pose.idl
[28.184s] -- Up-to-date: /home/muhuaguan/ros2_ws/install/turtlesim/share/turtlesim/srv/Kill.idl
[28.184s] -- Up-to-date: /home/muhuaguan/ros2_ws/install/turtlesim/share/turtlesim/srv/SetPen.idl
[28.185s] -- Up-to-date: /home/muhuaguan/ros2_ws/install/turtlesim/share/turtlesim/srv/Spawn.idl
[28.185s] -- Up-to-date: /home/muhuaguan/ros2_ws/install/turtlesim/share/turtlesim/srv/TeleportAbsolute.idl
[28.185s] -- Up-to-date: /home/muhuaguan/ros2_ws/install/turtlesim/share/turtlesim/srv/TeleportRelative.idl
[28.185s] -- Up-to-date: /home/muhuaguan/ros2_ws/install/turtlesim/share/turtlesim/action/RotateAbsolute.action
[28.185s] -- Up-to-date: /home/muhuaguan/ros2_ws/install/turtlesim/share/turtlesim/msg/Color.msg
[28.185s] -- Up-to-date: /home/muhuaguan/ros2_ws/install/turtlesim/share/turtlesim/msg/Pose.msg
[28.185s] -- Up-to-date: /home/muhuaguan/ros2_ws/install/turtlesim/share/turtlesim/srv/Kill.srv
[28.185s] -- Up-to-date: /home/muhuaguan/ros2_ws/install/turtlesim/share/turtlesim/srv/Kill_Request.msg
[28.186s] -- Up-to-date: /home/muhuaguan/ros2_ws/install/turtlesim/share/turtlesim/srv/Kill_Response.msg
[28.186s] -- Up-to-date: /home/muhuaguan/ros2_ws/install/turtlesim/share/turtlesim/srv/SetPen.srv
[28.186s] -- Up-to-date: /home/muhuaguan/ros2_ws/install/turtlesim/share/turtlesim/srv/SetPen_Request.msg
[28.186s] -- Up-to-date: /home/muhuaguan/ros2_ws/install/turtlesim/share/turtlesim/srv/SetPen_Response.msg
[28.186s] -- Up-to-date: /home/muhuaguan/ros2_ws/install/turtlesim/share/turtlesim/srv/Spawn.srv
[28.186s] -- Up-to-date: /home/muhuaguan/ros2_ws/install/turtlesim/share/turtlesim/srv/Spawn_Request.msg
[28.186s] -- Up-to-date: /home/muhuaguan/ros2_ws/install/turtlesim/share/turtlesim/srv/Spawn_Response.msg
[28.186s] -- Up-to-date: /home/muhuaguan/ros2_ws/install/turtlesim/share/turtlesim/srv/TeleportAbsolute.srv
[28.186s] -- Up-to-date: /home/muhuaguan/ros2_ws/install/turtlesim/share/turtlesim/srv/TeleportAbsolute_Request.msg
[28.186s] -- Up-to-date: /home/muhuaguan/ros2_ws/install/turtlesim/share/turtlesim/srv/TeleportAbsolute_Response.msg
[28.187s] -- Up-to-date: /home/muhuaguan/ros2_ws/install/turtlesim/share/turtlesim/srv/TeleportRelative.srv
[28.187s] -- Up-to-date: /home/muhuaguan/ros2_ws/install/turtlesim/share/turtlesim/srv/TeleportRelative_Request.msg
[28.187s] -- Up-to-date: /home/muhuaguan/ros2_ws/install/turtlesim/share/turtlesim/srv/TeleportRelative_Response.msg
[28.187s] -- Installing: /home/muhuaguan/ros2_ws/install/turtlesim/lib/turtlesim/turtlesim_node
[28.343s] -- Set runtime path of "/home/muhuaguan/ros2_ws/install/turtlesim/lib/turtlesim/turtlesim_node" to ""
[28.343s] -- Up-to-date: /home/muhuaguan/ros2_ws/install/turtlesim/lib/turtlesim/turtle_teleop_key
[28.344s] -- Up-to-date: /home/muhuaguan/ros2_ws/install/turtlesim/lib/turtlesim/draw_square
[28.344s] -- Up-to-date: /home/muhuaguan/ros2_ws/install/turtlesim/lib/turtlesim/mimic
[28.344s] -- Up-to-date: /home/muhuaguan/ros2_ws/install/turtlesim/share/turtlesim/images
[28.345s] -- Up-to-date: /home/muhuaguan/ros2_ws/install/turtlesim/share/turtlesim/images/galactic.png
[28.345s] -- Up-to-date: /home/muhuaguan/ros2_ws/install/turtlesim/share/turtlesim/images/bouncy.png
[28.345s] -- Up-to-date: /home/muhuaguan/ros2_ws/install/turtlesim/share/turtlesim/images/dashing.png
[28.345s] -- Up-to-date: /home/muhuaguan/ros2_ws/install/turtlesim/share/turtlesim/images/rolling.png
[28.345s] -- Up-to-date: /home/muhuaguan/ros2_ws/install/turtlesim/share/turtlesim/images/eloquent.png
[28.345s] -- Up-to-date: /home/muhuaguan/ros2_ws/install/turtlesim/share/turtlesim/images/crystal.png
[28.345s] -- Up-to-date: /home/muhuaguan/ros2_ws/install/turtlesim/share/turtlesim/images/foxy.png
[28.346s] -- Up-to-date: /home/muhuaguan/ros2_ws/install/turtlesim/share/turtlesim/images/ardent.png
[28.346s] -- Up-to-date: /home/muhuaguan/ros2_ws/install/turtlesim/share/turtlesim/images/humble.png
[28.346s] -- Up-to-date: /home/muhuaguan/ros2_ws/install/turtlesim/share/turtlesim/launch
[28.346s] -- Up-to-date: /home/muhuaguan/ros2_ws/install/turtlesim/share/turtlesim/launch/multisim.launch.py
[28.346s] -- Up-to-date: /home/muhuaguan/ros2_ws/install/turtlesim/share/ament_index/resource_index/package_run_dependencies/turtlesim
[28.346s] -- Up-to-date: /home/muhuaguan/ros2_ws/install/turtlesim/share/ament_index/resource_index/parent_prefix_path/turtlesim
[28.346s] -- Up-to-date: /home/muhuaguan/ros2_ws/install/turtlesim/share/turtlesim/environment/ament_prefix_path.sh
[28.346s] -- Up-to-date: /home/muhuaguan/ros2_ws/install/turtlesim/share/turtlesim/environment/ament_prefix_path.dsv
[28.346s] -- Up-to-date: /home/muhuaguan/ros2_ws/install/turtlesim/share/turtlesim/environment/path.sh
[28.347s] -- Up-to-date: /home/muhuaguan/ros2_ws/install/turtlesim/share/turtlesim/environment/path.dsv
[28.347s] -- Up-to-date: /home/muhuaguan/ros2_ws/install/turtlesim/share/turtlesim/local_setup.bash
[28.347s] -- Up-to-date: /home/muhuaguan/ros2_ws/install/turtlesim/share/turtlesim/local_setup.sh
[28.347s] -- Up-to-date: /home/muhuaguan/ros2_ws/install/turtlesim/share/turtlesim/local_setup.zsh
[28.347s] -- Up-to-date: /home/muhuaguan/ros2_ws/install/turtlesim/share/turtlesim/local_setup.dsv
[28.347s] -- Installing: /home/muhuaguan/ros2_ws/install/turtlesim/share/turtlesim/package.dsv
[28.347s] -- Up-to-date: /home/muhuaguan/ros2_ws/install/turtlesim/share/ament_index/resource_index/packages/turtlesim
[28.347s] -- Up-to-date: /home/muhuaguan/ros2_ws/install/turtlesim/share/turtlesim/cmake/export_turtlesim__rosidl_generator_cExport.cmake
[28.347s] -- Up-to-date: /home/muhuaguan/ros2_ws/install/turtlesim/share/turtlesim/cmake/export_turtlesim__rosidl_generator_cExport-noconfig.cmake
[28.348s] -- Up-to-date: /home/muhuaguan/ros2_ws/install/turtlesim/share/turtlesim/cmake/export_turtlesim__rosidl_typesupport_fastrtps_cExport.cmake
[28.348s] -- Up-to-date: /home/muhuaguan/ros2_ws/install/turtlesim/share/turtlesim/cmake/export_turtlesim__rosidl_typesupport_fastrtps_cExport-noconfig.cmake
[28.348s] -- Up-to-date: /home/muhuaguan/ros2_ws/install/turtlesim/share/turtlesim/cmake/export_turtlesim__rosidl_generator_cppExport.cmake
[28.348s] -- Up-to-date: /home/muhuaguan/ros2_ws/install/turtlesim/share/turtlesim/cmake/export_turtlesim__rosidl_typesupport_fastrtps_cppExport.cmake
[28.348s] -- Up-to-date: /home/muhuaguan/ros2_ws/install/turtlesim/share/turtlesim/cmake/export_turtlesim__rosidl_typesupport_fastrtps_cppExport-noconfig.cmake
[28.348s] -- Up-to-date: /home/muhuaguan/ros2_ws/install/turtlesim/share/turtlesim/cmake/turtlesim__rosidl_typesupport_introspection_cExport.cmake
[28.348s] -- Up-to-date: /home/muhuaguan/ros2_ws/install/turtlesim/share/turtlesim/cmake/turtlesim__rosidl_typesupport_introspection_cExport-noconfig.cmake
[28.349s] -- Up-to-date: /home/muhuaguan/ros2_ws/install/turtlesim/share/turtlesim/cmake/turtlesim__rosidl_typesupport_cExport.cmake
[28.349s] -- Up-to-date: /home/muhuaguan/ros2_ws/install/turtlesim/share/turtlesim/cmake/turtlesim__rosidl_typesupport_cExport-noconfig.cmake
[28.349s] -- Up-to-date: /home/muhuaguan/ros2_ws/install/turtlesim/share/turtlesim/cmake/turtlesim__rosidl_typesupport_introspection_cppExport.cmake
[28.349s] -- Up-to-date: /home/muhuaguan/ros2_ws/install/turtlesim/share/turtlesim/cmake/turtlesim__rosidl_typesupport_introspection_cppExport-noconfig.cmake
[28.349s] -- Up-to-date: /home/muhuaguan/ros2_ws/install/turtlesim/share/turtlesim/cmake/turtlesim__rosidl_typesupport_cppExport.cmake
[28.349s] -- Up-to-date: /home/muhuaguan/ros2_ws/install/turtlesim/share/turtlesim/cmake/turtlesim__rosidl_typesupport_cppExport-noconfig.cmake
[28.349s] -- Up-to-date: /home/muhuaguan/ros2_ws/install/turtlesim/share/turtlesim/cmake/export_turtlesim__rosidl_generator_pyExport.cmake
[28.349s] -- Up-to-date: /home/muhuaguan/ros2_ws/install/turtlesim/share/turtlesim/cmake/export_turtlesim__rosidl_generator_pyExport-noconfig.cmake
[28.349s] -- Up-to-date: /home/muhuaguan/ros2_ws/install/turtlesim/share/turtlesim/cmake/rosidl_cmake-extras.cmake
[28.349s] -- Up-to-date: /home/muhuaguan/ros2_ws/install/turtlesim/share/turtlesim/cmake/ament_cmake_export_dependencies-extras.cmake
[28.350s] -- Up-to-date: /home/muhuaguan/ros2_ws/install/turtlesim/share/turtlesim/cmake/ament_cmake_export_include_directories-extras.cmake
[28.350s] -- Up-to-date: /home/muhuaguan/ros2_ws/install/turtlesim/share/turtlesim/cmake/ament_cmake_export_libraries-extras.cmake
[28.350s] -- Up-to-date: /home/muhuaguan/ros2_ws/install/turtlesim/share/turtlesim/cmake/ament_cmake_export_targets-extras.cmake
[28.350s] -- Up-to-date: /home/muhuaguan/ros2_ws/install/turtlesim/share/turtlesim/cmake/rosidl_cmake_export_typesupport_targets-extras.cmake
[28.350s] -- Up-to-date: /home/muhuaguan/ros2_ws/install/turtlesim/share/turtlesim/cmake/rosidl_cmake_export_typesupport_libraries-extras.cmake
[28.350s] -- Up-to-date: /home/muhuaguan/ros2_ws/install/turtlesim/share/turtlesim/cmake/turtlesimConfig.cmake
[28.350s] -- Up-to-date: /home/muhuaguan/ros2_ws/install/turtlesim/share/turtlesim/cmake/turtlesimConfig-version.cmake
[28.350s] -- Up-to-date: /home/muhuaguan/ros2_ws/install/turtlesim/share/turtlesim/package.xml
[28.355s] Invoked command in '/home/muhuaguan/ros2_ws/build/turtlesim' returned '0': CMAKE_PREFIX_PATH=/opt/ros/humble /usr/bin/cmake --install /home/muhuaguan/ros2_ws/build/turtlesim
