[0.122s] Invoking command in '/home/muhuaguan/ros2_ws/build/examples_rclcpp_wait_set': CMAKE_PREFIX_PATH=/opt/ros/humble /usr/bin/cmake --build /home/muhuaguan/ros2_ws/build/examples_rclcpp_wait_set -- -j12 -l12
[0.259s] [  8%] Built target talker
[0.306s] [ 16%] Built target wait_set_listener
[0.307s] [ 25%] Built target listener
[0.324s] [ 33%] Built target static_wait_set
[0.329s] [ 41%] Built target wait_set_topics_and_timer
[0.333s] [ 50%] Built target wait_set_talker
[0.334s] [ 58%] Built target thread_safe_wait_set
[0.335s] [ 66%] Built target wait_set_random_order
[0.336s] [ 75%] Built target wait_set
[0.347s] [ 83%] Built target executor_random_order
[0.374s] [ 91%] Built target wait_set_topics_with_different_rates
[0.374s] [100%] Built target wait_set_composed
[0.445s] Invoked command in '/home/muhuaguan/ros2_ws/build/examples_rclcpp_wait_set' returned '0': CMAKE_PREFIX_PATH=/opt/ros/humble /usr/bin/cmake --build /home/muhuaguan/ros2_ws/build/examples_rclcpp_wait_set -- -j12 -l12
[0.941s] Invoking command in '/home/muhuaguan/ros2_ws/build/examples_rclcpp_wait_set': CMAKE_PREFIX_PATH=/opt/ros/humble /usr/bin/cmake --install /home/muhuaguan/ros2_ws/build/examples_rclcpp_wait_set
[1.269s] -- Install configuration: ""
[1.270s] -- Execute custom install script
[1.270s] -- Up-to-date symlink: /home/muhuaguan/ros2_ws/install/examples_rclcpp_wait_set/lib/examples_rclcpp_wait_set/wait_set_talker
[1.270s] -- Up-to-date symlink: /home/muhuaguan/ros2_ws/install/examples_rclcpp_wait_set/lib/examples_rclcpp_wait_set/wait_set_listener
[1.270s] -- Up-to-date symlink: /home/muhuaguan/ros2_ws/install/examples_rclcpp_wait_set/lib/libtalker.so
[1.270s] -- Up-to-date symlink: /home/muhuaguan/ros2_ws/install/examples_rclcpp_wait_set/lib/liblistener.so
[1.270s] -- Up-to-date symlink: /home/muhuaguan/ros2_ws/install/examples_rclcpp_wait_set/lib/examples_rclcpp_wait_set/wait_set
[1.272s] -- Up-to-date symlink: /home/muhuaguan/ros2_ws/install/examples_rclcpp_wait_set/lib/examples_rclcpp_wait_set/static_wait_set
[1.272s] -- Up-to-date symlink: /home/muhuaguan/ros2_ws/install/examples_rclcpp_wait_set/lib/examples_rclcpp_wait_set/thread_safe_wait_set
[1.272s] -- Up-to-date symlink: /home/muhuaguan/ros2_ws/install/examples_rclcpp_wait_set/lib/examples_rclcpp_wait_set/wait_set_topics_and_timer
[1.272s] -- Up-to-date symlink: /home/muhuaguan/ros2_ws/install/examples_rclcpp_wait_set/lib/examples_rclcpp_wait_set/wait_set_random_order
[1.273s] -- Up-to-date symlink: /home/muhuaguan/ros2_ws/install/examples_rclcpp_wait_set/lib/examples_rclcpp_wait_set/executor_random_order
[1.273s] -- Up-to-date symlink: /home/muhuaguan/ros2_ws/install/examples_rclcpp_wait_set/lib/examples_rclcpp_wait_set/wait_set_topics_with_different_rates
[1.273s] -- Up-to-date symlink: /home/muhuaguan/ros2_ws/install/examples_rclcpp_wait_set/lib/examples_rclcpp_wait_set/wait_set_composed
[1.273s] -- Up-to-date symlink: /home/muhuaguan/ros2_ws/install/examples_rclcpp_wait_set/share/ament_index/resource_index/package_run_dependencies/examples_rclcpp_wait_set
[1.273s] -- Up-to-date symlink: /home/muhuaguan/ros2_ws/install/examples_rclcpp_wait_set/share/ament_index/resource_index/parent_prefix_path/examples_rclcpp_wait_set
[1.273s] -- Up-to-date symlink: /home/muhuaguan/ros2_ws/install/examples_rclcpp_wait_set/share/examples_rclcpp_wait_set/environment/ament_prefix_path.sh
[1.273s] -- Up-to-date symlink: /home/muhuaguan/ros2_ws/install/examples_rclcpp_wait_set/share/examples_rclcpp_wait_set/environment/ament_prefix_path.dsv
[1.274s] -- Up-to-date symlink: /home/muhuaguan/ros2_ws/install/examples_rclcpp_wait_set/share/examples_rclcpp_wait_set/environment/path.sh
[1.274s] -- Up-to-date symlink: /home/muhuaguan/ros2_ws/install/examples_rclcpp_wait_set/share/examples_rclcpp_wait_set/environment/path.dsv
[1.274s] -- Up-to-date symlink: /home/muhuaguan/ros2_ws/install/examples_rclcpp_wait_set/share/examples_rclcpp_wait_set/local_setup.bash
[1.275s] -- Up-to-date symlink: /home/muhuaguan/ros2_ws/install/examples_rclcpp_wait_set/share/examples_rclcpp_wait_set/local_setup.sh
[1.276s] -- Up-to-date symlink: /home/muhuaguan/ros2_ws/install/examples_rclcpp_wait_set/share/examples_rclcpp_wait_set/local_setup.zsh
[1.276s] -- Up-to-date symlink: /home/muhuaguan/ros2_ws/install/examples_rclcpp_wait_set/share/examples_rclcpp_wait_set/local_setup.dsv
[1.276s] -- Symlinking: /home/muhuaguan/ros2_ws/install/examples_rclcpp_wait_set/share/examples_rclcpp_wait_set/package.dsv
[1.276s] -- Up-to-date symlink: /home/muhuaguan/ros2_ws/install/examples_rclcpp_wait_set/share/ament_index/resource_index/packages/examples_rclcpp_wait_set
[1.277s] -- Up-to-date symlink: /home/muhuaguan/ros2_ws/install/examples_rclcpp_wait_set/share/ament_index/resource_index/rclcpp_components/examples_rclcpp_wait_set
[1.277s] -- Up-to-date symlink: /home/muhuaguan/ros2_ws/install/examples_rclcpp_wait_set/share/examples_rclcpp_wait_set/cmake/examples_rclcpp_wait_setConfig.cmake
[1.277s] -- Up-to-date symlink: /home/muhuaguan/ros2_ws/install/examples_rclcpp_wait_set/share/examples_rclcpp_wait_set/cmake/examples_rclcpp_wait_setConfig-version.cmake
[1.277s] -- Up-to-date symlink: /home/muhuaguan/ros2_ws/install/examples_rclcpp_wait_set/share/examples_rclcpp_wait_set/package.xml
[1.887s] Invoked command in '/home/muhuaguan/ros2_ws/build/examples_rclcpp_wait_set' returned '0': CMAKE_PREFIX_PATH=/opt/ros/humble /usr/bin/cmake --install /home/muhuaguan/ros2_ws/build/examples_rclcpp_wait_set
