[0.052s] Invoking command in '/home/muhuaguan/ros2_ws/build/examples_rclcpp_multithreaded_executor': CMAKE_PREFIX_PATH=/opt/ros/humble /usr/bin/cmake /home/muhuaguan/ros2_ws/src/examples/rclcpp/executors/multithreaded_executor -DAMENT_CMAKE_SYMLINK_INSTALL=1 -DCMAKE_INSTALL_PREFIX=/home/muhuaguan/ros2_ws/install/examples_rclcpp_multithreaded_executor
[2.709s] -- The C compiler identification is GNU 11.4.0
[2.709s] -- The CXX compiler identification is GNU 11.4.0
[2.709s] -- Detecting C compiler ABI info
[2.709s] -- Detecting C compiler ABI info - done
[2.709s] -- Check for working C compiler: /usr/bin/cc - skipped
[2.710s] -- Detecting C compile features
[2.710s] -- Detecting C compile features - done
[2.710s] -- Detecting CXX compiler ABI info
[2.710s] -- Detecting CXX compiler ABI info - done
[2.710s] -- Check for working CXX compiler: /usr/bin/c++ - skipped
[2.710s] -- Detecting CXX compile features
[2.710s] -- Detecting CXX compile features - done
[2.710s] -- Found ament_cmake: 1.3.5 (/opt/ros/humble/share/ament_cmake/cmake)
[2.710s] -- Found Python3: /usr/bin/python3.10 (found version "3.10.12") found components: Interpreter 
[2.711s] -- Override CMake install command with custom implementation using symlinks instead of copying resources
[2.711s] -- Found rclcpp: 16.0.4 (/opt/ros/humble/share/rclcpp/cmake)
[2.711s] -- Found rosidl_generator_c: 3.1.4 (/opt/ros/humble/share/rosidl_generator_c/cmake)
[2.711s] -- Found rosidl_adapter: 3.1.4 (/opt/ros/humble/share/rosidl_adapter/cmake)
[2.711s] -- Found rosidl_generator_cpp: 3.1.4 (/opt/ros/humble/share/rosidl_generator_cpp/cmake)
[2.711s] -- Using all available rosidl_typesupport_c: rosidl_typesupport_fastrtps_c;rosidl_typesupport_introspection_c
[2.711s] -- Using all available rosidl_typesupport_cpp: rosidl_typesupport_fastrtps_cpp;rosidl_typesupport_introspection_cpp
[2.711s] -- Found rmw_implementation_cmake: 6.1.1 (/opt/ros/humble/share/rmw_implementation_cmake/cmake)
[2.712s] -- Found rmw_cyclonedds_cpp: 1.3.4 (/opt/ros/humble/share/rmw_cyclonedds_cpp/cmake)
[2.712s] -- Using RMW implementation 'rmw_cyclonedds_cpp' as default
[2.712s] -- Looking for pthread.h
[2.712s] -- Looking for pthread.h - found
[2.712s] -- Performing Test CMAKE_HAVE_LIBC_PTHREAD
[2.712s] -- Performing Test CMAKE_HAVE_LIBC_PTHREAD - Success
[2.712s] -- Found Threads: TRUE  
[2.712s] -- Found ament_lint_auto: 0.12.6 (/opt/ros/humble/share/ament_lint_auto/cmake)
[2.712s] -- Added test 'copyright' to check source files copyright and LICENSE
[2.713s] -- Added test 'cppcheck' to perform static code analysis on C / C++ code
[2.713s] -- Configured cppcheck include dirs: 
[2.713s] -- Configured cppcheck exclude dirs and/or files: 
[2.713s] -- Added test 'cpplint' to check C / C++ code against the Google style
[2.713s] -- Configured cpplint exclude dirs and/or files: 
[2.713s] -- Added test 'lint_cmake' to check CMake code style
[2.713s] -- Added test 'uncrustify' to check C / C++ code style
[2.713s] -- Configured uncrustify additional arguments: 
[2.714s] -- Added test 'xmllint' to check XML markup files
[2.714s] -- Configuring done
[2.714s] -- Generating done
[2.714s] -- Build files have been written to: /home/muhuaguan/ros2_ws/build/examples_rclcpp_multithreaded_executor
[2.752s] Invoked command in '/home/muhuaguan/ros2_ws/build/examples_rclcpp_multithreaded_executor' returned '0': CMAKE_PREFIX_PATH=/opt/ros/humble /usr/bin/cmake /home/muhuaguan/ros2_ws/src/examples/rclcpp/executors/multithreaded_executor -DAMENT_CMAKE_SYMLINK_INSTALL=1 -DCMAKE_INSTALL_PREFIX=/home/muhuaguan/ros2_ws/install/examples_rclcpp_multithreaded_executor
[2.753s] Invoking command in '/home/muhuaguan/ros2_ws/build/examples_rclcpp_multithreaded_executor': CMAKE_PREFIX_PATH=/opt/ros/humble /usr/bin/cmake --build /home/muhuaguan/ros2_ws/build/examples_rclcpp_multithreaded_executor -- -j12 -l12
[3.093s] [ 50%] [32mBuilding CXX object CMakeFiles/multithreaded_executor.dir/multithreaded_executor.cpp.o[0m
[157.224s] [100%] [32m[1mLinking CXX executable multithreaded_executor[0m
[161.453s] [100%] Built target multithreaded_executor
[161.620s] Invoked command in '/home/muhuaguan/ros2_ws/build/examples_rclcpp_multithreaded_executor' returned '0': CMAKE_PREFIX_PATH=/opt/ros/humble /usr/bin/cmake --build /home/muhuaguan/ros2_ws/build/examples_rclcpp_multithreaded_executor -- -j12 -l12
[162.300s] Invoking command in '/home/muhuaguan/ros2_ws/build/examples_rclcpp_multithreaded_executor': CMAKE_PREFIX_PATH=/opt/ros/humble /usr/bin/cmake --install /home/muhuaguan/ros2_ws/build/examples_rclcpp_multithreaded_executor
[162.378s] -- Install configuration: ""
[162.381s] -- Execute custom install script
[162.384s] -- Symlinking: /home/muhuaguan/ros2_ws/install/examples_rclcpp_multithreaded_executor/lib/examples_rclcpp_multithreaded_executor/multithreaded_executor
[162.505s] -- Symlinking: /home/muhuaguan/ros2_ws/install/examples_rclcpp_multithreaded_executor/share/ament_index/resource_index/package_run_dependencies/examples_rclcpp_multithreaded_executor
[162.638s] -- Symlinking: /home/muhuaguan/ros2_ws/install/examples_rclcpp_multithreaded_executor/share/ament_index/resource_index/parent_prefix_path/examples_rclcpp_multithreaded_executor
[162.713s] -- Symlinking: /home/muhuaguan/ros2_ws/install/examples_rclcpp_multithreaded_executor/share/examples_rclcpp_multithreaded_executor/environment/ament_prefix_path.sh
[162.838s] -- Symlinking: /home/muhuaguan/ros2_ws/install/examples_rclcpp_multithreaded_executor/share/examples_rclcpp_multithreaded_executor/environment/ament_prefix_path.dsv
[162.939s] -- Symlinking: /home/muhuaguan/ros2_ws/install/examples_rclcpp_multithreaded_executor/share/examples_rclcpp_multithreaded_executor/environment/path.sh
[163.036s] -- Symlinking: /home/muhuaguan/ros2_ws/install/examples_rclcpp_multithreaded_executor/share/examples_rclcpp_multithreaded_executor/environment/path.dsv
[163.134s] -- Symlinking: /home/muhuaguan/ros2_ws/install/examples_rclcpp_multithreaded_executor/share/examples_rclcpp_multithreaded_executor/local_setup.bash
[163.240s] -- Symlinking: /home/muhuaguan/ros2_ws/install/examples_rclcpp_multithreaded_executor/share/examples_rclcpp_multithreaded_executor/local_setup.sh
[163.342s] -- Symlinking: /home/muhuaguan/ros2_ws/install/examples_rclcpp_multithreaded_executor/share/examples_rclcpp_multithreaded_executor/local_setup.zsh
[163.445s] -- Symlinking: /home/muhuaguan/ros2_ws/install/examples_rclcpp_multithreaded_executor/share/examples_rclcpp_multithreaded_executor/local_setup.dsv
[163.548s] -- Symlinking: /home/muhuaguan/ros2_ws/install/examples_rclcpp_multithreaded_executor/share/examples_rclcpp_multithreaded_executor/package.dsv
[163.652s] -- Symlinking: /home/muhuaguan/ros2_ws/install/examples_rclcpp_multithreaded_executor/share/ament_index/resource_index/packages/examples_rclcpp_multithreaded_executor
[163.769s] -- Symlinking: /home/muhuaguan/ros2_ws/install/examples_rclcpp_multithreaded_executor/share/examples_rclcpp_multithreaded_executor/cmake/examples_rclcpp_multithreaded_executorConfig.cmake
[163.836s] -- Symlinking: /home/muhuaguan/ros2_ws/install/examples_rclcpp_multithreaded_executor/share/examples_rclcpp_multithreaded_executor/cmake/examples_rclcpp_multithreaded_executorConfig-version.cmake
[163.931s] -- Symlinking: /home/muhuaguan/ros2_ws/install/examples_rclcpp_multithreaded_executor/share/examples_rclcpp_multithreaded_executor/package.xml
[164.065s] Invoked command in '/home/muhuaguan/ros2_ws/build/examples_rclcpp_multithreaded_executor' returned '0': CMAKE_PREFIX_PATH=/opt/ros/humble /usr/bin/cmake --install /home/muhuaguan/ros2_ws/build/examples_rclcpp_multithreaded_executor
