[0.055s] Invoking command in '/home/muhuaguan/ros2_ws/build/examples_rclcpp_minimal_composition': CMAKE_PREFIX_PATH=/opt/ros/humble /usr/bin/cmake /home/muhuaguan/ros2_ws/src/examples/rclcpp/composition/minimal_composition -DCMAKE_INSTALL_PREFIX=/home/muhuaguan/ros2_ws/install/examples_rclcpp_minimal_composition
[0.122s] -- Found ament_cmake: 1.3.5 (/opt/ros/humble/share/ament_cmake/cmake)
[0.276s] -- Override CMake install command with custom implementation using symlinks instead of copying resources
[0.289s] -- Found rclcpp: 16.0.4 (/opt/ros/humble/share/rclcpp/cmake)
[0.338s] -- Found rosidl_generator_c: 3.1.4 (/opt/ros/humble/share/rosidl_generator_c/cmake)
[0.343s] -- Found rosidl_adapter: 3.1.4 (/opt/ros/humble/share/rosidl_adapter/cmake)
[0.353s] -- Found rosidl_generator_cpp: 3.1.4 (/opt/ros/humble/share/rosidl_generator_cpp/cmake)
[0.372s] -- Using all available rosidl_typesupport_c: rosidl_typesupport_fastrtps_c;rosidl_typesupport_introspection_c
[0.402s] -- Using all available rosidl_typesupport_cpp: rosidl_typesupport_fastrtps_cpp;rosidl_typesupport_introspection_cpp
[0.482s] -- Found rmw_implementation_cmake: 6.1.1 (/opt/ros/humble/share/rmw_implementation_cmake/cmake)
[0.484s] -- Found rmw_cyclonedds_cpp: 1.3.4 (/opt/ros/humble/share/rmw_cyclonedds_cpp/cmake)
[0.535s] -- Using RMW implementation 'rmw_cyclonedds_cpp' as default
[0.814s] -- Found rclcpp_components: 16.0.4 (/opt/ros/humble/share/rclcpp_components/cmake)
[0.924s] -- Found ament_lint_auto: 0.12.6 (/opt/ros/humble/share/ament_lint_auto/cmake)
[1.037s] -- Added test 'copyright' to check source files copyright and LICENSE
[1.041s] -- Added test 'cppcheck' to perform static code analysis on C / C++ code
[1.041s] -- Configured cppcheck include dirs: /home/muhuaguan/ros2_ws/src/examples/rclcpp/composition/minimal_composition/include
[1.041s] -- Configured cppcheck exclude dirs and/or files: 
[1.043s] -- Added test 'cpplint' to check C / C++ code against the Google style
[1.043s] -- Configured cpplint exclude dirs and/or files: 
[1.044s] -- Added test 'lint_cmake' to check CMake code style
[1.046s] -- Added test 'uncrustify' to check C / C++ code style
[1.046s] -- Configured uncrustify additional arguments: 
[1.046s] -- Added test 'xmllint' to check XML markup files
[1.056s] -- Configuring done
[1.096s] -- Generating done
[1.102s] -- Build files have been written to: /home/muhuaguan/ros2_ws/build/examples_rclcpp_minimal_composition
[1.152s] Invoked command in '/home/muhuaguan/ros2_ws/build/examples_rclcpp_minimal_composition' returned '0': CMAKE_PREFIX_PATH=/opt/ros/humble /usr/bin/cmake /home/muhuaguan/ros2_ws/src/examples/rclcpp/composition/minimal_composition -DCMAKE_INSTALL_PREFIX=/home/muhuaguan/ros2_ws/install/examples_rclcpp_minimal_composition
[1.153s] Invoking command in '/home/muhuaguan/ros2_ws/build/examples_rclcpp_minimal_composition': CMAKE_PREFIX_PATH=/opt/ros/humble /usr/bin/cmake --build /home/muhuaguan/ros2_ws/build/examples_rclcpp_minimal_composition -- -j12 -l12
[1.302s] [35m[1mConsolidate compiler generated dependencies of target composition_nodes[0m
[1.333s] [ 33%] Built target composition_nodes
[1.373s] [35m[1mConsolidate compiler generated dependencies of target composition_subscriber[0m
[1.375s] [35m[1mConsolidate compiler generated dependencies of target composition_publisher[0m
[1.400s] [35m[1mConsolidate compiler generated dependencies of target composition_composed[0m
[1.425s] [ 55%] Built target composition_subscriber
[1.434s] [ 77%] Built target composition_publisher
[1.453s] [100%] Built target composition_composed
[1.469s] Invoked command in '/home/muhuaguan/ros2_ws/build/examples_rclcpp_minimal_composition' returned '0': CMAKE_PREFIX_PATH=/opt/ros/humble /usr/bin/cmake --build /home/muhuaguan/ros2_ws/build/examples_rclcpp_minimal_composition -- -j12 -l12
[1.632s] Invoking command in '/home/muhuaguan/ros2_ws/build/examples_rclcpp_minimal_composition': CMAKE_PREFIX_PATH=/opt/ros/humble /usr/bin/cmake --install /home/muhuaguan/ros2_ws/build/examples_rclcpp_minimal_composition
[1.650s] -- Install configuration: ""
[1.664s] -- Execute custom install script
[1.664s] -- Up-to-date symlink: /home/muhuaguan/ros2_ws/install/examples_rclcpp_minimal_composition/share/examples_rclcpp_minimal_composition/environment/library_path.sh
[1.664s] -- Up-to-date symlink: /home/muhuaguan/ros2_ws/install/examples_rclcpp_minimal_composition/share/examples_rclcpp_minimal_composition/environment/library_path.dsv
[1.665s] -- Up-to-date symlink: /home/muhuaguan/ros2_ws/install/examples_rclcpp_minimal_composition/lib/libcomposition_nodes.so
[1.665s] -- Up-to-date symlink: /home/muhuaguan/ros2_ws/install/examples_rclcpp_minimal_composition/lib/examples_rclcpp_minimal_composition/composition_publisher
[1.665s] -- Up-to-date symlink: /home/muhuaguan/ros2_ws/install/examples_rclcpp_minimal_composition/lib/examples_rclcpp_minimal_composition/composition_subscriber
[1.665s] -- Up-to-date symlink: /home/muhuaguan/ros2_ws/install/examples_rclcpp_minimal_composition/lib/examples_rclcpp_minimal_composition/composition_composed
[1.665s] -- Up-to-date symlink: /home/muhuaguan/ros2_ws/install/examples_rclcpp_minimal_composition/share/ament_index/resource_index/package_run_dependencies/examples_rclcpp_minimal_composition
[1.665s] -- Up-to-date symlink: /home/muhuaguan/ros2_ws/install/examples_rclcpp_minimal_composition/share/ament_index/resource_index/parent_prefix_path/examples_rclcpp_minimal_composition
[1.665s] -- Up-to-date symlink: /home/muhuaguan/ros2_ws/install/examples_rclcpp_minimal_composition/share/examples_rclcpp_minimal_composition/environment/ament_prefix_path.sh
[1.666s] -- Up-to-date symlink: /home/muhuaguan/ros2_ws/install/examples_rclcpp_minimal_composition/share/examples_rclcpp_minimal_composition/environment/ament_prefix_path.dsv
[1.666s] -- Up-to-date symlink: /home/muhuaguan/ros2_ws/install/examples_rclcpp_minimal_composition/share/examples_rclcpp_minimal_composition/environment/path.sh
[1.667s] -- Up-to-date symlink: /home/muhuaguan/ros2_ws/install/examples_rclcpp_minimal_composition/share/examples_rclcpp_minimal_composition/environment/path.dsv
[1.667s] -- Up-to-date symlink: /home/muhuaguan/ros2_ws/install/examples_rclcpp_minimal_composition/share/examples_rclcpp_minimal_composition/local_setup.bash
[1.667s] -- Up-to-date symlink: /home/muhuaguan/ros2_ws/install/examples_rclcpp_minimal_composition/share/examples_rclcpp_minimal_composition/local_setup.sh
[1.667s] -- Up-to-date symlink: /home/muhuaguan/ros2_ws/install/examples_rclcpp_minimal_composition/share/examples_rclcpp_minimal_composition/local_setup.zsh
[1.668s] -- Up-to-date symlink: /home/muhuaguan/ros2_ws/install/examples_rclcpp_minimal_composition/share/examples_rclcpp_minimal_composition/local_setup.dsv
[1.669s] -- Symlinking: /home/muhuaguan/ros2_ws/install/examples_rclcpp_minimal_composition/share/examples_rclcpp_minimal_composition/package.dsv
[1.679s] -- Up-to-date symlink: /home/muhuaguan/ros2_ws/install/examples_rclcpp_minimal_composition/share/ament_index/resource_index/packages/examples_rclcpp_minimal_composition
[1.679s] -- Up-to-date symlink: /home/muhuaguan/ros2_ws/install/examples_rclcpp_minimal_composition/share/examples_rclcpp_minimal_composition/cmake/examples_rclcpp_minimal_compositionConfig.cmake
[1.682s] -- Up-to-date symlink: /home/muhuaguan/ros2_ws/install/examples_rclcpp_minimal_composition/share/examples_rclcpp_minimal_composition/cmake/examples_rclcpp_minimal_compositionConfig-version.cmake
[1.683s] -- Up-to-date symlink: /home/muhuaguan/ros2_ws/install/examples_rclcpp_minimal_composition/share/examples_rclcpp_minimal_composition/package.xml
[1.764s] Invoked command in '/home/muhuaguan/ros2_ws/build/examples_rclcpp_minimal_composition' returned '0': CMAKE_PREFIX_PATH=/opt/ros/humble /usr/bin/cmake --install /home/muhuaguan/ros2_ws/build/examples_rclcpp_minimal_composition
