[0.066s] Invoking command in '/home/muhuaguan/ros2_ws/build/examples_rclcpp_async_client': CMAKE_PREFIX_PATH=/opt/ros/humble /usr/bin/cmake /home/muhuaguan/ros2_ws/src/examples/rclcpp/services/async_client -DCMAKE_INSTALL_PREFIX=/home/muhuaguan/ros2_ws/install/examples_rclcpp_async_client
[0.134s] -- Found ament_cmake: 1.3.5 (/opt/ros/humble/share/ament_cmake/cmake)
[0.360s] -- Override CMake install command with custom implementation using symlinks instead of copying resources
[0.371s] -- Found example_interfaces: 0.9.3 (/opt/ros/humble/share/example_interfaces/cmake)
[0.412s] -- Found rosidl_generator_c: 3.1.4 (/opt/ros/humble/share/rosidl_generator_c/cmake)
[0.417s] -- Found rosidl_adapter: 3.1.4 (/opt/ros/humble/share/rosidl_adapter/cmake)
[0.426s] -- Found rosidl_generator_cpp: 3.1.4 (/opt/ros/humble/share/rosidl_generator_cpp/cmake)
[0.445s] -- Using all available rosidl_typesupport_c: rosidl_typesupport_fastrtps_c;rosidl_typesupport_introspection_c
[0.471s] -- Using all available rosidl_typesupport_cpp: rosidl_typesupport_fastrtps_cpp;rosidl_typesupport_introspection_cpp
[0.727s] -- Found rclcpp: 16.0.4 (/opt/ros/humble/share/rclcpp/cmake)
[0.806s] -- Found rmw_implementation_cmake: 6.1.1 (/opt/ros/humble/share/rmw_implementation_cmake/cmake)
[0.808s] -- Found rmw_cyclonedds_cpp: 1.3.4 (/opt/ros/humble/share/rmw_cyclonedds_cpp/cmake)
[0.856s] -- Using RMW implementation 'rmw_cyclonedds_cpp' as default
[1.151s] -- Found ament_lint_auto: 0.12.6 (/opt/ros/humble/share/ament_lint_auto/cmake)
[1.288s] -- Added test 'copyright' to check source files copyright and LICENSE
[1.290s] -- Added test 'cppcheck' to perform static code analysis on C / C++ code
[1.290s] -- Configured cppcheck include dirs: 
[1.290s] -- Configured cppcheck exclude dirs and/or files: 
[1.291s] -- Added test 'cpplint' to check C / C++ code against the Google style
[1.291s] -- Configured cpplint exclude dirs and/or files: 
[1.291s] -- Added test 'lint_cmake' to check CMake code style
[1.292s] -- Added test 'uncrustify' to check C / C++ code style
[1.292s] -- Configured uncrustify additional arguments: 
[1.293s] -- Added test 'xmllint' to check XML markup files
[1.296s] -- Configuring done
[1.312s] -- Generating done
[1.316s] -- Build files have been written to: /home/muhuaguan/ros2_ws/build/examples_rclcpp_async_client
[1.345s] Invoked command in '/home/muhuaguan/ros2_ws/build/examples_rclcpp_async_client' returned '0': CMAKE_PREFIX_PATH=/opt/ros/humble /usr/bin/cmake /home/muhuaguan/ros2_ws/src/examples/rclcpp/services/async_client -DCMAKE_INSTALL_PREFIX=/home/muhuaguan/ros2_ws/install/examples_rclcpp_async_client
[1.346s] Invoking command in '/home/muhuaguan/ros2_ws/build/examples_rclcpp_async_client': CMAKE_PREFIX_PATH=/opt/ros/humble /usr/bin/cmake --build /home/muhuaguan/ros2_ws/build/examples_rclcpp_async_client -- -j12 -l12
[1.459s] [35m[1mConsolidate compiler generated dependencies of target client_main[0m
[1.503s] [100%] Built target client_main
[1.534s] Invoked command in '/home/muhuaguan/ros2_ws/build/examples_rclcpp_async_client' returned '0': CMAKE_PREFIX_PATH=/opt/ros/humble /usr/bin/cmake --build /home/muhuaguan/ros2_ws/build/examples_rclcpp_async_client -- -j12 -l12
[1.649s] Invoking command in '/home/muhuaguan/ros2_ws/build/examples_rclcpp_async_client': CMAKE_PREFIX_PATH=/opt/ros/humble /usr/bin/cmake --install /home/muhuaguan/ros2_ws/build/examples_rclcpp_async_client
[1.657s] -- Install configuration: ""
[1.657s] -- Execute custom install script
[1.657s] -- Up-to-date symlink: /home/muhuaguan/ros2_ws/install/examples_rclcpp_async_client/lib/examples_rclcpp_async_client/client_main
[1.658s] -- Up-to-date symlink: /home/muhuaguan/ros2_ws/install/examples_rclcpp_async_client/share/ament_index/resource_index/package_run_dependencies/examples_rclcpp_async_client
[1.658s] -- Up-to-date symlink: /home/muhuaguan/ros2_ws/install/examples_rclcpp_async_client/share/ament_index/resource_index/parent_prefix_path/examples_rclcpp_async_client
[1.658s] -- Up-to-date symlink: /home/muhuaguan/ros2_ws/install/examples_rclcpp_async_client/share/examples_rclcpp_async_client/environment/ament_prefix_path.sh
[1.658s] -- Up-to-date symlink: /home/muhuaguan/ros2_ws/install/examples_rclcpp_async_client/share/examples_rclcpp_async_client/environment/ament_prefix_path.dsv
[1.663s] -- Up-to-date symlink: /home/muhuaguan/ros2_ws/install/examples_rclcpp_async_client/share/examples_rclcpp_async_client/environment/path.sh
[1.663s] -- Up-to-date symlink: /home/muhuaguan/ros2_ws/install/examples_rclcpp_async_client/share/examples_rclcpp_async_client/environment/path.dsv
[1.663s] -- Up-to-date symlink: /home/muhuaguan/ros2_ws/install/examples_rclcpp_async_client/share/examples_rclcpp_async_client/local_setup.bash
[1.663s] -- Up-to-date symlink: /home/muhuaguan/ros2_ws/install/examples_rclcpp_async_client/share/examples_rclcpp_async_client/local_setup.sh
[1.663s] -- Up-to-date symlink: /home/muhuaguan/ros2_ws/install/examples_rclcpp_async_client/share/examples_rclcpp_async_client/local_setup.zsh
[1.663s] -- Up-to-date symlink: /home/muhuaguan/ros2_ws/install/examples_rclcpp_async_client/share/examples_rclcpp_async_client/local_setup.dsv
[1.663s] -- Symlinking: /home/muhuaguan/ros2_ws/install/examples_rclcpp_async_client/share/examples_rclcpp_async_client/package.dsv
[1.671s] -- Up-to-date symlink: /home/muhuaguan/ros2_ws/install/examples_rclcpp_async_client/share/ament_index/resource_index/packages/examples_rclcpp_async_client
[1.672s] -- Up-to-date symlink: /home/muhuaguan/ros2_ws/install/examples_rclcpp_async_client/share/examples_rclcpp_async_client/cmake/examples_rclcpp_async_clientConfig.cmake
[1.672s] -- Up-to-date symlink: /home/muhuaguan/ros2_ws/install/examples_rclcpp_async_client/share/examples_rclcpp_async_client/cmake/examples_rclcpp_async_clientConfig-version.cmake
[1.672s] -- Up-to-date symlink: /home/muhuaguan/ros2_ws/install/examples_rclcpp_async_client/share/examples_rclcpp_async_client/package.xml
[1.722s] Invoked command in '/home/muhuaguan/ros2_ws/build/examples_rclcpp_async_client' returned '0': CMAKE_PREFIX_PATH=/opt/ros/humble /usr/bin/cmake --install /home/muhuaguan/ros2_ws/build/examples_rclcpp_async_client
