[3.227s] Invoking command in '/home/muhuaguan/ros2_ws/build/examples_rclpy_minimal_service': PYTHONPATH=/home/muhuaguan/ros2_ws/build/examples_rclpy_minimal_service/prefix_override:/home/muhuaguan/ros2_ws/install/examples_rclpy_minimal_service/lib/python3.10/site-packages:${PYTHONPATH} /usr/bin/python3 setup.py develop --uninstall --editable --build-directory /home/muhuaguan/ros2_ws/build/examples_rclpy_minimal_service/build
[3.730s] running develop
[3.731s] /usr/lib/python3/dist-packages/setuptools/command/easy_install.py:158: EasyInstallDeprecationWarning: easy_install command is deprecated. Use build and pip and other standards-based tools.
[3.731s]   warnings.warn(
[3.731s] /usr/lib/python3/dist-packages/setuptools/command/install.py:34: SetuptoolsDeprecationWarning: setup.py install is deprecated. Use build and pip and other standards-based tools.
[3.731s]   warnings.warn(
[3.874s] /usr/lib/python3/dist-packages/pkg_resources/__init__.py:116: PkgResourcesDeprecationWarning: 1.16.0-unknown is an invalid version and will not be supported in a future release
[3.874s]   warnings.warn(
[3.875s] /usr/lib/python3/dist-packages/pkg_resources/__init__.py:116: PkgResourcesDeprecationWarning: 1.1build1 is an invalid version and will not be supported in a future release
[3.875s]   warnings.warn(
[4.508s] Invoked command in '/home/muhuaguan/ros2_ws/build/examples_rclpy_minimal_service' returned '0': PYTHONPATH=/home/muhuaguan/ros2_ws/build/examples_rclpy_minimal_service/prefix_override:/home/muhuaguan/ros2_ws/install/examples_rclpy_minimal_service/lib/python3.10/site-packages:${PYTHONPATH} /usr/bin/python3 setup.py develop --uninstall --editable --build-directory /home/muhuaguan/ros2_ws/build/examples_rclpy_minimal_service/build
[4.511s] Invoking command in '/home/muhuaguan/ros2_ws/src/examples/rclpy/services/minimal_service': PYTHONPATH=/home/muhuaguan/ros2_ws/build/examples_rclpy_minimal_service/prefix_override:/home/muhuaguan/ros2_ws/install/examples_rclpy_minimal_service/lib/python3.10/site-packages:${PYTHONPATH} /usr/bin/python3 setup.py egg_info --egg-base ../../../../../build/examples_rclpy_minimal_service build --build-base /home/muhuaguan/ros2_ws/build/examples_rclpy_minimal_service/build install --record /home/muhuaguan/ros2_ws/build/examples_rclpy_minimal_service/install.log --single-version-externally-managed
[6.260s] running egg_info
[6.266s] writing ../../../../../build/examples_rclpy_minimal_service/examples_rclpy_minimal_service.egg-info/PKG-INFO
[6.271s] writing dependency_links to ../../../../../build/examples_rclpy_minimal_service/examples_rclpy_minimal_service.egg-info/dependency_links.txt
[6.272s] writing entry points to ../../../../../build/examples_rclpy_minimal_service/examples_rclpy_minimal_service.egg-info/entry_points.txt
[6.272s] writing requirements to ../../../../../build/examples_rclpy_minimal_service/examples_rclpy_minimal_service.egg-info/requires.txt
[6.273s] writing top-level names to ../../../../../build/examples_rclpy_minimal_service/examples_rclpy_minimal_service.egg-info/top_level.txt
[6.286s] reading manifest file '../../../../../build/examples_rclpy_minimal_service/examples_rclpy_minimal_service.egg-info/SOURCES.txt'
[6.289s] writing manifest file '../../../../../build/examples_rclpy_minimal_service/examples_rclpy_minimal_service.egg-info/SOURCES.txt'
[6.291s] running build
[6.292s] running build_py
[6.293s] running install
[6.294s] /usr/lib/python3/dist-packages/setuptools/command/install.py:34: SetuptoolsDeprecationWarning: setup.py install is deprecated. Use build and pip and other standards-based tools.
[6.295s]   warnings.warn(
[6.299s] running install_lib
[6.303s] running install_data
[6.307s] running install_egg_info
[6.313s] removing '/home/muhuaguan/ros2_ws/install/examples_rclpy_minimal_service/lib/python3.10/site-packages/examples_rclpy_minimal_service-0.15.1-py3.10.egg-info' (and everything under it)
[6.315s] Copying ../../../../../build/examples_rclpy_minimal_service/examples_rclpy_minimal_service.egg-info to /home/muhuaguan/ros2_ws/install/examples_rclpy_minimal_service/lib/python3.10/site-packages/examples_rclpy_minimal_service-0.15.1-py3.10.egg-info
[6.324s] running install_scripts
[6.445s] Installing service script to /home/muhuaguan/ros2_ws/install/examples_rclpy_minimal_service/lib/examples_rclpy_minimal_service
[6.445s] Installing service_member_function script to /home/muhuaguan/ros2_ws/install/examples_rclpy_minimal_service/lib/examples_rclpy_minimal_service
[6.447s] writing list of installed files to '/home/muhuaguan/ros2_ws/build/examples_rclpy_minimal_service/install.log'
[6.619s] Invoked command in '/home/muhuaguan/ros2_ws/src/examples/rclpy/services/minimal_service' returned '0': PYTHONPATH=/home/muhuaguan/ros2_ws/build/examples_rclpy_minimal_service/prefix_override:/home/muhuaguan/ros2_ws/install/examples_rclpy_minimal_service/lib/python3.10/site-packages:${PYTHONPATH} /usr/bin/python3 setup.py egg_info --egg-base ../../../../../build/examples_rclpy_minimal_service build --build-base /home/muhuaguan/ros2_ws/build/examples_rclpy_minimal_service/build install --record /home/muhuaguan/ros2_ws/build/examples_rclpy_minimal_service/install.log --single-version-externally-managed
