[0.067s] Invoking command in '/home/muhuaguan/ros2_ws/build/examples_rclcpp_cbg_executor': CMAKE_PREFIX_PATH=/opt/ros/humble /usr/bin/cmake /home/muhuaguan/ros2_ws/src/examples/rclcpp/executors/cbg_executor -DAMENT_CMAKE_SYMLINK_INSTALL=1 -DCMAKE_INSTALL_PREFIX=/home/muhuaguan/ros2_ws/install/examples_rclcpp_cbg_executor
[0.336s] -- The C compiler identification is GNU 11.4.0
[0.606s] -- The CXX compiler identification is GNU 11.4.0
[0.620s] -- Detecting C compiler ABI info
[0.757s] -- Detecting C compiler ABI info - done
[0.770s] -- Check for working C compiler: /usr/bin/cc - skipped
[0.771s] -- Detecting C compile features
[0.777s] -- Detecting C compile features - done
[0.777s] -- Detecting CXX compiler ABI info
[0.945s] -- Detecting CXX compiler ABI info - done
[0.961s] -- Check for working CXX compiler: /usr/bin/c++ - skipped
[0.962s] -- Detecting CXX compile features
[0.962s] -- Detecting CXX compile features - done
[0.966s] -- Found ament_cmake: 1.3.5 (/opt/ros/humble/share/ament_cmake/cmake)
[1.328s] -- Found Python3: /usr/bin/python3.10 (found version "3.10.12") found components: Interpreter 
[1.435s] -- Override CMake install command with custom implementation using symlinks instead of copying resources
[1.457s] -- Found rclcpp: 16.0.4 (/opt/ros/humble/share/rclcpp/cmake)
[1.592s] -- Found rosidl_generator_c: 3.1.4 (/opt/ros/humble/share/rosidl_generator_c/cmake)
[1.609s] -- Found rosidl_adapter: 3.1.4 (/opt/ros/humble/share/rosidl_adapter/cmake)
[1.633s] -- Found rosidl_generator_cpp: 3.1.4 (/opt/ros/humble/share/rosidl_generator_cpp/cmake)
[1.656s] -- Using all available rosidl_typesupport_c: rosidl_typesupport_fastrtps_c;rosidl_typesupport_introspection_c
[1.689s] -- Using all available rosidl_typesupport_cpp: rosidl_typesupport_fastrtps_cpp;rosidl_typesupport_introspection_cpp
[1.813s] -- Found rmw_implementation_cmake: 6.1.1 (/opt/ros/humble/share/rmw_implementation_cmake/cmake)
[1.816s] -- Found rmw_cyclonedds_cpp: 1.3.4 (/opt/ros/humble/share/rmw_cyclonedds_cpp/cmake)
[1.869s] -- Using RMW implementation 'rmw_cyclonedds_cpp' as default
[1.884s] -- Looking for pthread.h
[2.070s] -- Looking for pthread.h - found
[2.071s] -- Performing Test CMAKE_HAVE_LIBC_PTHREAD
[2.223s] -- Performing Test CMAKE_HAVE_LIBC_PTHREAD - Success
[2.225s] -- Found Threads: TRUE  
[2.578s] -- Found ament_lint_auto: 0.12.6 (/opt/ros/humble/share/ament_lint_auto/cmake)
[2.691s] -- Added test 'copyright' to check source files copyright and LICENSE
[2.691s] -- Added test 'cppcheck' to perform static code analysis on C / C++ code
[2.691s] -- Configured cppcheck include dirs: /home/muhuaguan/ros2_ws/src/examples/rclcpp/executors/cbg_executor/include
[2.692s] -- Configured cppcheck exclude dirs and/or files: 
[2.692s] -- Added test 'cpplint' to check C / C++ code against the Google style
[2.692s] -- Configured cpplint exclude dirs and/or files: 
[2.692s] -- Added test 'lint_cmake' to check CMake code style
[2.694s] -- Added test 'uncrustify' to check C / C++ code style
[2.694s] -- Configured uncrustify additional arguments: 
[2.695s] -- Added test 'xmllint' to check XML markup files
[2.702s] -- Configuring done
[2.728s] -- Generating done
[2.733s] -- Build files have been written to: /home/muhuaguan/ros2_ws/build/examples_rclcpp_cbg_executor
[2.762s] Invoked command in '/home/muhuaguan/ros2_ws/build/examples_rclcpp_cbg_executor' returned '0': CMAKE_PREFIX_PATH=/opt/ros/humble /usr/bin/cmake /home/muhuaguan/ros2_ws/src/examples/rclcpp/executors/cbg_executor -DAMENT_CMAKE_SYMLINK_INSTALL=1 -DCMAKE_INSTALL_PREFIX=/home/muhuaguan/ros2_ws/install/examples_rclcpp_cbg_executor
[2.780s] Invoking command in '/home/muhuaguan/ros2_ws/build/examples_rclcpp_cbg_executor': CMAKE_PREFIX_PATH=/opt/ros/humble /usr/bin/cmake --build /home/muhuaguan/ros2_ws/build/examples_rclcpp_cbg_executor -- -j12 -l12
[2.887s] [ 10%] [32mBuilding CXX object CMakeFiles/ping.dir/src/ping.cpp.o[0m
[2.930s] [ 20%] [32mBuilding CXX object CMakeFiles/ping.dir/src/examples_rclcpp_cbg_executor/ping_node.cpp.o[0m
[2.930s] [ 30%] [32mBuilding CXX object CMakeFiles/ping_pong.dir/src/ping_pong.cpp.o[0m
[2.932s] [ 40%] [32mBuilding CXX object CMakeFiles/ping_pong.dir/src/examples_rclcpp_cbg_executor/ping_node.cpp.o[0m
[2.963s] [ 50%] [32mBuilding CXX object CMakeFiles/ping_pong.dir/src/examples_rclcpp_cbg_executor/pong_node.cpp.o[0m
[2.984s] [ 60%] [32mBuilding CXX object CMakeFiles/pong.dir/src/pong.cpp.o[0m
[3.009s] [ 70%] [32mBuilding CXX object CMakeFiles/pong.dir/src/examples_rclcpp_cbg_executor/pong_node.cpp.o[0m
[154.418s] [ 80%] [32m[1mLinking CXX executable ping[0m
[157.357s] [ 80%] Built target ping
[166.632s] [ 90%] [32m[1mLinking CXX executable ping_pong[0m
[166.948s] [100%] [32m[1mLinking CXX executable pong[0m
[170.341s] [100%] Built target pong
[171.249s] [100%] Built target ping_pong
[171.307s] Invoked command in '/home/muhuaguan/ros2_ws/build/examples_rclcpp_cbg_executor' returned '0': CMAKE_PREFIX_PATH=/opt/ros/humble /usr/bin/cmake --build /home/muhuaguan/ros2_ws/build/examples_rclcpp_cbg_executor -- -j12 -l12
[171.606s] Invoking command in '/home/muhuaguan/ros2_ws/build/examples_rclcpp_cbg_executor': CMAKE_PREFIX_PATH=/opt/ros/humble /usr/bin/cmake --install /home/muhuaguan/ros2_ws/build/examples_rclcpp_cbg_executor
[171.642s] -- Install configuration: ""
[171.645s] -- Execute custom install script
[171.649s] -- Symlinking: /home/muhuaguan/ros2_ws/install/examples_rclcpp_cbg_executor/lib/examples_rclcpp_cbg_executor/ping
[171.692s] -- Symlinking: /home/muhuaguan/ros2_ws/install/examples_rclcpp_cbg_executor/lib/examples_rclcpp_cbg_executor/pong
[171.738s] -- Symlinking: /home/muhuaguan/ros2_ws/install/examples_rclcpp_cbg_executor/lib/examples_rclcpp_cbg_executor/ping_pong
[171.781s] -- Symlinking: /home/muhuaguan/ros2_ws/install/examples_rclcpp_cbg_executor/include/examples_rclcpp_cbg_executor/ping_node.hpp
[171.824s] -- Symlinking: /home/muhuaguan/ros2_ws/install/examples_rclcpp_cbg_executor/include/examples_rclcpp_cbg_executor/pong_node.hpp
[171.867s] -- Symlinking: /home/muhuaguan/ros2_ws/install/examples_rclcpp_cbg_executor/share/ament_index/resource_index/package_run_dependencies/examples_rclcpp_cbg_executor
[171.909s] -- Symlinking: /home/muhuaguan/ros2_ws/install/examples_rclcpp_cbg_executor/share/ament_index/resource_index/parent_prefix_path/examples_rclcpp_cbg_executor
[171.953s] -- Symlinking: /home/muhuaguan/ros2_ws/install/examples_rclcpp_cbg_executor/share/examples_rclcpp_cbg_executor/environment/ament_prefix_path.sh
[171.996s] -- Symlinking: /home/muhuaguan/ros2_ws/install/examples_rclcpp_cbg_executor/share/examples_rclcpp_cbg_executor/environment/ament_prefix_path.dsv
[172.037s] -- Symlinking: /home/muhuaguan/ros2_ws/install/examples_rclcpp_cbg_executor/share/examples_rclcpp_cbg_executor/environment/path.sh
[172.078s] -- Symlinking: /home/muhuaguan/ros2_ws/install/examples_rclcpp_cbg_executor/share/examples_rclcpp_cbg_executor/environment/path.dsv
[172.118s] -- Symlinking: /home/muhuaguan/ros2_ws/install/examples_rclcpp_cbg_executor/share/examples_rclcpp_cbg_executor/local_setup.bash
[172.161s] -- Symlinking: /home/muhuaguan/ros2_ws/install/examples_rclcpp_cbg_executor/share/examples_rclcpp_cbg_executor/local_setup.sh
[172.202s] -- Symlinking: /home/muhuaguan/ros2_ws/install/examples_rclcpp_cbg_executor/share/examples_rclcpp_cbg_executor/local_setup.zsh
[172.245s] -- Symlinking: /home/muhuaguan/ros2_ws/install/examples_rclcpp_cbg_executor/share/examples_rclcpp_cbg_executor/local_setup.dsv
[172.287s] -- Symlinking: /home/muhuaguan/ros2_ws/install/examples_rclcpp_cbg_executor/share/examples_rclcpp_cbg_executor/package.dsv
[172.322s] -- Symlinking: /home/muhuaguan/ros2_ws/install/examples_rclcpp_cbg_executor/share/ament_index/resource_index/packages/examples_rclcpp_cbg_executor
[172.356s] -- Symlinking: /home/muhuaguan/ros2_ws/install/examples_rclcpp_cbg_executor/share/examples_rclcpp_cbg_executor/cmake/ament_cmake_export_dependencies-extras.cmake
[172.391s] -- Symlinking: /home/muhuaguan/ros2_ws/install/examples_rclcpp_cbg_executor/share/examples_rclcpp_cbg_executor/cmake/examples_rclcpp_cbg_executorConfig.cmake
[172.424s] -- Symlinking: /home/muhuaguan/ros2_ws/install/examples_rclcpp_cbg_executor/share/examples_rclcpp_cbg_executor/cmake/examples_rclcpp_cbg_executorConfig-version.cmake
[172.457s] -- Symlinking: /home/muhuaguan/ros2_ws/install/examples_rclcpp_cbg_executor/share/examples_rclcpp_cbg_executor/package.xml
[172.506s] Invoked command in '/home/muhuaguan/ros2_ws/build/examples_rclcpp_cbg_executor' returned '0': CMAKE_PREFIX_PATH=/opt/ros/humble /usr/bin/cmake --install /home/muhuaguan/ros2_ws/build/examples_rclcpp_cbg_executor
