[18.551s] Invoking command in '/home/muhuaguan/ros2_ws/build/examples_rclpy_minimal_client': PYTHONPATH=/home/muhuaguan/ros2_ws/build/examples_rclpy_minimal_client/prefix_override:/home/muhuaguan/ros2_ws/install/examples_rclpy_minimal_client/lib/python3.10/site-packages:${PYTHONPATH} /usr/bin/python3 setup.py develop --editable --build-directory /home/muhuaguan/ros2_ws/build/examples_rclpy_minimal_client/build --no-deps install_data
[26.328s] running develop
[26.330s] /usr/lib/python3/dist-packages/setuptools/command/easy_install.py:158: EasyInstallDeprecationWarning: easy_install command is deprecated. Use build and pip and other standards-based tools.
[26.331s]   warnings.warn(
[26.362s] /usr/lib/python3/dist-packages/setuptools/command/install.py:34: SetuptoolsDeprecationWarning: setup.py install is deprecated. Use build and pip and other standards-based tools.
[26.363s]   warnings.warn(
[27.863s] /usr/lib/python3/dist-packages/pkg_resources/__init__.py:116: PkgResourcesDeprecationWarning: 1.16.0-unknown is an invalid version and will not be supported in a future release
[27.863s]   warnings.warn(
[27.904s] /usr/lib/python3/dist-packages/pkg_resources/__init__.py:116: PkgResourcesDeprecationWarning: 1.1build1 is an invalid version and will not be supported in a future release
[27.905s]   warnings.warn(
[30.669s] running egg_info
[30.669s] creating examples_rclpy_minimal_client.egg-info
[30.670s] writing examples_rclpy_minimal_client.egg-info/PKG-INFO
[30.691s] writing dependency_links to examples_rclpy_minimal_client.egg-info/dependency_links.txt
[30.692s] writing entry points to examples_rclpy_minimal_client.egg-info/entry_points.txt
[30.692s] writing requirements to examples_rclpy_minimal_client.egg-info/requires.txt
[30.693s] writing top-level names to examples_rclpy_minimal_client.egg-info/top_level.txt
[30.704s] writing manifest file 'examples_rclpy_minimal_client.egg-info/SOURCES.txt'
[30.756s] reading manifest file 'examples_rclpy_minimal_client.egg-info/SOURCES.txt'
[30.760s] writing manifest file 'examples_rclpy_minimal_client.egg-info/SOURCES.txt'
[30.805s] running build_ext
[30.827s] Creating /home/muhuaguan/ros2_ws/install/examples_rclpy_minimal_client/lib/python3.10/site-packages/examples-rclpy-minimal-client.egg-link (link to .)
[30.856s] Installing client script to /home/muhuaguan/ros2_ws/install/examples_rclpy_minimal_client/lib/examples_rclpy_minimal_client
[30.858s] Installing client_async script to /home/muhuaguan/ros2_ws/install/examples_rclpy_minimal_client/lib/examples_rclpy_minimal_client
[30.876s] Installing client_async_callback script to /home/muhuaguan/ros2_ws/install/examples_rclpy_minimal_client/lib/examples_rclpy_minimal_client
[30.877s] Installing client_async_member_function script to /home/muhuaguan/ros2_ws/install/examples_rclpy_minimal_client/lib/examples_rclpy_minimal_client
[30.884s] 
[30.885s] Installed /home/muhuaguan/ros2_ws/build/examples_rclpy_minimal_client
[30.886s] running install_data
[30.887s] creating /home/muhuaguan/ros2_ws/install/examples_rclpy_minimal_client/share/ament_index
[30.887s] creating /home/muhuaguan/ros2_ws/install/examples_rclpy_minimal_client/share/ament_index/resource_index
[30.888s] creating /home/muhuaguan/ros2_ws/install/examples_rclpy_minimal_client/share/ament_index/resource_index/packages
[30.888s] copying resource/examples_rclpy_minimal_client -> /home/muhuaguan/ros2_ws/install/examples_rclpy_minimal_client/share/ament_index/resource_index/packages
[30.889s] copying package.xml -> /home/muhuaguan/ros2_ws/install/examples_rclpy_minimal_client/share/examples_rclpy_minimal_client
[37.461s] Invoked command in '/home/muhuaguan/ros2_ws/build/examples_rclpy_minimal_client' returned '0': PYTHONPATH=/home/muhuaguan/ros2_ws/build/examples_rclpy_minimal_client/prefix_override:/home/muhuaguan/ros2_ws/install/examples_rclpy_minimal_client/lib/python3.10/site-packages:${PYTHONPATH} /usr/bin/python3 setup.py develop --editable --build-directory /home/muhuaguan/ros2_ws/build/examples_rclpy_minimal_client/build --no-deps install_data
