[0.117s] Invoking command in '/home/muhuaguan/ros2_ws/build/examples_rclcpp_wait_set': CMAKE_PREFIX_PATH=/opt/ros/humble /usr/bin/cmake /home/muhuaguan/ros2_ws/src/examples/rclcpp/wait_set -DCMAKE_INSTALL_PREFIX=/home/muhuaguan/ros2_ws/install/examples_rclcpp_wait_set
[1.122s] -- Found ament_cmake: 1.3.5 (/opt/ros/humble/share/ament_cmake/cmake)
[1.122s] -- Override CMake install command with custom implementation using symlinks instead of copying resources
[1.122s] -- Found example_interfaces: 0.9.3 (/opt/ros/humble/share/example_interfaces/cmake)
[1.122s] -- Found rosidl_generator_c: 3.1.4 (/opt/ros/humble/share/rosidl_generator_c/cmake)
[1.122s] -- Found rosidl_adapter: 3.1.4 (/opt/ros/humble/share/rosidl_adapter/cmake)
[1.122s] -- Found rosidl_generator_cpp: 3.1.4 (/opt/ros/humble/share/rosidl_generator_cpp/cmake)
[1.122s] -- Using all available rosidl_typesupport_c: rosidl_typesupport_fastrtps_c;rosidl_typesupport_introspection_c
[1.123s] -- Using all available rosidl_typesupport_cpp: rosidl_typesupport_fastrtps_cpp;rosidl_typesupport_introspection_cpp
[1.123s] -- Found rclcpp: 16.0.4 (/opt/ros/humble/share/rclcpp/cmake)
[1.123s] -- Found rmw_implementation_cmake: 6.1.1 (/opt/ros/humble/share/rmw_implementation_cmake/cmake)
[1.123s] -- Found rmw_cyclonedds_cpp: 1.3.4 (/opt/ros/humble/share/rmw_cyclonedds_cpp/cmake)
[1.123s] -- Using RMW implementation 'rmw_cyclonedds_cpp' as default
[1.388s] -- Found rclcpp_components: 16.0.4 (/opt/ros/humble/share/rclcpp_components/cmake)
[1.519s] -- Found ament_lint_auto: 0.12.6 (/opt/ros/humble/share/ament_lint_auto/cmake)
[1.634s] -- Added test 'copyright' to check source files copyright and LICENSE
[1.634s] -- Added test 'cppcheck' to perform static code analysis on C / C++ code
[1.634s] -- Configured cppcheck include dirs: /home/muhuaguan/ros2_ws/src/examples/rclcpp/wait_set/include
[1.634s] -- Configured cppcheck exclude dirs and/or files: 
[1.639s] -- Added test 'cpplint' to check C / C++ code against the Google style
[1.639s] -- Configured cpplint exclude dirs and/or files: 
[1.640s] -- Added test 'lint_cmake' to check CMake code style
[1.644s] -- Added test 'uncrustify' to check C / C++ code style
[1.644s] -- Configured uncrustify additional arguments: 
[1.644s] -- Added test 'xmllint' to check XML markup files
[1.648s] -- Configuring done
[1.705s] -- Generating done
[1.708s] -- Build files have been written to: /home/muhuaguan/ros2_ws/build/examples_rclcpp_wait_set
[1.791s] Invoked command in '/home/muhuaguan/ros2_ws/build/examples_rclcpp_wait_set' returned '0': CMAKE_PREFIX_PATH=/opt/ros/humble /usr/bin/cmake /home/muhuaguan/ros2_ws/src/examples/rclcpp/wait_set -DCMAKE_INSTALL_PREFIX=/home/muhuaguan/ros2_ws/install/examples_rclcpp_wait_set
[1.798s] Invoking command in '/home/muhuaguan/ros2_ws/build/examples_rclcpp_wait_set': CMAKE_PREFIX_PATH=/opt/ros/humble /usr/bin/cmake --build /home/muhuaguan/ros2_ws/build/examples_rclcpp_wait_set -- -j12 -l12
[2.135s] [35m[1mConsolidate compiler generated dependencies of target talker[0m
[2.136s] [35m[1mConsolidate compiler generated dependencies of target wait_set_talker[0m
[2.136s] [35m[1mConsolidate compiler generated dependencies of target listener[0m
[2.138s] [35m[1mConsolidate compiler generated dependencies of target wait_set_random_order[0m
[2.138s] [35m[1mConsolidate compiler generated dependencies of target static_wait_set[0m
[2.138s] [35m[1mConsolidate compiler generated dependencies of target wait_set_listener[0m
[2.138s] [35m[1mConsolidate compiler generated dependencies of target wait_set_topics_and_timer[0m
[2.138s] [35m[1mConsolidate compiler generated dependencies of target thread_safe_wait_set[0m
[2.139s] [35m[1mConsolidate compiler generated dependencies of target wait_set_topics_with_different_rates[0m
[2.139s] [35m[1mConsolidate compiler generated dependencies of target executor_random_order[0m
[2.139s] [35m[1mConsolidate compiler generated dependencies of target wait_set[0m
[2.139s] [  8%] Built target talker
[2.139s] [ 25%] Built target wait_set_talker
[2.139s] [ 25%] Built target listener
[2.139s] [ 33%] Built target static_wait_set
[2.139s] [ 41%] Built target thread_safe_wait_set
[2.140s] [ 50%] Built target wait_set_listener
[2.140s] [ 58%] Built target wait_set_topics_and_timer
[2.140s] [ 66%] Built target wait_set_random_order
[2.140s] [ 75%] Built target executor_random_order
[2.140s] [ 83%] Built target wait_set_topics_with_different_rates
[2.140s] [ 91%] Built target wait_set
[2.140s] [35m[1mConsolidate compiler generated dependencies of target wait_set_composed[0m
[2.140s] [100%] Built target wait_set_composed
[2.512s] Invoked command in '/home/muhuaguan/ros2_ws/build/examples_rclcpp_wait_set' returned '0': CMAKE_PREFIX_PATH=/opt/ros/humble /usr/bin/cmake --build /home/muhuaguan/ros2_ws/build/examples_rclcpp_wait_set -- -j12 -l12
[3.768s] Invoking command in '/home/muhuaguan/ros2_ws/build/examples_rclcpp_wait_set': CMAKE_PREFIX_PATH=/opt/ros/humble /usr/bin/cmake --install /home/muhuaguan/ros2_ws/build/examples_rclcpp_wait_set
[4.368s] -- Install configuration: ""
[4.369s] -- Execute custom install script
[4.369s] -- Up-to-date symlink: /home/muhuaguan/ros2_ws/install/examples_rclcpp_wait_set/lib/examples_rclcpp_wait_set/wait_set_talker
[4.369s] -- Up-to-date symlink: /home/muhuaguan/ros2_ws/install/examples_rclcpp_wait_set/lib/examples_rclcpp_wait_set/wait_set_listener
[4.370s] -- Up-to-date symlink: /home/muhuaguan/ros2_ws/install/examples_rclcpp_wait_set/lib/libtalker.so
[4.370s] -- Up-to-date symlink: /home/muhuaguan/ros2_ws/install/examples_rclcpp_wait_set/lib/liblistener.so
[4.370s] -- Up-to-date symlink: /home/muhuaguan/ros2_ws/install/examples_rclcpp_wait_set/lib/examples_rclcpp_wait_set/wait_set
[4.370s] -- Up-to-date symlink: /home/muhuaguan/ros2_ws/install/examples_rclcpp_wait_set/lib/examples_rclcpp_wait_set/static_wait_set
[4.371s] -- Up-to-date symlink: /home/muhuaguan/ros2_ws/install/examples_rclcpp_wait_set/lib/examples_rclcpp_wait_set/thread_safe_wait_set
[4.372s] -- Up-to-date symlink: /home/muhuaguan/ros2_ws/install/examples_rclcpp_wait_set/lib/examples_rclcpp_wait_set/wait_set_topics_and_timer
[4.372s] -- Up-to-date symlink: /home/muhuaguan/ros2_ws/install/examples_rclcpp_wait_set/lib/examples_rclcpp_wait_set/wait_set_random_order
[4.373s] -- Up-to-date symlink: /home/muhuaguan/ros2_ws/install/examples_rclcpp_wait_set/lib/examples_rclcpp_wait_set/executor_random_order
[4.373s] -- Up-to-date symlink: /home/muhuaguan/ros2_ws/install/examples_rclcpp_wait_set/lib/examples_rclcpp_wait_set/wait_set_topics_with_different_rates
[4.374s] -- Up-to-date symlink: /home/muhuaguan/ros2_ws/install/examples_rclcpp_wait_set/lib/examples_rclcpp_wait_set/wait_set_composed
[4.374s] -- Up-to-date symlink: /home/muhuaguan/ros2_ws/install/examples_rclcpp_wait_set/share/ament_index/resource_index/package_run_dependencies/examples_rclcpp_wait_set
[4.374s] -- Up-to-date symlink: /home/muhuaguan/ros2_ws/install/examples_rclcpp_wait_set/share/ament_index/resource_index/parent_prefix_path/examples_rclcpp_wait_set
[4.374s] -- Up-to-date symlink: /home/muhuaguan/ros2_ws/install/examples_rclcpp_wait_set/share/examples_rclcpp_wait_set/environment/ament_prefix_path.sh
[4.374s] -- Up-to-date symlink: /home/muhuaguan/ros2_ws/install/examples_rclcpp_wait_set/share/examples_rclcpp_wait_set/environment/ament_prefix_path.dsv
[4.374s] -- Up-to-date symlink: /home/muhuaguan/ros2_ws/install/examples_rclcpp_wait_set/share/examples_rclcpp_wait_set/environment/path.sh
[4.374s] -- Up-to-date symlink: /home/muhuaguan/ros2_ws/install/examples_rclcpp_wait_set/share/examples_rclcpp_wait_set/environment/path.dsv
[4.375s] -- Up-to-date symlink: /home/muhuaguan/ros2_ws/install/examples_rclcpp_wait_set/share/examples_rclcpp_wait_set/local_setup.bash
[4.375s] -- Up-to-date symlink: /home/muhuaguan/ros2_ws/install/examples_rclcpp_wait_set/share/examples_rclcpp_wait_set/local_setup.sh
[4.375s] -- Up-to-date symlink: /home/muhuaguan/ros2_ws/install/examples_rclcpp_wait_set/share/examples_rclcpp_wait_set/local_setup.zsh
[4.377s] -- Up-to-date symlink: /home/muhuaguan/ros2_ws/install/examples_rclcpp_wait_set/share/examples_rclcpp_wait_set/local_setup.dsv
[4.381s] -- Symlinking: /home/muhuaguan/ros2_ws/install/examples_rclcpp_wait_set/share/examples_rclcpp_wait_set/package.dsv
[4.381s] -- Up-to-date symlink: /home/muhuaguan/ros2_ws/install/examples_rclcpp_wait_set/share/ament_index/resource_index/packages/examples_rclcpp_wait_set
[4.381s] -- Up-to-date symlink: /home/muhuaguan/ros2_ws/install/examples_rclcpp_wait_set/share/ament_index/resource_index/rclcpp_components/examples_rclcpp_wait_set
[4.381s] -- Up-to-date symlink: /home/muhuaguan/ros2_ws/install/examples_rclcpp_wait_set/share/examples_rclcpp_wait_set/cmake/examples_rclcpp_wait_setConfig.cmake
[4.382s] -- Up-to-date symlink: /home/muhuaguan/ros2_ws/install/examples_rclcpp_wait_set/share/examples_rclcpp_wait_set/cmake/examples_rclcpp_wait_setConfig-version.cmake
[4.382s] -- Up-to-date symlink: /home/muhuaguan/ros2_ws/install/examples_rclcpp_wait_set/share/examples_rclcpp_wait_set/package.xml
[4.382s] Invoked command in '/home/muhuaguan/ros2_ws/build/examples_rclcpp_wait_set' returned '0': CMAKE_PREFIX_PATH=/opt/ros/humble /usr/bin/cmake --install /home/muhuaguan/ros2_ws/build/examples_rclcpp_wait_set
