[24.483s] Invoking command in '/home/muhuaguan/ros2_ws/build/examples_rclpy_pointcloud_publisher': PYTHONPATH=/home/muhuaguan/ros2_ws/build/examples_rclpy_pointcloud_publisher/prefix_override:/home/muhuaguan/ros2_ws/install/examples_rclpy_pointcloud_publisher/lib/python3.10/site-packages:${PYTHONPATH} /usr/bin/python3 setup.py develop --editable --build-directory /home/muhuaguan/ros2_ws/build/examples_rclpy_pointcloud_publisher/build --no-deps install_data
[28.485s] running develop
[28.488s] /usr/lib/python3/dist-packages/setuptools/command/easy_install.py:158: EasyInstallDeprecationWarning: easy_install command is deprecated. Use build and pip and other standards-based tools.
[28.489s]   warnings.warn(
[28.523s] /usr/lib/python3/dist-packages/setuptools/command/install.py:34: SetuptoolsDeprecationWarning: setup.py install is deprecated. Use build and pip and other standards-based tools.
[28.524s]   warnings.warn(
[29.471s] /usr/lib/python3/dist-packages/pkg_resources/__init__.py:116: PkgResourcesDeprecationWarning: 1.16.0-unknown is an invalid version and will not be supported in a future release
[29.472s]   warnings.warn(
[29.478s] /usr/lib/python3/dist-packages/pkg_resources/__init__.py:116: PkgResourcesDeprecationWarning: 1.1build1 is an invalid version and will not be supported in a future release
[29.479s]   warnings.warn(
[30.730s] running egg_info
[30.731s] creating examples_rclpy_pointcloud_publisher.egg-info
[30.732s] writing examples_rclpy_pointcloud_publisher.egg-info/PKG-INFO
[30.733s] writing dependency_links to examples_rclpy_pointcloud_publisher.egg-info/dependency_links.txt
[30.734s] writing entry points to examples_rclpy_pointcloud_publisher.egg-info/entry_points.txt
[30.743s] writing requirements to examples_rclpy_pointcloud_publisher.egg-info/requires.txt
[30.743s] writing top-level names to examples_rclpy_pointcloud_publisher.egg-info/top_level.txt
[30.744s] writing manifest file 'examples_rclpy_pointcloud_publisher.egg-info/SOURCES.txt'
[30.746s] reading manifest file 'examples_rclpy_pointcloud_publisher.egg-info/SOURCES.txt'
[30.750s] writing manifest file 'examples_rclpy_pointcloud_publisher.egg-info/SOURCES.txt'
[30.758s] running build_ext
[30.759s] Creating /home/muhuaguan/ros2_ws/install/examples_rclpy_pointcloud_publisher/lib/python3.10/site-packages/examples-rclpy-pointcloud-publisher.egg-link (link to .)
[30.764s] Installing pointcloud_publisher script to /home/muhuaguan/ros2_ws/install/examples_rclpy_pointcloud_publisher/lib/examples_rclpy_pointcloud_publisher
[30.766s] 
[30.767s] Installed /home/muhuaguan/ros2_ws/build/examples_rclpy_pointcloud_publisher
[30.768s] running install_data
[30.769s] creating /home/muhuaguan/ros2_ws/install/examples_rclpy_pointcloud_publisher/share/ament_index
[30.769s] creating /home/muhuaguan/ros2_ws/install/examples_rclpy_pointcloud_publisher/share/ament_index/resource_index
[30.770s] creating /home/muhuaguan/ros2_ws/install/examples_rclpy_pointcloud_publisher/share/ament_index/resource_index/packages
[30.770s] copying resource/examples_rclpy_pointcloud_publisher -> /home/muhuaguan/ros2_ws/install/examples_rclpy_pointcloud_publisher/share/ament_index/resource_index/packages
[30.771s] copying package.xml -> /home/muhuaguan/ros2_ws/install/examples_rclpy_pointcloud_publisher/share/examples_rclpy_pointcloud_publisher
[30.898s] Invoked command in '/home/muhuaguan/ros2_ws/build/examples_rclpy_pointcloud_publisher' returned '0': PYTHONPATH=/home/muhuaguan/ros2_ws/build/examples_rclpy_pointcloud_publisher/prefix_override:/home/muhuaguan/ros2_ws/install/examples_rclpy_pointcloud_publisher/lib/python3.10/site-packages:${PYTHONPATH} /usr/bin/python3 setup.py develop --editable --build-directory /home/muhuaguan/ros2_ws/build/examples_rclpy_pointcloud_publisher/build --no-deps install_data
