[0.079s] Invoking command in '/home/muhuaguan/ros2_ws/build/examples_rclcpp_multithreaded_executor': CMAKE_PREFIX_PATH=/opt/ros/humble /usr/bin/cmake /home/muhuaguan/ros2_ws/src/examples/rclcpp/executors/multithreaded_executor -DCMAKE_INSTALL_PREFIX=/home/muhuaguan/ros2_ws/install/examples_rclcpp_multithreaded_executor
[1.099s] -- Found ament_cmake: 1.3.5 (/opt/ros/humble/share/ament_cmake/cmake)
[1.099s] -- Override CMake install command with custom implementation using symlinks instead of copying resources
[1.100s] -- Found rclcpp: 16.0.4 (/opt/ros/humble/share/rclcpp/cmake)
[1.100s] -- Found rosidl_generator_c: 3.1.4 (/opt/ros/humble/share/rosidl_generator_c/cmake)
[1.100s] -- Found rosidl_adapter: 3.1.4 (/opt/ros/humble/share/rosidl_adapter/cmake)
[1.100s] -- Found rosidl_generator_cpp: 3.1.4 (/opt/ros/humble/share/rosidl_generator_cpp/cmake)
[1.100s] -- Using all available rosidl_typesupport_c: rosidl_typesupport_fastrtps_c;rosidl_typesupport_introspection_c
[1.100s] -- Using all available rosidl_typesupport_cpp: rosidl_typesupport_fastrtps_cpp;rosidl_typesupport_introspection_cpp
[1.100s] -- Found rmw_implementation_cmake: 6.1.1 (/opt/ros/humble/share/rmw_implementation_cmake/cmake)
[1.100s] -- Found rmw_cyclonedds_cpp: 1.3.4 (/opt/ros/humble/share/rmw_cyclonedds_cpp/cmake)
[1.100s] -- Using RMW implementation 'rmw_cyclonedds_cpp' as default
[1.144s] -- Found ament_lint_auto: 0.12.6 (/opt/ros/humble/share/ament_lint_auto/cmake)
[1.297s] -- Added test 'copyright' to check source files copyright and LICENSE
[1.297s] -- Added test 'cppcheck' to perform static code analysis on C / C++ code
[1.297s] -- Configured cppcheck include dirs: 
[1.297s] -- Configured cppcheck exclude dirs and/or files: 
[1.297s] -- Added test 'cpplint' to check C / C++ code against the Google style
[1.297s] -- Configured cpplint exclude dirs and/or files: 
[1.297s] -- Added test 'lint_cmake' to check CMake code style
[1.297s] -- Added test 'uncrustify' to check C / C++ code style
[1.297s] -- Configured uncrustify additional arguments: 
[1.308s] -- Added test 'xmllint' to check XML markup files
[1.308s] -- Configuring done
[1.333s] -- Generating done
[1.334s] -- Build files have been written to: /home/muhuaguan/ros2_ws/build/examples_rclcpp_multithreaded_executor
[1.348s] Invoked command in '/home/muhuaguan/ros2_ws/build/examples_rclcpp_multithreaded_executor' returned '0': CMAKE_PREFIX_PATH=/opt/ros/humble /usr/bin/cmake /home/muhuaguan/ros2_ws/src/examples/rclcpp/executors/multithreaded_executor -DCMAKE_INSTALL_PREFIX=/home/muhuaguan/ros2_ws/install/examples_rclcpp_multithreaded_executor
[1.349s] Invoking command in '/home/muhuaguan/ros2_ws/build/examples_rclcpp_multithreaded_executor': CMAKE_PREFIX_PATH=/opt/ros/humble /usr/bin/cmake --build /home/muhuaguan/ros2_ws/build/examples_rclcpp_multithreaded_executor -- -j12 -l12
[1.449s] [35m[1mConsolidate compiler generated dependencies of target multithreaded_executor[0m
[1.490s] [100%] Built target multithreaded_executor
[1.525s] Invoked command in '/home/muhuaguan/ros2_ws/build/examples_rclcpp_multithreaded_executor' returned '0': CMAKE_PREFIX_PATH=/opt/ros/humble /usr/bin/cmake --build /home/muhuaguan/ros2_ws/build/examples_rclcpp_multithreaded_executor -- -j12 -l12
[1.637s] Invoking command in '/home/muhuaguan/ros2_ws/build/examples_rclcpp_multithreaded_executor': CMAKE_PREFIX_PATH=/opt/ros/humble /usr/bin/cmake --install /home/muhuaguan/ros2_ws/build/examples_rclcpp_multithreaded_executor
[1.644s] -- Install configuration: ""
[1.645s] -- Execute custom install script
[1.648s] -- Up-to-date symlink: /home/muhuaguan/ros2_ws/install/examples_rclcpp_multithreaded_executor/lib/examples_rclcpp_multithreaded_executor/multithreaded_executor
[1.648s] -- Up-to-date symlink: /home/muhuaguan/ros2_ws/install/examples_rclcpp_multithreaded_executor/share/ament_index/resource_index/package_run_dependencies/examples_rclcpp_multithreaded_executor
[1.648s] -- Up-to-date symlink: /home/muhuaguan/ros2_ws/install/examples_rclcpp_multithreaded_executor/share/ament_index/resource_index/parent_prefix_path/examples_rclcpp_multithreaded_executor
[1.648s] -- Up-to-date symlink: /home/muhuaguan/ros2_ws/install/examples_rclcpp_multithreaded_executor/share/examples_rclcpp_multithreaded_executor/environment/ament_prefix_path.sh
[1.648s] -- Up-to-date symlink: /home/muhuaguan/ros2_ws/install/examples_rclcpp_multithreaded_executor/share/examples_rclcpp_multithreaded_executor/environment/ament_prefix_path.dsv
[1.648s] -- Up-to-date symlink: /home/muhuaguan/ros2_ws/install/examples_rclcpp_multithreaded_executor/share/examples_rclcpp_multithreaded_executor/environment/path.sh
[1.648s] -- Up-to-date symlink: /home/muhuaguan/ros2_ws/install/examples_rclcpp_multithreaded_executor/share/examples_rclcpp_multithreaded_executor/environment/path.dsv
[1.648s] -- Up-to-date symlink: /home/muhuaguan/ros2_ws/install/examples_rclcpp_multithreaded_executor/share/examples_rclcpp_multithreaded_executor/local_setup.bash
[1.648s] -- Up-to-date symlink: /home/muhuaguan/ros2_ws/install/examples_rclcpp_multithreaded_executor/share/examples_rclcpp_multithreaded_executor/local_setup.sh
[1.649s] -- Up-to-date symlink: /home/muhuaguan/ros2_ws/install/examples_rclcpp_multithreaded_executor/share/examples_rclcpp_multithreaded_executor/local_setup.zsh
[1.649s] -- Up-to-date symlink: /home/muhuaguan/ros2_ws/install/examples_rclcpp_multithreaded_executor/share/examples_rclcpp_multithreaded_executor/local_setup.dsv
[1.649s] -- Symlinking: /home/muhuaguan/ros2_ws/install/examples_rclcpp_multithreaded_executor/share/examples_rclcpp_multithreaded_executor/package.dsv
[1.658s] -- Up-to-date symlink: /home/muhuaguan/ros2_ws/install/examples_rclcpp_multithreaded_executor/share/ament_index/resource_index/packages/examples_rclcpp_multithreaded_executor
[1.660s] -- Up-to-date symlink: /home/muhuaguan/ros2_ws/install/examples_rclcpp_multithreaded_executor/share/examples_rclcpp_multithreaded_executor/cmake/examples_rclcpp_multithreaded_executorConfig.cmake
[1.660s] -- Up-to-date symlink: /home/muhuaguan/ros2_ws/install/examples_rclcpp_multithreaded_executor/share/examples_rclcpp_multithreaded_executor/cmake/examples_rclcpp_multithreaded_executorConfig-version.cmake
[1.661s] -- Up-to-date symlink: /home/muhuaguan/ros2_ws/install/examples_rclcpp_multithreaded_executor/share/examples_rclcpp_multithreaded_executor/package.xml
[1.728s] Invoked command in '/home/muhuaguan/ros2_ws/build/examples_rclcpp_multithreaded_executor' returned '0': CMAKE_PREFIX_PATH=/opt/ros/humble /usr/bin/cmake --install /home/muhuaguan/ros2_ws/build/examples_rclcpp_multithreaded_executor
