[0.058s] Invoking command in '/home/muhuaguan/ros2_ws/build/examples_rclcpp_minimal_action_server': CMAKE_PREFIX_PATH=/opt/ros/humble /usr/bin/cmake /home/muhuaguan/ros2_ws/src/examples/rclcpp/actions/minimal_action_server -DCMAKE_INSTALL_PREFIX=/home/muhuaguan/ros2_ws/install/examples_rclcpp_minimal_action_server
[0.122s] -- Found ament_cmake: 1.3.5 (/opt/ros/humble/share/ament_cmake/cmake)
[0.271s] -- Override CMake install command with custom implementation using symlinks instead of copying resources
[0.283s] -- Found example_interfaces: 0.9.3 (/opt/ros/humble/share/example_interfaces/cmake)
[0.326s] -- Found rosidl_generator_c: 3.1.4 (/opt/ros/humble/share/rosidl_generator_c/cmake)
[0.330s] -- Found rosidl_adapter: 3.1.4 (/opt/ros/humble/share/rosidl_adapter/cmake)
[0.340s] -- Found rosidl_generator_cpp: 3.1.4 (/opt/ros/humble/share/rosidl_generator_cpp/cmake)
[0.359s] -- Using all available rosidl_typesupport_c: rosidl_typesupport_fastrtps_c;rosidl_typesupport_introspection_c
[0.385s] -- Using all available rosidl_typesupport_cpp: rosidl_typesupport_fastrtps_cpp;rosidl_typesupport_introspection_cpp
[0.688s] -- Found rclcpp: 16.0.4 (/opt/ros/humble/share/rclcpp/cmake)
[0.769s] -- Found rmw_implementation_cmake: 6.1.1 (/opt/ros/humble/share/rmw_implementation_cmake/cmake)
[0.773s] -- Found rmw_cyclonedds_cpp: 1.3.4 (/opt/ros/humble/share/rmw_cyclonedds_cpp/cmake)
[0.856s] -- Using RMW implementation 'rmw_cyclonedds_cpp' as default
[1.168s] -- Found rclcpp_action: 16.0.4 (/opt/ros/humble/share/rclcpp_action/cmake)
[1.217s] -- Found ament_lint_auto: 0.12.6 (/opt/ros/humble/share/ament_lint_auto/cmake)
[1.346s] -- Added test 'copyright' to check source files copyright and LICENSE
[1.347s] -- Added test 'cppcheck' to perform static code analysis on C / C++ code
[1.347s] -- Configured cppcheck include dirs: 
[1.348s] -- Configured cppcheck exclude dirs and/or files: 
[1.348s] -- Added test 'cpplint' to check C / C++ code against the Google style
[1.348s] -- Configured cpplint exclude dirs and/or files: 
[1.349s] -- Added test 'lint_cmake' to check CMake code style
[1.350s] -- Added test 'uncrustify' to check C / C++ code style
[1.350s] -- Configured uncrustify additional arguments: 
[1.350s] -- Added test 'xmllint' to check XML markup files
[1.355s] -- Configuring done
[1.387s] -- Generating done
[1.394s] -- Build files have been written to: /home/muhuaguan/ros2_ws/build/examples_rclcpp_minimal_action_server
[1.407s] Invoked command in '/home/muhuaguan/ros2_ws/build/examples_rclcpp_minimal_action_server' returned '0': CMAKE_PREFIX_PATH=/opt/ros/humble /usr/bin/cmake /home/muhuaguan/ros2_ws/src/examples/rclcpp/actions/minimal_action_server -DCMAKE_INSTALL_PREFIX=/home/muhuaguan/ros2_ws/install/examples_rclcpp_minimal_action_server
[1.408s] Invoking command in '/home/muhuaguan/ros2_ws/build/examples_rclcpp_minimal_action_server': CMAKE_PREFIX_PATH=/opt/ros/humble /usr/bin/cmake --build /home/muhuaguan/ros2_ws/build/examples_rclcpp_minimal_action_server -- -j12 -l12
[1.501s] [35m[1mConsolidate compiler generated dependencies of target action_server_not_composable[0m
[1.502s] [35m[1mConsolidate compiler generated dependencies of target action_server_member_functions[0m
[1.558s] [ 50%] Built target action_server_not_composable
[1.563s] [100%] Built target action_server_member_functions
[1.627s] Invoked command in '/home/muhuaguan/ros2_ws/build/examples_rclcpp_minimal_action_server' returned '0': CMAKE_PREFIX_PATH=/opt/ros/humble /usr/bin/cmake --build /home/muhuaguan/ros2_ws/build/examples_rclcpp_minimal_action_server -- -j12 -l12
[1.785s] Invoking command in '/home/muhuaguan/ros2_ws/build/examples_rclcpp_minimal_action_server': CMAKE_PREFIX_PATH=/opt/ros/humble /usr/bin/cmake --install /home/muhuaguan/ros2_ws/build/examples_rclcpp_minimal_action_server
[1.794s] -- Install configuration: ""
[1.797s] -- Execute custom install script
[1.798s] -- Up-to-date symlink: /home/muhuaguan/ros2_ws/install/examples_rclcpp_minimal_action_server/lib/examples_rclcpp_minimal_action_server/action_server_not_composable
[1.798s] -- Up-to-date symlink: /home/muhuaguan/ros2_ws/install/examples_rclcpp_minimal_action_server/lib/examples_rclcpp_minimal_action_server/action_server_member_functions
[1.798s] -- Up-to-date symlink: /home/muhuaguan/ros2_ws/install/examples_rclcpp_minimal_action_server/share/ament_index/resource_index/package_run_dependencies/examples_rclcpp_minimal_action_server
[1.799s] -- Up-to-date symlink: /home/muhuaguan/ros2_ws/install/examples_rclcpp_minimal_action_server/share/ament_index/resource_index/parent_prefix_path/examples_rclcpp_minimal_action_server
[1.799s] -- Up-to-date symlink: /home/muhuaguan/ros2_ws/install/examples_rclcpp_minimal_action_server/share/examples_rclcpp_minimal_action_server/environment/ament_prefix_path.sh
[1.799s] -- Up-to-date symlink: /home/muhuaguan/ros2_ws/install/examples_rclcpp_minimal_action_server/share/examples_rclcpp_minimal_action_server/environment/ament_prefix_path.dsv
[1.799s] -- Up-to-date symlink: /home/muhuaguan/ros2_ws/install/examples_rclcpp_minimal_action_server/share/examples_rclcpp_minimal_action_server/environment/path.sh
[1.801s] -- Up-to-date symlink: /home/muhuaguan/ros2_ws/install/examples_rclcpp_minimal_action_server/share/examples_rclcpp_minimal_action_server/environment/path.dsv
[1.801s] -- Up-to-date symlink: /home/muhuaguan/ros2_ws/install/examples_rclcpp_minimal_action_server/share/examples_rclcpp_minimal_action_server/local_setup.bash
[1.801s] -- Up-to-date symlink: /home/muhuaguan/ros2_ws/install/examples_rclcpp_minimal_action_server/share/examples_rclcpp_minimal_action_server/local_setup.sh
[1.802s] -- Up-to-date symlink: /home/muhuaguan/ros2_ws/install/examples_rclcpp_minimal_action_server/share/examples_rclcpp_minimal_action_server/local_setup.zsh
[1.802s] -- Up-to-date symlink: /home/muhuaguan/ros2_ws/install/examples_rclcpp_minimal_action_server/share/examples_rclcpp_minimal_action_server/local_setup.dsv
[1.802s] -- Symlinking: /home/muhuaguan/ros2_ws/install/examples_rclcpp_minimal_action_server/share/examples_rclcpp_minimal_action_server/package.dsv
[1.805s] -- Up-to-date symlink: /home/muhuaguan/ros2_ws/install/examples_rclcpp_minimal_action_server/share/ament_index/resource_index/packages/examples_rclcpp_minimal_action_server
[1.806s] -- Up-to-date symlink: /home/muhuaguan/ros2_ws/install/examples_rclcpp_minimal_action_server/share/examples_rclcpp_minimal_action_server/cmake/examples_rclcpp_minimal_action_serverConfig.cmake
[1.807s] -- Up-to-date symlink: /home/muhuaguan/ros2_ws/install/examples_rclcpp_minimal_action_server/share/examples_rclcpp_minimal_action_server/cmake/examples_rclcpp_minimal_action_serverConfig-version.cmake
[1.809s] -- Up-to-date symlink: /home/muhuaguan/ros2_ws/install/examples_rclcpp_minimal_action_server/share/examples_rclcpp_minimal_action_server/package.xml
[2.496s] Invoked command in '/home/muhuaguan/ros2_ws/build/examples_rclcpp_minimal_action_server' returned '0': CMAKE_PREFIX_PATH=/opt/ros/humble /usr/bin/cmake --install /home/muhuaguan/ros2_ws/build/examples_rclcpp_minimal_action_server
