[3.814s] Invoking command in '/home/muhuaguan/ros2_ws/build/examples_rclpy_minimal_action_server': PYTHONPATH=/home/muhuaguan/ros2_ws/build/examples_rclpy_minimal_action_server/prefix_override:/home/muhuaguan/ros2_ws/install/examples_rclpy_minimal_action_server/lib/python3.10/site-packages:${PYTHONPATH} /usr/bin/python3 setup.py develop --uninstall --editable --build-directory /home/muhuaguan/ros2_ws/build/examples_rclpy_minimal_action_server/build
[4.926s] running develop
[4.927s] /usr/lib/python3/dist-packages/setuptools/command/easy_install.py:158: EasyInstallDeprecationWarning: easy_install command is deprecated. Use build and pip and other standards-based tools.
[4.927s]   warnings.warn(
[4.931s] /usr/lib/python3/dist-packages/setuptools/command/install.py:34: SetuptoolsDeprecationWarning: setup.py install is deprecated. Use build and pip and other standards-based tools.
[4.931s]   warnings.warn(
[5.197s] /usr/lib/python3/dist-packages/pkg_resources/__init__.py:116: PkgResourcesDeprecationWarning: 1.16.0-unknown is an invalid version and will not be supported in a future release
[5.198s]   warnings.warn(
[5.198s] /usr/lib/python3/dist-packages/pkg_resources/__init__.py:116: PkgResourcesDeprecationWarning: 1.1build1 is an invalid version and will not be supported in a future release
[5.199s]   warnings.warn(
[6.198s] Invoked command in '/home/muhuaguan/ros2_ws/build/examples_rclpy_minimal_action_server' returned '0': PYTHONPATH=/home/muhuaguan/ros2_ws/build/examples_rclpy_minimal_action_server/prefix_override:/home/muhuaguan/ros2_ws/install/examples_rclpy_minimal_action_server/lib/python3.10/site-packages:${PYTHONPATH} /usr/bin/python3 setup.py develop --uninstall --editable --build-directory /home/muhuaguan/ros2_ws/build/examples_rclpy_minimal_action_server/build
[6.200s] Invoking command in '/home/muhuaguan/ros2_ws/src/examples/rclpy/actions/minimal_action_server': PYTHONPATH=/home/muhuaguan/ros2_ws/build/examples_rclpy_minimal_action_server/prefix_override:/home/muhuaguan/ros2_ws/install/examples_rclpy_minimal_action_server/lib/python3.10/site-packages:${PYTHONPATH} /usr/bin/python3 setup.py egg_info --egg-base ../../../../../build/examples_rclpy_minimal_action_server build --build-base /home/muhuaguan/ros2_ws/build/examples_rclpy_minimal_action_server/build install --record /home/muhuaguan/ros2_ws/build/examples_rclpy_minimal_action_server/install.log --single-version-externally-managed
[7.653s] running egg_info
[7.656s] writing ../../../../../build/examples_rclpy_minimal_action_server/examples_rclpy_minimal_action_server.egg-info/PKG-INFO
[7.657s] writing dependency_links to ../../../../../build/examples_rclpy_minimal_action_server/examples_rclpy_minimal_action_server.egg-info/dependency_links.txt
[7.657s] writing entry points to ../../../../../build/examples_rclpy_minimal_action_server/examples_rclpy_minimal_action_server.egg-info/entry_points.txt
[7.658s] writing requirements to ../../../../../build/examples_rclpy_minimal_action_server/examples_rclpy_minimal_action_server.egg-info/requires.txt
[7.658s] writing top-level names to ../../../../../build/examples_rclpy_minimal_action_server/examples_rclpy_minimal_action_server.egg-info/top_level.txt
[7.665s] reading manifest file '../../../../../build/examples_rclpy_minimal_action_server/examples_rclpy_minimal_action_server.egg-info/SOURCES.txt'
[7.669s] writing manifest file '../../../../../build/examples_rclpy_minimal_action_server/examples_rclpy_minimal_action_server.egg-info/SOURCES.txt'
[7.670s] running build
[7.670s] running build_py
[7.671s] running install
[7.672s] /usr/lib/python3/dist-packages/setuptools/command/install.py:34: SetuptoolsDeprecationWarning: setup.py install is deprecated. Use build and pip and other standards-based tools.
[7.672s]   warnings.warn(
[7.673s] running install_lib
[7.678s] running install_data
[7.680s] running install_egg_info
[7.686s] removing '/home/muhuaguan/ros2_ws/install/examples_rclpy_minimal_action_server/lib/python3.10/site-packages/examples_rclpy_minimal_action_server-0.15.1-py3.10.egg-info' (and everything under it)
[7.687s] Copying ../../../../../build/examples_rclpy_minimal_action_server/examples_rclpy_minimal_action_server.egg-info to /home/muhuaguan/ros2_ws/install/examples_rclpy_minimal_action_server/lib/python3.10/site-packages/examples_rclpy_minimal_action_server-0.15.1-py3.10.egg-info
[7.691s] running install_scripts
[7.768s] Installing server script to /home/muhuaguan/ros2_ws/install/examples_rclpy_minimal_action_server/lib/examples_rclpy_minimal_action_server
[7.769s] Installing server_defer script to /home/muhuaguan/ros2_ws/install/examples_rclpy_minimal_action_server/lib/examples_rclpy_minimal_action_server
[7.769s] Installing server_not_composable script to /home/muhuaguan/ros2_ws/install/examples_rclpy_minimal_action_server/lib/examples_rclpy_minimal_action_server
[7.770s] Installing server_queue_goals script to /home/muhuaguan/ros2_ws/install/examples_rclpy_minimal_action_server/lib/examples_rclpy_minimal_action_server
[7.771s] Installing server_single_goal script to /home/muhuaguan/ros2_ws/install/examples_rclpy_minimal_action_server/lib/examples_rclpy_minimal_action_server
[7.773s] writing list of installed files to '/home/muhuaguan/ros2_ws/build/examples_rclpy_minimal_action_server/install.log'
[7.844s] Invoked command in '/home/muhuaguan/ros2_ws/src/examples/rclpy/actions/minimal_action_server' returned '0': PYTHONPATH=/home/muhuaguan/ros2_ws/build/examples_rclpy_minimal_action_server/prefix_override:/home/muhuaguan/ros2_ws/install/examples_rclpy_minimal_action_server/lib/python3.10/site-packages:${PYTHONPATH} /usr/bin/python3 setup.py egg_info --egg-base ../../../../../build/examples_rclpy_minimal_action_server build --build-base /home/muhuaguan/ros2_ws/build/examples_rclpy_minimal_action_server/build install --record /home/muhuaguan/ros2_ws/build/examples_rclpy_minimal_action_server/install.log --single-version-externally-managed
