[0.071s] Invoking command in '/home/muhuaguan/ros2_ws/build/examples_rclcpp_async_client': CMAKE_PREFIX_PATH=/opt/ros/humble /usr/bin/cmake /home/muhuaguan/ros2_ws/src/examples/rclcpp/services/async_client -DAMENT_CMAKE_SYMLINK_INSTALL=1 -DCMAKE_INSTALL_PREFIX=/home/muhuaguan/ros2_ws/install/examples_rclcpp_async_client
[0.344s] -- The C compiler identification is GNU 11.4.0
[0.613s] -- The CXX compiler identification is GNU 11.4.0
[0.623s] -- Detecting C compiler ABI info
[0.784s] -- Detecting C compiler ABI info - done
[0.797s] -- Check for working C compiler: /usr/bin/cc - skipped
[0.797s] -- Detecting C compile features
[0.798s] -- Detecting C compile features - done
[0.802s] -- Detecting CXX compiler ABI info
[0.974s] -- Detecting CXX compiler ABI info - done
[0.990s] -- Check for working CXX compiler: /usr/bin/c++ - skipped
[0.990s] -- Detecting CXX compile features
[0.991s] -- Detecting CXX compile features - done
[0.994s] -- Found ament_cmake: 1.3.5 (/opt/ros/humble/share/ament_cmake/cmake)
[1.274s] -- Found Python3: /usr/bin/python3.10 (found version "3.10.12") found components: Interpreter 
[1.394s] -- Override CMake install command with custom implementation using symlinks instead of copying resources
[1.442s] -- Found example_interfaces: 0.9.3 (/opt/ros/humble/share/example_interfaces/cmake)
[1.467s] -- Found rosidl_generator_c: 3.1.4 (/opt/ros/humble/share/rosidl_generator_c/cmake)
[1.474s] -- Found rosidl_adapter: 3.1.4 (/opt/ros/humble/share/rosidl_adapter/cmake)
[1.487s] -- Found rosidl_generator_cpp: 3.1.4 (/opt/ros/humble/share/rosidl_generator_cpp/cmake)
[1.510s] -- Using all available rosidl_typesupport_c: rosidl_typesupport_fastrtps_c;rosidl_typesupport_introspection_c
[1.541s] -- Using all available rosidl_typesupport_cpp: rosidl_typesupport_fastrtps_cpp;rosidl_typesupport_introspection_cpp
[1.820s] -- Found rclcpp: 16.0.4 (/opt/ros/humble/share/rclcpp/cmake)
[1.921s] -- Found rmw_implementation_cmake: 6.1.1 (/opt/ros/humble/share/rmw_implementation_cmake/cmake)
[1.925s] -- Found rmw_cyclonedds_cpp: 1.3.4 (/opt/ros/humble/share/rmw_cyclonedds_cpp/cmake)
[1.982s] -- Using RMW implementation 'rmw_cyclonedds_cpp' as default
[1.997s] -- Looking for pthread.h
[2.129s] -- Looking for pthread.h - found
[2.130s] -- Performing Test CMAKE_HAVE_LIBC_PTHREAD
[2.269s] -- Performing Test CMAKE_HAVE_LIBC_PTHREAD - Success
[2.271s] -- Found Threads: TRUE  
[2.599s] -- Found ament_lint_auto: 0.12.6 (/opt/ros/humble/share/ament_lint_auto/cmake)
[2.743s] -- Added test 'copyright' to check source files copyright and LICENSE
[2.744s] -- Added test 'cppcheck' to perform static code analysis on C / C++ code
[2.744s] -- Configured cppcheck include dirs: 
[2.744s] -- Configured cppcheck exclude dirs and/or files: 
[2.745s] -- Added test 'cpplint' to check C / C++ code against the Google style
[2.745s] -- Configured cpplint exclude dirs and/or files: 
[2.746s] -- Added test 'lint_cmake' to check CMake code style
[2.748s] -- Added test 'uncrustify' to check C / C++ code style
[2.748s] -- Configured uncrustify additional arguments: 
[2.748s] -- Added test 'xmllint' to check XML markup files
[2.752s] -- Configuring done
[2.790s] -- Generating done
[2.792s] -- Build files have been written to: /home/muhuaguan/ros2_ws/build/examples_rclcpp_async_client
[2.824s] Invoked command in '/home/muhuaguan/ros2_ws/build/examples_rclcpp_async_client' returned '0': CMAKE_PREFIX_PATH=/opt/ros/humble /usr/bin/cmake /home/muhuaguan/ros2_ws/src/examples/rclcpp/services/async_client -DAMENT_CMAKE_SYMLINK_INSTALL=1 -DCMAKE_INSTALL_PREFIX=/home/muhuaguan/ros2_ws/install/examples_rclcpp_async_client
[2.825s] Invoking command in '/home/muhuaguan/ros2_ws/build/examples_rclcpp_async_client': CMAKE_PREFIX_PATH=/opt/ros/humble /usr/bin/cmake --build /home/muhuaguan/ros2_ws/build/examples_rclcpp_async_client -- -j12 -l12
[3.007s] [ 50%] [32mBuilding CXX object CMakeFiles/client_main.dir/main.cpp.o[0m
[85.789s] [100%] [32m[1mLinking CXX executable client_main[0m
[89.786s] [100%] Built target client_main
[89.927s] Invoked command in '/home/muhuaguan/ros2_ws/build/examples_rclcpp_async_client' returned '0': CMAKE_PREFIX_PATH=/opt/ros/humble /usr/bin/cmake --build /home/muhuaguan/ros2_ws/build/examples_rclcpp_async_client -- -j12 -l12
[90.210s] Invoking command in '/home/muhuaguan/ros2_ws/build/examples_rclcpp_async_client': CMAKE_PREFIX_PATH=/opt/ros/humble /usr/bin/cmake --install /home/muhuaguan/ros2_ws/build/examples_rclcpp_async_client
[94.381s] -- Install configuration: ""
[94.382s] -- Execute custom install script
[94.382s] -- Symlinking: /home/muhuaguan/ros2_ws/install/examples_rclcpp_async_client/lib/examples_rclcpp_async_client/client_main
[94.383s] -- Symlinking: /home/muhuaguan/ros2_ws/install/examples_rclcpp_async_client/share/ament_index/resource_index/package_run_dependencies/examples_rclcpp_async_client
[94.383s] -- Symlinking: /home/muhuaguan/ros2_ws/install/examples_rclcpp_async_client/share/ament_index/resource_index/parent_prefix_path/examples_rclcpp_async_client
[94.399s] -- Symlinking: /home/muhuaguan/ros2_ws/install/examples_rclcpp_async_client/share/examples_rclcpp_async_client/environment/ament_prefix_path.sh
[94.400s] -- Symlinking: /home/muhuaguan/ros2_ws/install/examples_rclcpp_async_client/share/examples_rclcpp_async_client/environment/ament_prefix_path.dsv
[94.400s] -- Symlinking: /home/muhuaguan/ros2_ws/install/examples_rclcpp_async_client/share/examples_rclcpp_async_client/environment/path.sh
[94.401s] -- Symlinking: /home/muhuaguan/ros2_ws/install/examples_rclcpp_async_client/share/examples_rclcpp_async_client/environment/path.dsv
[94.401s] -- Symlinking: /home/muhuaguan/ros2_ws/install/examples_rclcpp_async_client/share/examples_rclcpp_async_client/local_setup.bash
[94.402s] -- Symlinking: /home/muhuaguan/ros2_ws/install/examples_rclcpp_async_client/share/examples_rclcpp_async_client/local_setup.sh
[94.402s] -- Symlinking: /home/muhuaguan/ros2_ws/install/examples_rclcpp_async_client/share/examples_rclcpp_async_client/local_setup.zsh
[94.403s] -- Symlinking: /home/muhuaguan/ros2_ws/install/examples_rclcpp_async_client/share/examples_rclcpp_async_client/local_setup.dsv
[94.403s] -- Symlinking: /home/muhuaguan/ros2_ws/install/examples_rclcpp_async_client/share/examples_rclcpp_async_client/package.dsv
[94.404s] -- Symlinking: /home/muhuaguan/ros2_ws/install/examples_rclcpp_async_client/share/ament_index/resource_index/packages/examples_rclcpp_async_client
[94.404s] -- Symlinking: /home/muhuaguan/ros2_ws/install/examples_rclcpp_async_client/share/examples_rclcpp_async_client/cmake/examples_rclcpp_async_clientConfig.cmake
[94.404s] -- Symlinking: /home/muhuaguan/ros2_ws/install/examples_rclcpp_async_client/share/examples_rclcpp_async_client/cmake/examples_rclcpp_async_clientConfig-version.cmake
[94.405s] -- Symlinking: /home/muhuaguan/ros2_ws/install/examples_rclcpp_async_client/share/examples_rclcpp_async_client/package.xml
[95.167s] Invoked command in '/home/muhuaguan/ros2_ws/build/examples_rclcpp_async_client' returned '0': CMAKE_PREFIX_PATH=/opt/ros/humble /usr/bin/cmake --install /home/muhuaguan/ros2_ws/build/examples_rclcpp_async_client
