[0.053s] Invoking command in '/home/muhuaguan/ros2_ws/build/examples_rclcpp_minimal_timer': CMAKE_PREFIX_PATH=/opt/ros/humble /usr/bin/cmake /home/muhuaguan/ros2_ws/src/examples/rclcpp/timers/minimal_timer -DAMENT_CMAKE_SYMLINK_INSTALL=1 -DCMAKE_INSTALL_PREFIX=/home/muhuaguan/ros2_ws/install/examples_rclcpp_minimal_timer
[2.705s] -- The C compiler identification is GNU 11.4.0
[2.706s] -- The CXX compiler identification is GNU 11.4.0
[2.706s] -- Detecting C compiler ABI info
[2.706s] -- Detecting C compiler ABI info - done
[2.706s] -- Check for working C compiler: /usr/bin/cc - skipped
[2.707s] -- Detecting C compile features
[2.707s] -- Detecting C compile features - done
[2.707s] -- Detecting CXX compiler ABI info
[2.707s] -- Detecting CXX compiler ABI info - done
[2.707s] -- Check for working CXX compiler: /usr/bin/c++ - skipped
[2.710s] -- Detecting CXX compile features
[2.710s] -- Detecting CXX compile features - done
[2.710s] -- Found ament_cmake: 1.3.5 (/opt/ros/humble/share/ament_cmake/cmake)
[2.710s] -- Found Python3: /usr/bin/python3.10 (found version "3.10.12") found components: Interpreter 
[2.710s] -- Override CMake install command with custom implementation using symlinks instead of copying resources
[2.711s] -- Found rclcpp: 16.0.4 (/opt/ros/humble/share/rclcpp/cmake)
[2.711s] -- Found rosidl_generator_c: 3.1.4 (/opt/ros/humble/share/rosidl_generator_c/cmake)
[2.711s] -- Found rosidl_adapter: 3.1.4 (/opt/ros/humble/share/rosidl_adapter/cmake)
[2.711s] -- Found rosidl_generator_cpp: 3.1.4 (/opt/ros/humble/share/rosidl_generator_cpp/cmake)
[2.711s] -- Using all available rosidl_typesupport_c: rosidl_typesupport_fastrtps_c;rosidl_typesupport_introspection_c
[2.711s] -- Using all available rosidl_typesupport_cpp: rosidl_typesupport_fastrtps_cpp;rosidl_typesupport_introspection_cpp
[2.711s] -- Found rmw_implementation_cmake: 6.1.1 (/opt/ros/humble/share/rmw_implementation_cmake/cmake)
[2.711s] -- Found rmw_cyclonedds_cpp: 1.3.4 (/opt/ros/humble/share/rmw_cyclonedds_cpp/cmake)
[2.712s] -- Using RMW implementation 'rmw_cyclonedds_cpp' as default
[2.712s] -- Looking for pthread.h
[2.712s] -- Looking for pthread.h - found
[2.712s] -- Performing Test CMAKE_HAVE_LIBC_PTHREAD
[2.712s] -- Performing Test CMAKE_HAVE_LIBC_PTHREAD - Success
[2.712s] -- Found Threads: TRUE  
[2.712s] -- Found ament_lint_auto: 0.12.6 (/opt/ros/humble/share/ament_lint_auto/cmake)
[2.712s] -- Added test 'copyright' to check source files copyright and LICENSE
[2.713s] -- Added test 'cppcheck' to perform static code analysis on C / C++ code
[2.713s] -- Configured cppcheck include dirs: 
[2.713s] -- Configured cppcheck exclude dirs and/or files: 
[2.713s] -- Added test 'cpplint' to check C / C++ code against the Google style
[2.713s] -- Configured cpplint exclude dirs and/or files: 
[2.713s] -- Added test 'lint_cmake' to check CMake code style
[2.713s] -- Added test 'uncrustify' to check C / C++ code style
[2.713s] -- Configured uncrustify additional arguments: 
[2.714s] -- Added test 'xmllint' to check XML markup files
[2.714s] -- Configuring done
[2.714s] -- Generating done
[2.714s] -- Build files have been written to: /home/muhuaguan/ros2_ws/build/examples_rclcpp_minimal_timer
[2.738s] Invoked command in '/home/muhuaguan/ros2_ws/build/examples_rclcpp_minimal_timer' returned '0': CMAKE_PREFIX_PATH=/opt/ros/humble /usr/bin/cmake /home/muhuaguan/ros2_ws/src/examples/rclcpp/timers/minimal_timer -DAMENT_CMAKE_SYMLINK_INSTALL=1 -DCMAKE_INSTALL_PREFIX=/home/muhuaguan/ros2_ws/install/examples_rclcpp_minimal_timer
[2.739s] Invoking command in '/home/muhuaguan/ros2_ws/build/examples_rclcpp_minimal_timer': CMAKE_PREFIX_PATH=/opt/ros/humble /usr/bin/cmake --build /home/muhuaguan/ros2_ws/build/examples_rclcpp_minimal_timer -- -j12 -l12
[2.926s] [ 25%] [32mBuilding CXX object CMakeFiles/timer_member_function.dir/member_function.cpp.o[0m
[2.939s] [ 50%] [32mBuilding CXX object CMakeFiles/timer_lambda.dir/lambda.cpp.o[0m
[78.306s] [ 75%] [32m[1mLinking CXX executable timer_member_function[0m
[81.555s] [ 75%] Built target timer_member_function
[83.229s] [100%] [32m[1mLinking CXX executable timer_lambda[0m
[85.651s] [100%] Built target timer_lambda
[85.770s] Invoked command in '/home/muhuaguan/ros2_ws/build/examples_rclcpp_minimal_timer' returned '0': CMAKE_PREFIX_PATH=/opt/ros/humble /usr/bin/cmake --build /home/muhuaguan/ros2_ws/build/examples_rclcpp_minimal_timer -- -j12 -l12
[87.058s] Invoking command in '/home/muhuaguan/ros2_ws/build/examples_rclcpp_minimal_timer': CMAKE_PREFIX_PATH=/opt/ros/humble /usr/bin/cmake --install /home/muhuaguan/ros2_ws/build/examples_rclcpp_minimal_timer
[94.292s] -- Install configuration: ""
[94.292s] -- Execute custom install script
[94.293s] -- Symlinking: /home/muhuaguan/ros2_ws/install/examples_rclcpp_minimal_timer/lib/examples_rclcpp_minimal_timer/timer_lambda
[94.293s] -- Symlinking: /home/muhuaguan/ros2_ws/install/examples_rclcpp_minimal_timer/lib/examples_rclcpp_minimal_timer/timer_member_function
[94.294s] -- Symlinking: /home/muhuaguan/ros2_ws/install/examples_rclcpp_minimal_timer/share/ament_index/resource_index/package_run_dependencies/examples_rclcpp_minimal_timer
[94.294s] -- Symlinking: /home/muhuaguan/ros2_ws/install/examples_rclcpp_minimal_timer/share/ament_index/resource_index/parent_prefix_path/examples_rclcpp_minimal_timer
[94.295s] -- Symlinking: /home/muhuaguan/ros2_ws/install/examples_rclcpp_minimal_timer/share/examples_rclcpp_minimal_timer/environment/ament_prefix_path.sh
[94.295s] -- Symlinking: /home/muhuaguan/ros2_ws/install/examples_rclcpp_minimal_timer/share/examples_rclcpp_minimal_timer/environment/ament_prefix_path.dsv
[94.295s] -- Symlinking: /home/muhuaguan/ros2_ws/install/examples_rclcpp_minimal_timer/share/examples_rclcpp_minimal_timer/environment/path.sh
[94.296s] -- Symlinking: /home/muhuaguan/ros2_ws/install/examples_rclcpp_minimal_timer/share/examples_rclcpp_minimal_timer/environment/path.dsv
[94.296s] -- Symlinking: /home/muhuaguan/ros2_ws/install/examples_rclcpp_minimal_timer/share/examples_rclcpp_minimal_timer/local_setup.bash
[94.297s] -- Symlinking: /home/muhuaguan/ros2_ws/install/examples_rclcpp_minimal_timer/share/examples_rclcpp_minimal_timer/local_setup.sh
[94.297s] -- Symlinking: /home/muhuaguan/ros2_ws/install/examples_rclcpp_minimal_timer/share/examples_rclcpp_minimal_timer/local_setup.zsh
[94.298s] -- Symlinking: /home/muhuaguan/ros2_ws/install/examples_rclcpp_minimal_timer/share/examples_rclcpp_minimal_timer/local_setup.dsv
[94.298s] -- Symlinking: /home/muhuaguan/ros2_ws/install/examples_rclcpp_minimal_timer/share/examples_rclcpp_minimal_timer/package.dsv
[94.299s] -- Symlinking: /home/muhuaguan/ros2_ws/install/examples_rclcpp_minimal_timer/share/ament_index/resource_index/packages/examples_rclcpp_minimal_timer
[94.299s] -- Symlinking: /home/muhuaguan/ros2_ws/install/examples_rclcpp_minimal_timer/share/examples_rclcpp_minimal_timer/cmake/examples_rclcpp_minimal_timerConfig.cmake
[94.299s] -- Symlinking: /home/muhuaguan/ros2_ws/install/examples_rclcpp_minimal_timer/share/examples_rclcpp_minimal_timer/cmake/examples_rclcpp_minimal_timerConfig-version.cmake
[94.300s] -- Symlinking: /home/muhuaguan/ros2_ws/install/examples_rclcpp_minimal_timer/share/examples_rclcpp_minimal_timer/package.xml
[94.800s] Invoked command in '/home/muhuaguan/ros2_ws/build/examples_rclcpp_minimal_timer' returned '0': CMAKE_PREFIX_PATH=/opt/ros/humble /usr/bin/cmake --install /home/muhuaguan/ros2_ws/build/examples_rclcpp_minimal_timer
