[0.056s] Invoking command in '/home/muhuaguan/ros2_ws/build/examples_rclcpp_minimal_service': CMAKE_PREFIX_PATH=/opt/ros/humble /usr/bin/cmake --build /home/muhuaguan/ros2_ws/build/examples_rclcpp_minimal_service -- -j12 -l12
[0.173s] [100%] Built target service_main
[0.186s] Invoked command in '/home/muhuaguan/ros2_ws/build/examples_rclcpp_minimal_service' returned '0': CMAKE_PREFIX_PATH=/opt/ros/humble /usr/bin/cmake --build /home/muhuaguan/ros2_ws/build/examples_rclcpp_minimal_service -- -j12 -l12
[0.294s] Invoking command in '/home/muhuaguan/ros2_ws/build/examples_rclcpp_minimal_service': CMAKE_PREFIX_PATH=/opt/ros/humble /usr/bin/cmake --install /home/muhuaguan/ros2_ws/build/examples_rclcpp_minimal_service
[0.309s] -- Install configuration: ""
[0.310s] -- Execute custom install script
[0.310s] -- Up-to-date symlink: /home/muhuaguan/ros2_ws/install/examples_rclcpp_minimal_service/lib/examples_rclcpp_minimal_service/service_main
[0.311s] -- Up-to-date symlink: /home/muhuaguan/ros2_ws/install/examples_rclcpp_minimal_service/share/ament_index/resource_index/package_run_dependencies/examples_rclcpp_minimal_service
[0.311s] -- Up-to-date symlink: /home/muhuaguan/ros2_ws/install/examples_rclcpp_minimal_service/share/ament_index/resource_index/parent_prefix_path/examples_rclcpp_minimal_service
[0.311s] -- Up-to-date symlink: /home/muhuaguan/ros2_ws/install/examples_rclcpp_minimal_service/share/examples_rclcpp_minimal_service/environment/ament_prefix_path.sh
[0.317s] -- Up-to-date symlink: /home/muhuaguan/ros2_ws/install/examples_rclcpp_minimal_service/share/examples_rclcpp_minimal_service/environment/ament_prefix_path.dsv
[0.317s] -- Up-to-date symlink: /home/muhuaguan/ros2_ws/install/examples_rclcpp_minimal_service/share/examples_rclcpp_minimal_service/environment/path.sh
[0.317s] -- Up-to-date symlink: /home/muhuaguan/ros2_ws/install/examples_rclcpp_minimal_service/share/examples_rclcpp_minimal_service/environment/path.dsv
[0.317s] -- Up-to-date symlink: /home/muhuaguan/ros2_ws/install/examples_rclcpp_minimal_service/share/examples_rclcpp_minimal_service/local_setup.bash
[0.317s] -- Up-to-date symlink: /home/muhuaguan/ros2_ws/install/examples_rclcpp_minimal_service/share/examples_rclcpp_minimal_service/local_setup.sh
[0.317s] -- Up-to-date symlink: /home/muhuaguan/ros2_ws/install/examples_rclcpp_minimal_service/share/examples_rclcpp_minimal_service/local_setup.zsh
[0.317s] -- Up-to-date symlink: /home/muhuaguan/ros2_ws/install/examples_rclcpp_minimal_service/share/examples_rclcpp_minimal_service/local_setup.dsv
[0.318s] -- Symlinking: /home/muhuaguan/ros2_ws/install/examples_rclcpp_minimal_service/share/examples_rclcpp_minimal_service/package.dsv
[0.344s] -- Up-to-date symlink: /home/muhuaguan/ros2_ws/install/examples_rclcpp_minimal_service/share/ament_index/resource_index/packages/examples_rclcpp_minimal_service
[0.344s] -- Up-to-date symlink: /home/muhuaguan/ros2_ws/install/examples_rclcpp_minimal_service/share/examples_rclcpp_minimal_service/cmake/examples_rclcpp_minimal_serviceConfig.cmake
[0.344s] -- Up-to-date symlink: /home/muhuaguan/ros2_ws/install/examples_rclcpp_minimal_service/share/examples_rclcpp_minimal_service/cmake/examples_rclcpp_minimal_serviceConfig-version.cmake
[0.344s] -- Up-to-date symlink: /home/muhuaguan/ros2_ws/install/examples_rclcpp_minimal_service/share/examples_rclcpp_minimal_service/package.xml
[0.400s] Invoked command in '/home/muhuaguan/ros2_ws/build/examples_rclcpp_minimal_service' returned '0': CMAKE_PREFIX_PATH=/opt/ros/humble /usr/bin/cmake --install /home/muhuaguan/ros2_ws/build/examples_rclcpp_minimal_service
