[3.190s] Invoking command in '/home/muhuaguan/ros2_ws/build/examples_rclpy_executors': PYTHONPATH=/home/muhuaguan/ros2_ws/build/examples_rclpy_executors/prefix_override:/home/muhuaguan/ros2_ws/install/examples_rclpy_executors/lib/python3.10/site-packages:${PYTHONPATH} /usr/bin/python3 setup.py develop --uninstall --editable --build-directory /home/muhuaguan/ros2_ws/build/examples_rclpy_executors/build
[3.726s] running develop
[3.726s] /usr/lib/python3/dist-packages/setuptools/command/easy_install.py:158: EasyInstallDeprecationWarning: easy_install command is deprecated. Use build and pip and other standards-based tools.
[3.726s]   warnings.warn(
[3.731s] /usr/lib/python3/dist-packages/setuptools/command/install.py:34: SetuptoolsDeprecationWarning: setup.py install is deprecated. Use build and pip and other standards-based tools.
[3.732s]   warnings.warn(
[3.879s] /usr/lib/python3/dist-packages/pkg_resources/__init__.py:116: PkgResourcesDeprecationWarning: 1.16.0-unknown is an invalid version and will not be supported in a future release
[3.880s]   warnings.warn(
[3.880s] /usr/lib/python3/dist-packages/pkg_resources/__init__.py:116: PkgResourcesDeprecationWarning: 1.1build1 is an invalid version and will not be supported in a future release
[3.880s]   warnings.warn(
[4.205s] Invoked command in '/home/muhuaguan/ros2_ws/build/examples_rclpy_executors' returned '0': PYTHONPATH=/home/muhuaguan/ros2_ws/build/examples_rclpy_executors/prefix_override:/home/muhuaguan/ros2_ws/install/examples_rclpy_executors/lib/python3.10/site-packages:${PYTHONPATH} /usr/bin/python3 setup.py develop --uninstall --editable --build-directory /home/muhuaguan/ros2_ws/build/examples_rclpy_executors/build
[4.205s] Invoking command in '/home/muhuaguan/ros2_ws/src/examples/rclpy/executors': PYTHONPATH=/home/muhuaguan/ros2_ws/build/examples_rclpy_executors/prefix_override:/home/muhuaguan/ros2_ws/install/examples_rclpy_executors/lib/python3.10/site-packages:${PYTHONPATH} /usr/bin/python3 setup.py egg_info --egg-base ../../../../build/examples_rclpy_executors build --build-base /home/muhuaguan/ros2_ws/build/examples_rclpy_executors/build install --record /home/muhuaguan/ros2_ws/build/examples_rclpy_executors/install.log --single-version-externally-managed
[5.168s] /usr/lib/python3/dist-packages/setuptools/command/install.py:34: SetuptoolsDeprecationWarning: setup.py install is deprecated. Use build and pip and other standards-based tools.
[5.169s]   warnings.warn(
[5.169s] running egg_info
[5.170s] writing ../../../../build/examples_rclpy_executors/examples_rclpy_executors.egg-info/PKG-INFO
[5.170s] writing dependency_links to ../../../../build/examples_rclpy_executors/examples_rclpy_executors.egg-info/dependency_links.txt
[5.170s] writing entry points to ../../../../build/examples_rclpy_executors/examples_rclpy_executors.egg-info/entry_points.txt
[5.171s] writing requirements to ../../../../build/examples_rclpy_executors/examples_rclpy_executors.egg-info/requires.txt
[5.171s] writing top-level names to ../../../../build/examples_rclpy_executors/examples_rclpy_executors.egg-info/top_level.txt
[5.172s] reading manifest file '../../../../build/examples_rclpy_executors/examples_rclpy_executors.egg-info/SOURCES.txt'
[5.172s] writing manifest file '../../../../build/examples_rclpy_executors/examples_rclpy_executors.egg-info/SOURCES.txt'
[5.172s] running build
[5.173s] running build_py
[5.173s] running install
[5.174s] running install_lib
[5.175s] running install_data
[5.175s] running install_egg_info
[5.176s] removing '/home/muhuaguan/ros2_ws/install/examples_rclpy_executors/lib/python3.10/site-packages/examples_rclpy_executors-0.15.1-py3.10.egg-info' (and everything under it)
[5.177s] Copying ../../../../build/examples_rclpy_executors/examples_rclpy_executors.egg-info to /home/muhuaguan/ros2_ws/install/examples_rclpy_executors/lib/python3.10/site-packages/examples_rclpy_executors-0.15.1-py3.10.egg-info
[5.184s] running install_scripts
[5.185s] Installing callback_group script to /home/muhuaguan/ros2_ws/install/examples_rclpy_executors/lib/examples_rclpy_executors
[5.186s] Installing composed script to /home/muhuaguan/ros2_ws/install/examples_rclpy_executors/lib/examples_rclpy_executors
[5.187s] Installing custom_callback_group script to /home/muhuaguan/ros2_ws/install/examples_rclpy_executors/lib/examples_rclpy_executors
[5.187s] Installing custom_executor script to /home/muhuaguan/ros2_ws/install/examples_rclpy_executors/lib/examples_rclpy_executors
[5.188s] Installing listener script to /home/muhuaguan/ros2_ws/install/examples_rclpy_executors/lib/examples_rclpy_executors
[5.189s] Installing talker script to /home/muhuaguan/ros2_ws/install/examples_rclpy_executors/lib/examples_rclpy_executors
[5.189s] writing list of installed files to '/home/muhuaguan/ros2_ws/build/examples_rclpy_executors/install.log'
[5.224s] Invoked command in '/home/muhuaguan/ros2_ws/src/examples/rclpy/executors' returned '0': PYTHONPATH=/home/muhuaguan/ros2_ws/build/examples_rclpy_executors/prefix_override:/home/muhuaguan/ros2_ws/install/examples_rclpy_executors/lib/python3.10/site-packages:${PYTHONPATH} /usr/bin/python3 setup.py egg_info --egg-base ../../../../build/examples_rclpy_executors build --build-base /home/muhuaguan/ros2_ws/build/examples_rclpy_executors/build install --record /home/muhuaguan/ros2_ws/build/examples_rclpy_executors/install.log --single-version-externally-managed
