[0.848s] Invoking command in '/home/muhuaguan/ros2_ws/build/turtlesim': CMAKE_PREFIX_PATH=/opt/ros/humble /usr/bin/cmake /home/muhuaguan/ros2_ws/src/ros_tutorials/turtlesim -DCMAKE_INSTALL_PREFIX=/home/muhuaguan/ros2_ws/install/turtlesim
[0.948s] -- The C compiler identification is GNU 11.4.0
[1.101s] -- The CXX compiler identification is GNU 11.4.0
[1.123s] -- Detecting C compiler ABI info
[1.773s] -- Detecting C compiler ABI info - done
[1.851s] -- Check for working C compiler: /usr/bin/cc - skipped
[1.852s] -- Detecting C compile features
[1.855s] -- Detecting C compile features - done
[1.883s] -- Detecting CXX compiler ABI info
[2.519s] -- Detecting CXX compiler ABI info - done
[2.626s] -- Check for working CXX compiler: /usr/bin/c++ - skipped
[2.627s] -- Detecting CXX compile features
[2.630s] -- Detecting CXX compile features - done
[2.661s] -- Found ament_cmake: 1.3.5 (/opt/ros/humble/share/ament_cmake/cmake)
[3.609s] -- Found Python3: /usr/bin/python3.10 (found version "3.10.12") found components: Interpreter 
[4.017s] -- Found ament_index_cpp: 1.4.0 (/opt/ros/humble/share/ament_index_cpp/cmake)
[4.032s] -- Found geometry_msgs: 4.2.3 (/opt/ros/humble/share/geometry_msgs/cmake)
[4.272s] -- Found rosidl_generator_c: 3.1.4 (/opt/ros/humble/share/rosidl_generator_c/cmake)
[4.306s] -- Found rosidl_adapter: 3.1.4 (/opt/ros/humble/share/rosidl_adapter/cmake)
[4.368s] -- Found rosidl_generator_cpp: 3.1.4 (/opt/ros/humble/share/rosidl_generator_cpp/cmake)
[4.464s] -- Using all available rosidl_typesupport_c: rosidl_typesupport_fastrtps_c;rosidl_typesupport_introspection_c
[4.606s] -- Using all available rosidl_typesupport_cpp: rosidl_typesupport_fastrtps_cpp;rosidl_typesupport_introspection_cpp
[5.634s] -- Found rclcpp: 16.0.4 (/opt/ros/humble/share/rclcpp/cmake)
[6.067s] -- Found rmw_implementation_cmake: 6.1.1 (/opt/ros/humble/share/rmw_implementation_cmake/cmake)
[6.088s] -- Found rmw_cyclonedds_cpp: 1.3.4 (/opt/ros/humble/share/rmw_cyclonedds_cpp/cmake)
[6.299s] -- Using RMW implementation 'rmw_cyclonedds_cpp' as default
[6.339s] -- Looking for pthread.h
[6.647s] -- Looking for pthread.h - found
[6.650s] -- Performing Test CMAKE_HAVE_LIBC_PTHREAD
[6.944s] -- Performing Test CMAKE_HAVE_LIBC_PTHREAD - Success
[6.951s] -- Found Threads: TRUE  
[7.599s] -- Found rclcpp_action: 16.0.4 (/opt/ros/humble/share/rclcpp_action/cmake)
[8.127s] -- Found rosidl_default_generators: 1.2.0 (/opt/ros/humble/share/rosidl_default_generators/cmake)
[8.176s] -- Found std_srvs: 4.2.3 (/opt/ros/humble/share/std_srvs/cmake)
[9.469s] -- Found ament_cmake_ros: 0.10.0 (/opt/ros/humble/share/ament_cmake_ros/cmake)
[10.763s] -- Using all available rosidl_typesupport_c: rosidl_typesupport_fastrtps_c;rosidl_typesupport_introspection_c
[11.269s] -- Using all available rosidl_typesupport_cpp: rosidl_typesupport_fastrtps_cpp;rosidl_typesupport_introspection_cpp
[11.357s] -- Found PythonInterp: /usr/bin/python3 (found suitable version "3.10.12", minimum required is "3.6") 
[11.363s] -- Found python_cmake_module: 0.10.0 (/opt/ros/humble/share/python_cmake_module/cmake)
[11.462s] -- Found PythonLibs: /usr/lib/x86_64-linux-gnu/libpython3.10.so (found suitable version "3.10.12", minimum required is "3.5") 
[11.462s] -- Using PYTHON_EXECUTABLE: /usr/bin/python3
[11.463s] -- Using PYTHON_INCLUDE_DIRS: /usr/include/python3.10
[11.463s] -- Using PYTHON_LIBRARIES: /usr/lib/x86_64-linux-gnu/libpython3.10.so
[11.544s] -- Found PythonExtra: .so  
[11.783s] -- Configuring done
[12.100s] -- Generating done
[12.121s] -- Build files have been written to: /home/muhuaguan/ros2_ws/build/turtlesim
[12.152s] Invoked command in '/home/muhuaguan/ros2_ws/build/turtlesim' returned '0': CMAKE_PREFIX_PATH=/opt/ros/humble /usr/bin/cmake /home/muhuaguan/ros2_ws/src/ros_tutorials/turtlesim -DCMAKE_INSTALL_PREFIX=/home/muhuaguan/ros2_ws/install/turtlesim
[12.160s] Invoking command in '/home/muhuaguan/ros2_ws/build/turtlesim': CMAKE_PREFIX_PATH=/opt/ros/humble /usr/bin/cmake --build /home/muhuaguan/ros2_ws/build/turtlesim -- -j12 -l12
[12.313s] [  1%] [34m[1mGenerating C code for ROS interfaces[0m
[12.353s] [  2%] [34m[1mGenerating C++ code for ROS interfaces[0m
[12.383s] [  2%] Built target ament_cmake_python_copy_turtlesim
[13.584s] running egg_info
[13.586s] creating turtlesim.egg-info
[13.587s] writing turtlesim.egg-info/PKG-INFO
[13.587s] writing dependency_links to turtlesim.egg-info/dependency_links.txt
[13.588s] writing top-level names to turtlesim.egg-info/top_level.txt
[13.589s] writing manifest file 'turtlesim.egg-info/SOURCES.txt'
[13.599s] reading manifest file 'turtlesim.egg-info/SOURCES.txt'
[13.601s] writing manifest file 'turtlesim.egg-info/SOURCES.txt'
[13.688s] [  2%] Built target ament_cmake_python_build_turtlesim_egg
[16.026s] [  2%] Built target turtlesim__cpp
[16.075s] [  3%] [34m[1mGenerating C++ type support dispatch for ROS interfaces[0m
[16.080s] [  4%] [34m[1mGenerating C++ type support for eProsima Fast-RTPS[0m
[16.081s] [  5%] [34m[1mGenerating C++ introspection for ROS interfaces[0m
[16.395s] [  6%] [32mBuilding C object CMakeFiles/turtlesim__rosidl_generator_c.dir/rosidl_generator_c/turtlesim/action/detail/rotate_absolute__functions.c.o[0m
[16.400s] [  7%] [32mBuilding C object CMakeFiles/turtlesim__rosidl_generator_c.dir/rosidl_generator_c/turtlesim/msg/detail/color__functions.c.o[0m
[16.409s] [  8%] [32mBuilding C object CMakeFiles/turtlesim__rosidl_generator_c.dir/rosidl_generator_c/turtlesim/msg/detail/pose__functions.c.o[0m
[16.412s] [  9%] [32mBuilding C object CMakeFiles/turtlesim__rosidl_generator_c.dir/rosidl_generator_c/turtlesim/srv/detail/kill__functions.c.o[0m
[16.420s] [ 10%] [32mBuilding C object CMakeFiles/turtlesim__rosidl_generator_c.dir/rosidl_generator_c/turtlesim/srv/detail/set_pen__functions.c.o[0m
[16.428s] [ 11%] [32mBuilding C object CMakeFiles/turtlesim__rosidl_generator_c.dir/rosidl_generator_c/turtlesim/srv/detail/teleport_absolute__functions.c.o[0m
[16.430s] [ 12%] [32mBuilding C object CMakeFiles/turtlesim__rosidl_generator_c.dir/rosidl_generator_c/turtlesim/srv/detail/spawn__functions.c.o[0m
[16.447s] [ 13%] [32mBuilding C object CMakeFiles/turtlesim__rosidl_generator_c.dir/rosidl_generator_c/turtlesim/srv/detail/teleport_relative__functions.c.o[0m
[17.056s] [ 14%] [32m[1mLinking C shared library libturtlesim__rosidl_generator_c.so[0m
[17.213s] [ 14%] Built target turtlesim__rosidl_generator_c
[17.255s] [ 15%] [34m[1mGenerating C type support for eProsima Fast-RTPS[0m
[17.260s] [ 16%] [34m[1mGenerating C introspection for ROS interfaces[0m
[17.266s] [ 17%] [34m[1mGenerating C type support dispatch for ROS interfaces[0m
[18.462s] [ 18%] [32mBuilding CXX object CMakeFiles/turtlesim__rosidl_typesupport_cpp.dir/rosidl_typesupport_cpp/turtlesim/action/rotate_absolute__type_support.cpp.o[0m
[18.468s] [ 19%] [32mBuilding CXX object CMakeFiles/turtlesim__rosidl_typesupport_cpp.dir/rosidl_typesupport_cpp/turtlesim/msg/color__type_support.cpp.o[0m
[18.473s] [ 20%] [32mBuilding CXX object CMakeFiles/turtlesim__rosidl_typesupport_cpp.dir/rosidl_typesupport_cpp/turtlesim/msg/pose__type_support.cpp.o[0m
[18.483s] [ 21%] [32mBuilding CXX object CMakeFiles/turtlesim__rosidl_typesupport_cpp.dir/rosidl_typesupport_cpp/turtlesim/srv/kill__type_support.cpp.o[0m
[18.485s] [ 22%] [32mBuilding CXX object CMakeFiles/turtlesim__rosidl_typesupport_cpp.dir/rosidl_typesupport_cpp/turtlesim/srv/set_pen__type_support.cpp.o[0m
[18.512s] [ 23%] [32mBuilding CXX object CMakeFiles/turtlesim__rosidl_typesupport_cpp.dir/rosidl_typesupport_cpp/turtlesim/srv/spawn__type_support.cpp.o[0m
[18.603s] [ 24%] [32mBuilding CXX object CMakeFiles/turtlesim__rosidl_typesupport_cpp.dir/rosidl_typesupport_cpp/turtlesim/srv/teleport_absolute__type_support.cpp.o[0m
[20.155s] [ 25%] [32mBuilding CXX object CMakeFiles/turtlesim__rosidl_typesupport_cpp.dir/rosidl_typesupport_cpp/turtlesim/srv/teleport_relative__type_support.cpp.o[0m
[20.190s] [ 26%] [32mBuilding CXX object CMakeFiles/turtlesim__rosidl_typesupport_introspection_cpp.dir/rosidl_typesupport_introspection_cpp/turtlesim/action/detail/rotate_absolute__type_support.cpp.o[0m
[20.207s] [ 27%] [32mBuilding CXX object CMakeFiles/turtlesim__rosidl_typesupport_introspection_cpp.dir/rosidl_typesupport_introspection_cpp/turtlesim/msg/detail/color__type_support.cpp.o[0m
[20.236s] [ 28%] [32mBuilding CXX object CMakeFiles/turtlesim__rosidl_typesupport_introspection_cpp.dir/rosidl_typesupport_introspection_cpp/turtlesim/msg/detail/pose__type_support.cpp.o[0m
[20.301s] [ 29%] [32mBuilding CXX object CMakeFiles/turtlesim__rosidl_typesupport_introspection_cpp.dir/rosidl_typesupport_introspection_cpp/turtlesim/srv/detail/kill__type_support.cpp.o[0m
[20.323s] [ 30%] [32mBuilding CXX object CMakeFiles/turtlesim__rosidl_typesupport_c.dir/rosidl_typesupport_c/turtlesim/action/rotate_absolute__type_support.cpp.o[0m
[20.393s] [ 31%] [32mBuilding CXX object CMakeFiles/turtlesim__rosidl_typesupport_c.dir/rosidl_typesupport_c/turtlesim/msg/color__type_support.cpp.o[0m
[20.394s] [ 32%] [32mBuilding CXX object CMakeFiles/turtlesim__rosidl_typesupport_introspection_cpp.dir/rosidl_typesupport_introspection_cpp/turtlesim/srv/detail/set_pen__type_support.cpp.o[0m
[20.582s] [ 33%] [32mBuilding CXX object CMakeFiles/turtlesim__rosidl_typesupport_c.dir/rosidl_typesupport_c/turtlesim/msg/pose__type_support.cpp.o[0m
[20.676s] [ 34%] [32mBuilding CXX object CMakeFiles/turtlesim__rosidl_typesupport_c.dir/rosidl_typesupport_c/turtlesim/srv/kill__type_support.cpp.o[0m
[20.790s] [ 35%] [32mBuilding CXX object CMakeFiles/turtlesim__rosidl_typesupport_c.dir/rosidl_typesupport_c/turtlesim/srv/set_pen__type_support.cpp.o[0m
[20.965s] [ 36%] [32mBuilding CXX object CMakeFiles/turtlesim__rosidl_typesupport_c.dir/rosidl_typesupport_c/turtlesim/srv/spawn__type_support.cpp.o[0m
[21.038s] [ 37%] [32mBuilding CXX object CMakeFiles/turtlesim__rosidl_typesupport_c.dir/rosidl_typesupport_c/turtlesim/srv/teleport_absolute__type_support.cpp.o[0m
[21.218s] [ 38%] [32mBuilding CXX object CMakeFiles/turtlesim__rosidl_typesupport_c.dir/rosidl_typesupport_c/turtlesim/srv/teleport_relative__type_support.cpp.o[0m
[21.352s] [ 39%] [32mBuilding CXX object CMakeFiles/turtlesim__rosidl_typesupport_introspection_cpp.dir/rosidl_typesupport_introspection_cpp/turtlesim/srv/detail/spawn__type_support.cpp.o[0m
[21.485s] [ 40%] [32m[1mLinking CXX shared library libturtlesim__rosidl_typesupport_c.so[0m
[21.658s] [ 41%] [32mBuilding CXX object CMakeFiles/turtlesim__rosidl_typesupport_introspection_cpp.dir/rosidl_typesupport_introspection_cpp/turtlesim/srv/detail/teleport_absolute__type_support.cpp.o[0m
[21.816s] [ 41%] Built target turtlesim__rosidl_typesupport_c
[21.871s] [ 42%] [32mBuilding CXX object CMakeFiles/turtlesim__rosidl_typesupport_introspection_cpp.dir/rosidl_typesupport_introspection_cpp/turtlesim/srv/detail/teleport_relative__type_support.cpp.o[0m
[21.922s] [ 43%] [32mBuilding CXX object CMakeFiles/turtlesim__rosidl_typesupport_fastrtps_cpp.dir/rosidl_typesupport_fastrtps_cpp/turtlesim/action/detail/dds_fastrtps/rotate_absolute__type_support.cpp.o[0m
[22.009s] [ 44%] [32m[1mLinking CXX shared library libturtlesim__rosidl_typesupport_cpp.so[0m
[22.340s] [ 44%] Built target turtlesim__rosidl_typesupport_cpp
[22.407s] [ 45%] [32mBuilding CXX object CMakeFiles/turtlesim__rosidl_typesupport_fastrtps_cpp.dir/rosidl_typesupport_fastrtps_cpp/turtlesim/msg/detail/dds_fastrtps/color__type_support.cpp.o[0m
[22.529s] [ 46%] [32mBuilding CXX object CMakeFiles/turtlesim__rosidl_typesupport_fastrtps_cpp.dir/rosidl_typesupport_fastrtps_cpp/turtlesim/msg/detail/dds_fastrtps/pose__type_support.cpp.o[0m
[23.022s] [ 47%] [32mBuilding CXX object CMakeFiles/turtlesim__rosidl_typesupport_fastrtps_cpp.dir/rosidl_typesupport_fastrtps_cpp/turtlesim/srv/detail/dds_fastrtps/kill__type_support.cpp.o[0m
[23.056s] [ 48%] [34m[1mGenerating include/turtlesim/moc_turtle_frame.cpp[0m
[23.157s] [ 49%] [32mBuilding CXX object CMakeFiles/turtlesim__rosidl_typesupport_fastrtps_c.dir/rosidl_typesupport_fastrtps_c/turtlesim/action/detail/rotate_absolute__type_support_c.cpp.o[0m
[23.181s] [ 50%] [32mBuilding CXX object CMakeFiles/turtle_teleop_key.dir/tutorials/teleop_turtle_key.cpp.o[0m
[23.369s] [ 51%] [32mBuilding C object CMakeFiles/turtlesim__rosidl_typesupport_introspection_c.dir/rosidl_typesupport_introspection_c/turtlesim/action/detail/rotate_absolute__type_support.c.o[0m
[23.600s] [ 52%] [32mBuilding CXX object CMakeFiles/turtlesim_node.dir/src/turtlesim.cpp.o[0m
[23.701s] [ 53%] [32mBuilding C object CMakeFiles/turtlesim__rosidl_typesupport_introspection_c.dir/rosidl_typesupport_introspection_c/turtlesim/msg/detail/color__type_support.c.o[0m
[23.955s] [ 54%] [32mBuilding C object CMakeFiles/turtlesim__rosidl_typesupport_introspection_c.dir/rosidl_typesupport_introspection_c/turtlesim/msg/detail/pose__type_support.c.o[0m
[24.052s] [ 55%] [32mBuilding CXX object CMakeFiles/turtlesim_node.dir/src/turtle.cpp.o[0m
[24.108s] [ 56%] [32mBuilding CXX object CMakeFiles/turtlesim_node.dir/src/turtle_frame.cpp.o[0m
[24.196s] [ 57%] [32mBuilding C object CMakeFiles/turtlesim__rosidl_typesupport_introspection_c.dir/rosidl_typesupport_introspection_c/turtlesim/srv/detail/kill__type_support.c.o[0m
[24.279s] [ 58%] [32mBuilding C object CMakeFiles/turtlesim__rosidl_typesupport_introspection_c.dir/rosidl_typesupport_introspection_c/turtlesim/srv/detail/set_pen__type_support.c.o[0m
[24.411s] [ 59%] [32m[1mLinking CXX shared library libturtlesim__rosidl_typesupport_introspection_cpp.so[0m
[24.468s] [ 60%] [32mBuilding C object CMakeFiles/turtlesim__rosidl_typesupport_introspection_c.dir/rosidl_typesupport_introspection_c/turtlesim/srv/detail/spawn__type_support.c.o[0m
[24.507s] [ 61%] [32mBuilding C object CMakeFiles/turtlesim__rosidl_typesupport_introspection_c.dir/rosidl_typesupport_introspection_c/turtlesim/srv/detail/teleport_absolute__type_support.c.o[0m
[24.714s] [ 62%] [32mBuilding CXX object CMakeFiles/turtlesim_node.dir/include/turtlesim/moc_turtle_frame.cpp.o[0m
[24.786s] [ 63%] [32mBuilding C object CMakeFiles/turtlesim__rosidl_typesupport_introspection_c.dir/rosidl_typesupport_introspection_c/turtlesim/srv/detail/teleport_relative__type_support.c.o[0m
[24.872s] [ 64%] [32mBuilding CXX object CMakeFiles/turtlesim__rosidl_typesupport_fastrtps_cpp.dir/rosidl_typesupport_fastrtps_cpp/turtlesim/srv/detail/dds_fastrtps/set_pen__type_support.cpp.o[0m
[24.996s] [ 64%] Built target turtlesim__rosidl_typesupport_introspection_cpp
[25.009s] [ 65%] [32m[1mLinking C shared library libturtlesim__rosidl_typesupport_introspection_c.so[0m
[25.061s] [ 66%] [32mBuilding CXX object CMakeFiles/turtlesim__rosidl_typesupport_fastrtps_cpp.dir/rosidl_typesupport_fastrtps_cpp/turtlesim/srv/detail/dds_fastrtps/spawn__type_support.cpp.o[0m
[25.248s] [ 66%] Built target turtlesim__rosidl_typesupport_introspection_c
[25.394s] [ 67%] [32mBuilding CXX object CMakeFiles/draw_square.dir/tutorials/draw_square.cpp.o[0m
[25.462s] [ 68%] [32mBuilding CXX object CMakeFiles/turtlesim__rosidl_typesupport_fastrtps_cpp.dir/rosidl_typesupport_fastrtps_cpp/turtlesim/srv/detail/dds_fastrtps/teleport_absolute__type_support.cpp.o[0m
[25.868s] [ 69%] [32mBuilding CXX object CMakeFiles/turtlesim__rosidl_typesupport_fastrtps_c.dir/rosidl_typesupport_fastrtps_c/turtlesim/msg/detail/color__type_support_c.cpp.o[0m
[26.012s] [ 70%] [32mBuilding CXX object CMakeFiles/turtlesim__rosidl_typesupport_fastrtps_cpp.dir/rosidl_typesupport_fastrtps_cpp/turtlesim/srv/detail/dds_fastrtps/teleport_relative__type_support.cpp.o[0m
[26.066s] [ 71%] [32mBuilding CXX object CMakeFiles/turtlesim__rosidl_typesupport_fastrtps_c.dir/rosidl_typesupport_fastrtps_c/turtlesim/msg/detail/pose__type_support_c.cpp.o[0m
[27.386s] [ 72%] [32mBuilding CXX object CMakeFiles/turtlesim__rosidl_typesupport_fastrtps_c.dir/rosidl_typesupport_fastrtps_c/turtlesim/srv/detail/kill__type_support_c.cpp.o[0m
[27.756s] [ 73%] [32mBuilding CXX object CMakeFiles/turtlesim__rosidl_typesupport_fastrtps_c.dir/rosidl_typesupport_fastrtps_c/turtlesim/srv/detail/set_pen__type_support_c.cpp.o[0m
[28.083s] [ 74%] [32mBuilding CXX object CMakeFiles/turtlesim__rosidl_typesupport_fastrtps_c.dir/rosidl_typesupport_fastrtps_c/turtlesim/srv/detail/spawn__type_support_c.cpp.o[0m
[28.253s] [ 75%] [32mBuilding CXX object CMakeFiles/turtlesim__rosidl_typesupport_fastrtps_c.dir/rosidl_typesupport_fastrtps_c/turtlesim/srv/detail/teleport_absolute__type_support_c.cpp.o[0m
[28.348s] [ 76%] [32mBuilding CXX object CMakeFiles/turtlesim__rosidl_typesupport_fastrtps_c.dir/rosidl_typesupport_fastrtps_c/turtlesim/srv/detail/teleport_relative__type_support_c.cpp.o[0m
[28.659s] [ 77%] [32m[1mLinking CXX shared library libturtlesim__rosidl_typesupport_fastrtps_cpp.so[0m
[29.190s] [ 77%] Built target turtlesim__rosidl_typesupport_fastrtps_cpp
[29.330s] [ 78%] [32mBuilding CXX object CMakeFiles/mimic.dir/tutorials/mimic.cpp.o[0m
[30.505s] [ 79%] [32m[1mLinking CXX shared library libturtlesim__rosidl_typesupport_fastrtps_c.so[0m
[30.946s] [ 79%] Built target turtlesim__rosidl_typesupport_fastrtps_c
[31.069s] [ 79%] Built target turtlesim
[31.198s] [ 80%] [34m[1mGenerating Python code for ROS interfaces[0m
[43.209s] [ 80%] Built target turtlesim__py
[43.331s] [ 81%] [32mBuilding C object CMakeFiles/turtlesim__rosidl_generator_py.dir/rosidl_generator_py/turtlesim/msg/_pose_s.c.o[0m
[43.334s] [ 82%] [32mBuilding C object CMakeFiles/turtlesim__rosidl_generator_py.dir/rosidl_generator_py/turtlesim/msg/_color_s.c.o[0m
[43.342s] [ 83%] [32mBuilding C object CMakeFiles/turtlesim__rosidl_generator_py.dir/rosidl_generator_py/turtlesim/action/_rotate_absolute_s.c.o[0m
[43.351s] [ 84%] [32mBuilding C object CMakeFiles/turtlesim__rosidl_generator_py.dir/rosidl_generator_py/turtlesim/srv/_kill_s.c.o[0m
[43.370s] [ 85%] [32mBuilding C object CMakeFiles/turtlesim__rosidl_generator_py.dir/rosidl_generator_py/turtlesim/srv/_set_pen_s.c.o[0m
[43.957s] [ 86%] [32mBuilding C object CMakeFiles/turtlesim__rosidl_generator_py.dir/rosidl_generator_py/turtlesim/srv/_spawn_s.c.o[0m
[43.967s] [ 87%] [32mBuilding C object CMakeFiles/turtlesim__rosidl_generator_py.dir/rosidl_generator_py/turtlesim/srv/_teleport_absolute_s.c.o[0m
[44.050s] [ 88%] [32mBuilding C object CMakeFiles/turtlesim__rosidl_generator_py.dir/rosidl_generator_py/turtlesim/srv/_teleport_relative_s.c.o[0m
[44.758s] [ 89%] [32m[1mLinking C shared library rosidl_generator_py/turtlesim/libturtlesim__rosidl_generator_py.so[0m
[45.019s] [ 89%] Built target turtlesim__rosidl_generator_py
[45.147s] [ 90%] [32mBuilding C object CMakeFiles/turtlesim__rosidl_typesupport_introspection_c__pyext.dir/rosidl_generator_py/turtlesim/_turtlesim_s.ep.rosidl_typesupport_introspection_c.c.o[0m
[45.163s] [ 91%] [32mBuilding C object CMakeFiles/turtlesim__rosidl_typesupport_c__pyext.dir/rosidl_generator_py/turtlesim/_turtlesim_s.ep.rosidl_typesupport_c.c.o[0m
[45.168s] [ 92%] [32mBuilding C object CMakeFiles/turtlesim__rosidl_typesupport_fastrtps_c__pyext.dir/rosidl_generator_py/turtlesim/_turtlesim_s.ep.rosidl_typesupport_fastrtps_c.c.o[0m
[46.173s] [ 93%] [32m[1mLinking C shared library rosidl_generator_py/turtlesim/turtlesim_s__rosidl_typesupport_c.cpython-310-x86_64-linux-gnu.so[0m
[46.177s] [ 94%] [32m[1mLinking C shared library rosidl_generator_py/turtlesim/turtlesim_s__rosidl_typesupport_fastrtps_c.cpython-310-x86_64-linux-gnu.so[0m
[46.299s] [ 95%] [32m[1mLinking C shared library rosidl_generator_py/turtlesim/turtlesim_s__rosidl_typesupport_introspection_c.cpython-310-x86_64-linux-gnu.so[0m
[46.442s] [ 95%] Built target turtlesim__rosidl_typesupport_fastrtps_c__pyext
[46.450s] [ 95%] Built target turtlesim__rosidl_typesupport_c__pyext
[46.575s] [ 95%] Built target turtlesim__rosidl_typesupport_introspection_c__pyext
[48.435s] [ 96%] [32m[1mLinking CXX executable turtle_teleop_key[0m
[49.219s] [ 96%] Built target turtle_teleop_key
[56.699s] [ 97%] [32m[1mLinking CXX executable mimic[0m
[57.694s] [ 97%] Built target mimic
[60.175s] [ 98%] [32m[1mLinking CXX executable draw_square[0m
[61.074s] [ 98%] Built target draw_square
[62.866s] [100%] [32m[1mLinking CXX executable turtlesim_node[0m
[65.182s] [100%] Built target turtlesim_node
[65.196s] Invoked command in '/home/muhuaguan/ros2_ws/build/turtlesim' returned '0': CMAKE_PREFIX_PATH=/opt/ros/humble /usr/bin/cmake --build /home/muhuaguan/ros2_ws/build/turtlesim -- -j12 -l12
[65.592s] Invoking command in '/home/muhuaguan/ros2_ws/build/turtlesim': CMAKE_PREFIX_PATH=/opt/ros/humble /usr/bin/cmake --install /home/muhuaguan/ros2_ws/build/turtlesim
[65.602s] -- Install configuration: ""
[65.602s] -- Installing: /home/muhuaguan/ros2_ws/install/turtlesim/share/ament_index/resource_index/rosidl_interfaces/turtlesim
[65.603s] -- Installing: /home/muhuaguan/ros2_ws/install/turtlesim/include/turtlesim/turtlesim
[65.603s] -- Installing: /home/muhuaguan/ros2_ws/install/turtlesim/include/turtlesim/turtlesim/action
[65.603s] -- Installing: /home/muhuaguan/ros2_ws/install/turtlesim/include/turtlesim/turtlesim/action/rotate_absolute.h
[65.603s] -- Installing: /home/muhuaguan/ros2_ws/install/turtlesim/include/turtlesim/turtlesim/action/detail
[65.604s] -- Installing: /home/muhuaguan/ros2_ws/install/turtlesim/include/turtlesim/turtlesim/action/detail/rotate_absolute__functions.c
[65.605s] -- Installing: /home/muhuaguan/ros2_ws/install/turtlesim/include/turtlesim/turtlesim/action/detail/rotate_absolute__struct.h
[65.605s] -- Installing: /home/muhuaguan/ros2_ws/install/turtlesim/include/turtlesim/turtlesim/action/detail/rotate_absolute__functions.h
[65.606s] -- Installing: /home/muhuaguan/ros2_ws/install/turtlesim/include/turtlesim/turtlesim/action/detail/rotate_absolute__type_support.h
[65.606s] -- Installing: /home/muhuaguan/ros2_ws/install/turtlesim/include/turtlesim/turtlesim/srv
[65.607s] -- Installing: /home/muhuaguan/ros2_ws/install/turtlesim/include/turtlesim/turtlesim/srv/set_pen.h
[65.607s] -- Installing: /home/muhuaguan/ros2_ws/install/turtlesim/include/turtlesim/turtlesim/srv/spawn.h
[65.607s] -- Installing: /home/muhuaguan/ros2_ws/install/turtlesim/include/turtlesim/turtlesim/srv/detail
[65.607s] -- Installing: /home/muhuaguan/ros2_ws/install/turtlesim/include/turtlesim/turtlesim/srv/detail/teleport_relative__functions.h
[65.608s] -- Installing: /home/muhuaguan/ros2_ws/install/turtlesim/include/turtlesim/turtlesim/srv/detail/kill__functions.h
[65.608s] -- Installing: /home/muhuaguan/ros2_ws/install/turtlesim/include/turtlesim/turtlesim/srv/detail/spawn__functions.c
[65.609s] -- Installing: /home/muhuaguan/ros2_ws/install/turtlesim/include/turtlesim/turtlesim/srv/detail/kill__type_support.h
[65.609s] -- Installing: /home/muhuaguan/ros2_ws/install/turtlesim/include/turtlesim/turtlesim/srv/detail/set_pen__struct.h
[65.610s] -- Installing: /home/muhuaguan/ros2_ws/install/turtlesim/include/turtlesim/turtlesim/srv/detail/set_pen__functions.c
[65.610s] -- Installing: /home/muhuaguan/ros2_ws/install/turtlesim/include/turtlesim/turtlesim/srv/detail/spawn__type_support.h
[65.611s] -- Installing: /home/muhuaguan/ros2_ws/install/turtlesim/include/turtlesim/turtlesim/srv/detail/teleport_relative__functions.c
[65.611s] -- Installing: /home/muhuaguan/ros2_ws/install/turtlesim/include/turtlesim/turtlesim/srv/detail/teleport_absolute__functions.h
[65.612s] -- Installing: /home/muhuaguan/ros2_ws/install/turtlesim/include/turtlesim/turtlesim/srv/detail/teleport_relative__type_support.h
[65.612s] -- Installing: /home/muhuaguan/ros2_ws/install/turtlesim/include/turtlesim/turtlesim/srv/detail/kill__functions.c
[65.613s] -- Installing: /home/muhuaguan/ros2_ws/install/turtlesim/include/turtlesim/turtlesim/srv/detail/kill__struct.h
[65.613s] -- Installing: /home/muhuaguan/ros2_ws/install/turtlesim/include/turtlesim/turtlesim/srv/detail/teleport_relative__struct.h
[65.613s] -- Installing: /home/muhuaguan/ros2_ws/install/turtlesim/include/turtlesim/turtlesim/srv/detail/set_pen__functions.h
[65.614s] -- Installing: /home/muhuaguan/ros2_ws/install/turtlesim/include/turtlesim/turtlesim/srv/detail/set_pen__type_support.h
[65.614s] -- Installing: /home/muhuaguan/ros2_ws/install/turtlesim/include/turtlesim/turtlesim/srv/detail/teleport_absolute__functions.c
[65.615s] -- Installing: /home/muhuaguan/ros2_ws/install/turtlesim/include/turtlesim/turtlesim/srv/detail/spawn__functions.h
[65.615s] -- Installing: /home/muhuaguan/ros2_ws/install/turtlesim/include/turtlesim/turtlesim/srv/detail/spawn__struct.h
[65.616s] -- Installing: /home/muhuaguan/ros2_ws/install/turtlesim/include/turtlesim/turtlesim/srv/detail/teleport_absolute__type_support.h
[65.616s] -- Installing: /home/muhuaguan/ros2_ws/install/turtlesim/include/turtlesim/turtlesim/srv/detail/teleport_absolute__struct.h
[65.616s] -- Installing: /home/muhuaguan/ros2_ws/install/turtlesim/include/turtlesim/turtlesim/srv/teleport_relative.h
[65.617s] -- Installing: /home/muhuaguan/ros2_ws/install/turtlesim/include/turtlesim/turtlesim/srv/teleport_absolute.h
[65.617s] -- Installing: /home/muhuaguan/ros2_ws/install/turtlesim/include/turtlesim/turtlesim/srv/kill.h
[65.617s] -- Installing: /home/muhuaguan/ros2_ws/install/turtlesim/include/turtlesim/turtlesim/msg
[65.617s] -- Installing: /home/muhuaguan/ros2_ws/install/turtlesim/include/turtlesim/turtlesim/msg/color.h
[65.618s] -- Installing: /home/muhuaguan/ros2_ws/install/turtlesim/include/turtlesim/turtlesim/msg/detail
[65.618s] -- Installing: /home/muhuaguan/ros2_ws/install/turtlesim/include/turtlesim/turtlesim/msg/detail/color__struct.h
[65.618s] -- Installing: /home/muhuaguan/ros2_ws/install/turtlesim/include/turtlesim/turtlesim/msg/detail/pose__functions.h
[65.618s] -- Installing: /home/muhuaguan/ros2_ws/install/turtlesim/include/turtlesim/turtlesim/msg/detail/color__functions.c
[65.619s] -- Installing: /home/muhuaguan/ros2_ws/install/turtlesim/include/turtlesim/turtlesim/msg/detail/color__type_support.h
[65.619s] -- Installing: /home/muhuaguan/ros2_ws/install/turtlesim/include/turtlesim/turtlesim/msg/detail/pose__functions.c
[65.620s] -- Installing: /home/muhuaguan/ros2_ws/install/turtlesim/include/turtlesim/turtlesim/msg/detail/color__functions.h
[65.620s] -- Installing: /home/muhuaguan/ros2_ws/install/turtlesim/include/turtlesim/turtlesim/msg/detail/pose__type_support.h
[65.620s] -- Installing: /home/muhuaguan/ros2_ws/install/turtlesim/include/turtlesim/turtlesim/msg/detail/pose__struct.h
[65.621s] -- Installing: /home/muhuaguan/ros2_ws/install/turtlesim/include/turtlesim/turtlesim/msg/pose.h
[65.621s] -- Installing: /home/muhuaguan/ros2_ws/install/turtlesim/include/turtlesim/turtlesim/msg/rosidl_generator_c__visibility_control.h
[65.621s] -- Installing: /home/muhuaguan/ros2_ws/install/turtlesim/share/turtlesim/environment/library_path.sh
[65.622s] -- Installing: /home/muhuaguan/ros2_ws/install/turtlesim/share/turtlesim/environment/library_path.dsv
[65.622s] -- Installing: /home/muhuaguan/ros2_ws/install/turtlesim/lib/libturtlesim__rosidl_generator_c.so
[65.624s] -- Set runtime path of "/home/muhuaguan/ros2_ws/install/turtlesim/lib/libturtlesim__rosidl_generator_c.so" to ""
[65.624s] -- Up-to-date: /home/muhuaguan/ros2_ws/install/turtlesim/include/turtlesim/turtlesim
[65.624s] -- Up-to-date: /home/muhuaguan/ros2_ws/install/turtlesim/include/turtlesim/turtlesim/action
[65.625s] -- Up-to-date: /home/muhuaguan/ros2_ws/install/turtlesim/include/turtlesim/turtlesim/action/detail
[65.625s] -- Installing: /home/muhuaguan/ros2_ws/install/turtlesim/include/turtlesim/turtlesim/action/detail/rotate_absolute__rosidl_typesupport_fastrtps_c.h
[65.625s] -- Up-to-date: /home/muhuaguan/ros2_ws/install/turtlesim/include/turtlesim/turtlesim/srv
[65.625s] -- Up-to-date: /home/muhuaguan/ros2_ws/install/turtlesim/include/turtlesim/turtlesim/srv/detail
[65.625s] -- Installing: /home/muhuaguan/ros2_ws/install/turtlesim/include/turtlesim/turtlesim/srv/detail/kill__rosidl_typesupport_fastrtps_c.h
[65.625s] -- Installing: /home/muhuaguan/ros2_ws/install/turtlesim/include/turtlesim/turtlesim/srv/detail/teleport_relative__rosidl_typesupport_fastrtps_c.h
[65.626s] -- Installing: /home/muhuaguan/ros2_ws/install/turtlesim/include/turtlesim/turtlesim/srv/detail/set_pen__rosidl_typesupport_fastrtps_c.h
[65.626s] -- Installing: /home/muhuaguan/ros2_ws/install/turtlesim/include/turtlesim/turtlesim/srv/detail/teleport_absolute__rosidl_typesupport_fastrtps_c.h
[65.626s] -- Installing: /home/muhuaguan/ros2_ws/install/turtlesim/include/turtlesim/turtlesim/srv/detail/spawn__rosidl_typesupport_fastrtps_c.h
[65.627s] -- Up-to-date: /home/muhuaguan/ros2_ws/install/turtlesim/include/turtlesim/turtlesim/msg
[65.627s] -- Up-to-date: /home/muhuaguan/ros2_ws/install/turtlesim/include/turtlesim/turtlesim/msg/detail
[65.627s] -- Installing: /home/muhuaguan/ros2_ws/install/turtlesim/include/turtlesim/turtlesim/msg/detail/pose__rosidl_typesupport_fastrtps_c.h
[65.627s] -- Installing: /home/muhuaguan/ros2_ws/install/turtlesim/include/turtlesim/turtlesim/msg/detail/color__rosidl_typesupport_fastrtps_c.h
[65.628s] -- Installing: /home/muhuaguan/ros2_ws/install/turtlesim/include/turtlesim/turtlesim/msg/rosidl_typesupport_fastrtps_c__visibility_control.h
[65.628s] -- Installing: /home/muhuaguan/ros2_ws/install/turtlesim/lib/libturtlesim__rosidl_typesupport_fastrtps_c.so
[65.630s] -- Set runtime path of "/home/muhuaguan/ros2_ws/install/turtlesim/lib/libturtlesim__rosidl_typesupport_fastrtps_c.so" to ""
[65.630s] -- Up-to-date: /home/muhuaguan/ros2_ws/install/turtlesim/include/turtlesim/turtlesim
[65.630s] -- Up-to-date: /home/muhuaguan/ros2_ws/install/turtlesim/include/turtlesim/turtlesim/action
[65.630s] -- Up-to-date: /home/muhuaguan/ros2_ws/install/turtlesim/include/turtlesim/turtlesim/action/detail
[65.630s] -- Installing: /home/muhuaguan/ros2_ws/install/turtlesim/include/turtlesim/turtlesim/action/detail/rotate_absolute__struct.hpp
[65.631s] -- Installing: /home/muhuaguan/ros2_ws/install/turtlesim/include/turtlesim/turtlesim/action/detail/rotate_absolute__traits.hpp
[65.632s] -- Installing: /home/muhuaguan/ros2_ws/install/turtlesim/include/turtlesim/turtlesim/action/detail/rotate_absolute__builder.hpp
[65.632s] -- Installing: /home/muhuaguan/ros2_ws/install/turtlesim/include/turtlesim/turtlesim/action/rotate_absolute.hpp
[65.632s] -- Up-to-date: /home/muhuaguan/ros2_ws/install/turtlesim/include/turtlesim/turtlesim/srv
[65.633s] -- Installing: /home/muhuaguan/ros2_ws/install/turtlesim/include/turtlesim/turtlesim/srv/set_pen.hpp
[65.633s] -- Installing: /home/muhuaguan/ros2_ws/install/turtlesim/include/turtlesim/turtlesim/srv/teleport_relative.hpp
[65.633s] -- Up-to-date: /home/muhuaguan/ros2_ws/install/turtlesim/include/turtlesim/turtlesim/srv/detail
[65.633s] -- Installing: /home/muhuaguan/ros2_ws/install/turtlesim/include/turtlesim/turtlesim/srv/detail/teleport_absolute__traits.hpp
[65.634s] -- Installing: /home/muhuaguan/ros2_ws/install/turtlesim/include/turtlesim/turtlesim/srv/detail/teleport_relative__traits.hpp
[65.634s] -- Installing: /home/muhuaguan/ros2_ws/install/turtlesim/include/turtlesim/turtlesim/srv/detail/kill__traits.hpp
[65.635s] -- Installing: /home/muhuaguan/ros2_ws/install/turtlesim/include/turtlesim/turtlesim/srv/detail/teleport_relative__struct.hpp
[65.635s] -- Installing: /home/muhuaguan/ros2_ws/install/turtlesim/include/turtlesim/turtlesim/srv/detail/set_pen__builder.hpp
[65.635s] -- Installing: /home/muhuaguan/ros2_ws/install/turtlesim/include/turtlesim/turtlesim/srv/detail/teleport_absolute__builder.hpp
[65.636s] -- Installing: /home/muhuaguan/ros2_ws/install/turtlesim/include/turtlesim/turtlesim/srv/detail/teleport_absolute__struct.hpp
[65.636s] -- Installing: /home/muhuaguan/ros2_ws/install/turtlesim/include/turtlesim/turtlesim/srv/detail/spawn__builder.hpp
[65.637s] -- Installing: /home/muhuaguan/ros2_ws/install/turtlesim/include/turtlesim/turtlesim/srv/detail/kill__struct.hpp
[65.637s] -- Installing: /home/muhuaguan/ros2_ws/install/turtlesim/include/turtlesim/turtlesim/srv/detail/teleport_relative__builder.hpp
[65.637s] -- Installing: /home/muhuaguan/ros2_ws/install/turtlesim/include/turtlesim/turtlesim/srv/detail/set_pen__traits.hpp
[65.638s] -- Installing: /home/muhuaguan/ros2_ws/install/turtlesim/include/turtlesim/turtlesim/srv/detail/set_pen__struct.hpp
[65.638s] -- Installing: /home/muhuaguan/ros2_ws/install/turtlesim/include/turtlesim/turtlesim/srv/detail/kill__builder.hpp
[65.639s] -- Installing: /home/muhuaguan/ros2_ws/install/turtlesim/include/turtlesim/turtlesim/srv/detail/spawn__traits.hpp
[65.639s] -- Installing: /home/muhuaguan/ros2_ws/install/turtlesim/include/turtlesim/turtlesim/srv/detail/spawn__struct.hpp
[65.640s] -- Installing: /home/muhuaguan/ros2_ws/install/turtlesim/include/turtlesim/turtlesim/srv/teleport_absolute.hpp
[65.640s] -- Installing: /home/muhuaguan/ros2_ws/install/turtlesim/include/turtlesim/turtlesim/srv/spawn.hpp
[65.640s] -- Installing: /home/muhuaguan/ros2_ws/install/turtlesim/include/turtlesim/turtlesim/srv/kill.hpp
[65.640s] -- Up-to-date: /home/muhuaguan/ros2_ws/install/turtlesim/include/turtlesim/turtlesim/msg
[65.641s] -- Installing: /home/muhuaguan/ros2_ws/install/turtlesim/include/turtlesim/turtlesim/msg/color.hpp
[65.641s] -- Up-to-date: /home/muhuaguan/ros2_ws/install/turtlesim/include/turtlesim/turtlesim/msg/detail
[65.641s] -- Installing: /home/muhuaguan/ros2_ws/install/turtlesim/include/turtlesim/turtlesim/msg/detail/pose__traits.hpp
[65.641s] -- Installing: /home/muhuaguan/ros2_ws/install/turtlesim/include/turtlesim/turtlesim/msg/detail/pose__struct.hpp
[65.642s] -- Installing: /home/muhuaguan/ros2_ws/install/turtlesim/include/turtlesim/turtlesim/msg/detail/pose__builder.hpp
[65.642s] -- Installing: /home/muhuaguan/ros2_ws/install/turtlesim/include/turtlesim/turtlesim/msg/detail/color__traits.hpp
[65.642s] -- Installing: /home/muhuaguan/ros2_ws/install/turtlesim/include/turtlesim/turtlesim/msg/detail/color__builder.hpp
[65.643s] -- Installing: /home/muhuaguan/ros2_ws/install/turtlesim/include/turtlesim/turtlesim/msg/detail/color__struct.hpp
[65.643s] -- Installing: /home/muhuaguan/ros2_ws/install/turtlesim/include/turtlesim/turtlesim/msg/pose.hpp
[65.643s] -- Up-to-date: /home/muhuaguan/ros2_ws/install/turtlesim/include/turtlesim/turtlesim
[65.644s] -- Up-to-date: /home/muhuaguan/ros2_ws/install/turtlesim/include/turtlesim/turtlesim/action
[65.644s] -- Up-to-date: /home/muhuaguan/ros2_ws/install/turtlesim/include/turtlesim/turtlesim/action/detail
[65.644s] -- Installing: /home/muhuaguan/ros2_ws/install/turtlesim/include/turtlesim/turtlesim/action/detail/rotate_absolute__rosidl_typesupport_fastrtps_cpp.hpp
[65.644s] -- Installing: /home/muhuaguan/ros2_ws/install/turtlesim/include/turtlesim/turtlesim/action/detail/dds_fastrtps
[65.644s] -- Up-to-date: /home/muhuaguan/ros2_ws/install/turtlesim/include/turtlesim/turtlesim/srv
[65.644s] -- Up-to-date: /home/muhuaguan/ros2_ws/install/turtlesim/include/turtlesim/turtlesim/srv/detail
[65.645s] -- Installing: /home/muhuaguan/ros2_ws/install/turtlesim/include/turtlesim/turtlesim/srv/detail/teleport_relative__rosidl_typesupport_fastrtps_cpp.hpp
[65.645s] -- Installing: /home/muhuaguan/ros2_ws/install/turtlesim/include/turtlesim/turtlesim/srv/detail/set_pen__rosidl_typesupport_fastrtps_cpp.hpp
[65.645s] -- Installing: /home/muhuaguan/ros2_ws/install/turtlesim/include/turtlesim/turtlesim/srv/detail/kill__rosidl_typesupport_fastrtps_cpp.hpp
[65.646s] -- Installing: /home/muhuaguan/ros2_ws/install/turtlesim/include/turtlesim/turtlesim/srv/detail/dds_fastrtps
[65.646s] -- Installing: /home/muhuaguan/ros2_ws/install/turtlesim/include/turtlesim/turtlesim/srv/detail/spawn__rosidl_typesupport_fastrtps_cpp.hpp
[65.646s] -- Installing: /home/muhuaguan/ros2_ws/install/turtlesim/include/turtlesim/turtlesim/srv/detail/teleport_absolute__rosidl_typesupport_fastrtps_cpp.hpp
[65.647s] -- Up-to-date: /home/muhuaguan/ros2_ws/install/turtlesim/include/turtlesim/turtlesim/msg
[65.647s] -- Up-to-date: /home/muhuaguan/ros2_ws/install/turtlesim/include/turtlesim/turtlesim/msg/detail
[65.647s] -- Installing: /home/muhuaguan/ros2_ws/install/turtlesim/include/turtlesim/turtlesim/msg/detail/pose__rosidl_typesupport_fastrtps_cpp.hpp
[65.647s] -- Installing: /home/muhuaguan/ros2_ws/install/turtlesim/include/turtlesim/turtlesim/msg/detail/color__rosidl_typesupport_fastrtps_cpp.hpp
[65.648s] -- Installing: /home/muhuaguan/ros2_ws/install/turtlesim/include/turtlesim/turtlesim/msg/detail/dds_fastrtps
[65.648s] -- Installing: /home/muhuaguan/ros2_ws/install/turtlesim/include/turtlesim/turtlesim/msg/rosidl_typesupport_fastrtps_cpp__visibility_control.h
[65.648s] -- Installing: /home/muhuaguan/ros2_ws/install/turtlesim/lib/libturtlesim__rosidl_typesupport_fastrtps_cpp.so
[65.650s] -- Set runtime path of "/home/muhuaguan/ros2_ws/install/turtlesim/lib/libturtlesim__rosidl_typesupport_fastrtps_cpp.so" to ""
[65.650s] -- Up-to-date: /home/muhuaguan/ros2_ws/install/turtlesim/include/turtlesim/turtlesim
[65.651s] -- Up-to-date: /home/muhuaguan/ros2_ws/install/turtlesim/include/turtlesim/turtlesim/action
[65.651s] -- Up-to-date: /home/muhuaguan/ros2_ws/install/turtlesim/include/turtlesim/turtlesim/action/detail
[65.651s] -- Installing: /home/muhuaguan/ros2_ws/install/turtlesim/include/turtlesim/turtlesim/action/detail/rotate_absolute__type_support.c
[65.652s] -- Installing: /home/muhuaguan/ros2_ws/install/turtlesim/include/turtlesim/turtlesim/action/detail/rotate_absolute__rosidl_typesupport_introspection_c.h
[65.652s] -- Up-to-date: /home/muhuaguan/ros2_ws/install/turtlesim/include/turtlesim/turtlesim/srv
[65.652s] -- Up-to-date: /home/muhuaguan/ros2_ws/install/turtlesim/include/turtlesim/turtlesim/srv/detail
[65.652s] -- Installing: /home/muhuaguan/ros2_ws/install/turtlesim/include/turtlesim/turtlesim/srv/detail/teleport_relative__type_support.c
[65.653s] -- Installing: /home/muhuaguan/ros2_ws/install/turtlesim/include/turtlesim/turtlesim/srv/detail/kill__type_support.c
[65.653s] -- Installing: /home/muhuaguan/ros2_ws/install/turtlesim/include/turtlesim/turtlesim/srv/detail/spawn__type_support.c
[65.654s] -- Installing: /home/muhuaguan/ros2_ws/install/turtlesim/include/turtlesim/turtlesim/srv/detail/teleport_relative__rosidl_typesupport_introspection_c.h
[65.654s] -- Installing: /home/muhuaguan/ros2_ws/install/turtlesim/include/turtlesim/turtlesim/srv/detail/teleport_absolute__rosidl_typesupport_introspection_c.h
[65.655s] -- Installing: /home/muhuaguan/ros2_ws/install/turtlesim/include/turtlesim/turtlesim/srv/detail/set_pen__rosidl_typesupport_introspection_c.h
[65.655s] -- Installing: /home/muhuaguan/ros2_ws/install/turtlesim/include/turtlesim/turtlesim/srv/detail/teleport_absolute__type_support.c
[65.656s] -- Installing: /home/muhuaguan/ros2_ws/install/turtlesim/include/turtlesim/turtlesim/srv/detail/kill__rosidl_typesupport_introspection_c.h
[65.656s] -- Installing: /home/muhuaguan/ros2_ws/install/turtlesim/include/turtlesim/turtlesim/srv/detail/set_pen__type_support.c
[65.657s] -- Installing: /home/muhuaguan/ros2_ws/install/turtlesim/include/turtlesim/turtlesim/srv/detail/spawn__rosidl_typesupport_introspection_c.h
[65.657s] -- Up-to-date: /home/muhuaguan/ros2_ws/install/turtlesim/include/turtlesim/turtlesim/msg
[65.657s] -- Up-to-date: /home/muhuaguan/ros2_ws/install/turtlesim/include/turtlesim/turtlesim/msg/detail
[65.657s] -- Installing: /home/muhuaguan/ros2_ws/install/turtlesim/include/turtlesim/turtlesim/msg/detail/pose__type_support.c
[65.658s] -- Installing: /home/muhuaguan/ros2_ws/install/turtlesim/include/turtlesim/turtlesim/msg/detail/pose__rosidl_typesupport_introspection_c.h
[65.658s] -- Installing: /home/muhuaguan/ros2_ws/install/turtlesim/include/turtlesim/turtlesim/msg/detail/color__type_support.c
[65.658s] -- Installing: /home/muhuaguan/ros2_ws/install/turtlesim/include/turtlesim/turtlesim/msg/detail/color__rosidl_typesupport_introspection_c.h
[65.659s] -- Installing: /home/muhuaguan/ros2_ws/install/turtlesim/include/turtlesim/turtlesim/msg/rosidl_typesupport_introspection_c__visibility_control.h
[65.659s] -- Installing: /home/muhuaguan/ros2_ws/install/turtlesim/lib/libturtlesim__rosidl_typesupport_introspection_c.so
[65.661s] -- Set runtime path of "/home/muhuaguan/ros2_ws/install/turtlesim/lib/libturtlesim__rosidl_typesupport_introspection_c.so" to ""
[65.662s] -- Installing: /home/muhuaguan/ros2_ws/install/turtlesim/lib/libturtlesim__rosidl_typesupport_c.so
[65.663s] -- Set runtime path of "/home/muhuaguan/ros2_ws/install/turtlesim/lib/libturtlesim__rosidl_typesupport_c.so" to ""
[65.663s] -- Up-to-date: /home/muhuaguan/ros2_ws/install/turtlesim/include/turtlesim/turtlesim
[65.663s] -- Up-to-date: /home/muhuaguan/ros2_ws/install/turtlesim/include/turtlesim/turtlesim/action
[65.663s] -- Up-to-date: /home/muhuaguan/ros2_ws/install/turtlesim/include/turtlesim/turtlesim/action/detail
[65.663s] -- Installing: /home/muhuaguan/ros2_ws/install/turtlesim/include/turtlesim/turtlesim/action/detail/rotate_absolute__type_support.cpp
[65.664s] -- Installing: /home/muhuaguan/ros2_ws/install/turtlesim/include/turtlesim/turtlesim/action/detail/rotate_absolute__rosidl_typesupport_introspection_cpp.hpp
[65.665s] -- Up-to-date: /home/muhuaguan/ros2_ws/install/turtlesim/include/turtlesim/turtlesim/srv
[65.665s] -- Up-to-date: /home/muhuaguan/ros2_ws/install/turtlesim/include/turtlesim/turtlesim/srv/detail
[65.665s] -- Installing: /home/muhuaguan/ros2_ws/install/turtlesim/include/turtlesim/turtlesim/srv/detail/spawn__type_support.cpp
[65.665s] -- Installing: /home/muhuaguan/ros2_ws/install/turtlesim/include/turtlesim/turtlesim/srv/detail/kill__type_support.cpp
[65.666s] -- Installing: /home/muhuaguan/ros2_ws/install/turtlesim/include/turtlesim/turtlesim/srv/detail/teleport_relative__type_support.cpp
[65.666s] -- Installing: /home/muhuaguan/ros2_ws/install/turtlesim/include/turtlesim/turtlesim/srv/detail/teleport_relative__rosidl_typesupport_introspection_cpp.hpp
[65.667s] -- Installing: /home/muhuaguan/ros2_ws/install/turtlesim/include/turtlesim/turtlesim/srv/detail/set_pen__rosidl_typesupport_introspection_cpp.hpp
[65.667s] -- Installing: /home/muhuaguan/ros2_ws/install/turtlesim/include/turtlesim/turtlesim/srv/detail/teleport_absolute__type_support.cpp
[65.668s] -- Installing: /home/muhuaguan/ros2_ws/install/turtlesim/include/turtlesim/turtlesim/srv/detail/teleport_absolute__rosidl_typesupport_introspection_cpp.hpp
[65.668s] -- Installing: /home/muhuaguan/ros2_ws/install/turtlesim/include/turtlesim/turtlesim/srv/detail/spawn__rosidl_typesupport_introspection_cpp.hpp
[65.668s] -- Installing: /home/muhuaguan/ros2_ws/install/turtlesim/include/turtlesim/turtlesim/srv/detail/set_pen__type_support.cpp
[65.669s] -- Installing: /home/muhuaguan/ros2_ws/install/turtlesim/include/turtlesim/turtlesim/srv/detail/kill__rosidl_typesupport_introspection_cpp.hpp
[65.669s] -- Up-to-date: /home/muhuaguan/ros2_ws/install/turtlesim/include/turtlesim/turtlesim/msg
[65.670s] -- Up-to-date: /home/muhuaguan/ros2_ws/install/turtlesim/include/turtlesim/turtlesim/msg/detail
[65.670s] -- Installing: /home/muhuaguan/ros2_ws/install/turtlesim/include/turtlesim/turtlesim/msg/detail/pose__type_support.cpp
[65.670s] -- Installing: /home/muhuaguan/ros2_ws/install/turtlesim/include/turtlesim/turtlesim/msg/detail/color__type_support.cpp
[65.670s] -- Installing: /home/muhuaguan/ros2_ws/install/turtlesim/include/turtlesim/turtlesim/msg/detail/color__rosidl_typesupport_introspection_cpp.hpp
[65.671s] -- Installing: /home/muhuaguan/ros2_ws/install/turtlesim/include/turtlesim/turtlesim/msg/detail/pose__rosidl_typesupport_introspection_cpp.hpp
[65.671s] -- Installing: /home/muhuaguan/ros2_ws/install/turtlesim/lib/libturtlesim__rosidl_typesupport_introspection_cpp.so
[65.674s] -- Set runtime path of "/home/muhuaguan/ros2_ws/install/turtlesim/lib/libturtlesim__rosidl_typesupport_introspection_cpp.so" to ""
[65.674s] -- Installing: /home/muhuaguan/ros2_ws/install/turtlesim/lib/libturtlesim__rosidl_typesupport_cpp.so
[65.675s] -- Set runtime path of "/home/muhuaguan/ros2_ws/install/turtlesim/lib/libturtlesim__rosidl_typesupport_cpp.so" to ""
[65.676s] -- Installing: /home/muhuaguan/ros2_ws/install/turtlesim/share/turtlesim/environment/pythonpath.sh
[65.676s] -- Installing: /home/muhuaguan/ros2_ws/install/turtlesim/share/turtlesim/environment/pythonpath.dsv
[65.676s] -- Installing: /home/muhuaguan/ros2_ws/install/turtlesim/local/lib/python3.10/dist-packages/turtlesim-1.4.2-py3.10.egg-info
[65.677s] -- Installing: /home/muhuaguan/ros2_ws/install/turtlesim/local/lib/python3.10/dist-packages/turtlesim-1.4.2-py3.10.egg-info/dependency_links.txt
[65.677s] -- Installing: /home/muhuaguan/ros2_ws/install/turtlesim/local/lib/python3.10/dist-packages/turtlesim-1.4.2-py3.10.egg-info/top_level.txt
[65.677s] -- Installing: /home/muhuaguan/ros2_ws/install/turtlesim/local/lib/python3.10/dist-packages/turtlesim-1.4.2-py3.10.egg-info/PKG-INFO
[65.677s] -- Installing: /home/muhuaguan/ros2_ws/install/turtlesim/local/lib/python3.10/dist-packages/turtlesim-1.4.2-py3.10.egg-info/SOURCES.txt
[65.678s] -- Installing: /home/muhuaguan/ros2_ws/install/turtlesim/local/lib/python3.10/dist-packages/turtlesim
[65.678s] -- Installing: /home/muhuaguan/ros2_ws/install/turtlesim/local/lib/python3.10/dist-packages/turtlesim/turtlesim_s__rosidl_typesupport_fastrtps_c.cpython-310-x86_64-linux-gnu.so
[65.679s] -- Installing: /home/muhuaguan/ros2_ws/install/turtlesim/local/lib/python3.10/dist-packages/turtlesim/__init__.py
[65.679s] -- Installing: /home/muhuaguan/ros2_ws/install/turtlesim/local/lib/python3.10/dist-packages/turtlesim/_turtlesim_s.ep.rosidl_typesupport_fastrtps_c.c
[65.680s] -- Installing: /home/muhuaguan/ros2_ws/install/turtlesim/local/lib/python3.10/dist-packages/turtlesim/action
[65.681s] -- Installing: /home/muhuaguan/ros2_ws/install/turtlesim/local/lib/python3.10/dist-packages/turtlesim/action/_rotate_absolute_s.c
[65.681s] -- Installing: /home/muhuaguan/ros2_ws/install/turtlesim/local/lib/python3.10/dist-packages/turtlesim/action/__init__.py
[65.682s] -- Installing: /home/muhuaguan/ros2_ws/install/turtlesim/local/lib/python3.10/dist-packages/turtlesim/action/_rotate_absolute.py
[65.683s] -- Installing: /home/muhuaguan/ros2_ws/install/turtlesim/local/lib/python3.10/dist-packages/turtlesim/srv
[65.683s] -- Installing: /home/muhuaguan/ros2_ws/install/turtlesim/local/lib/python3.10/dist-packages/turtlesim/srv/_kill_s.c
[65.683s] -- Installing: /home/muhuaguan/ros2_ws/install/turtlesim/local/lib/python3.10/dist-packages/turtlesim/srv/_spawn_s.c
[65.684s] -- Installing: /home/muhuaguan/ros2_ws/install/turtlesim/local/lib/python3.10/dist-packages/turtlesim/srv/_teleport_relative.py
[65.685s] -- Installing: /home/muhuaguan/ros2_ws/install/turtlesim/local/lib/python3.10/dist-packages/turtlesim/srv/__init__.py
[65.685s] -- Installing: /home/muhuaguan/ros2_ws/install/turtlesim/local/lib/python3.10/dist-packages/turtlesim/srv/_teleport_relative_s.c
[65.685s] -- Installing: /home/muhuaguan/ros2_ws/install/turtlesim/local/lib/python3.10/dist-packages/turtlesim/srv/_set_pen.py
[65.686s] -- Installing: /home/muhuaguan/ros2_ws/install/turtlesim/local/lib/python3.10/dist-packages/turtlesim/srv/_kill.py
[65.686s] -- Installing: /home/muhuaguan/ros2_ws/install/turtlesim/local/lib/python3.10/dist-packages/turtlesim/srv/_spawn.py
[65.687s] -- Installing: /home/muhuaguan/ros2_ws/install/turtlesim/local/lib/python3.10/dist-packages/turtlesim/srv/_set_pen_s.c
[65.687s] -- Installing: /home/muhuaguan/ros2_ws/install/turtlesim/local/lib/python3.10/dist-packages/turtlesim/srv/_teleport_absolute_s.c
[65.688s] -- Installing: /home/muhuaguan/ros2_ws/install/turtlesim/local/lib/python3.10/dist-packages/turtlesim/srv/_teleport_absolute.py
[65.688s] -- Installing: /home/muhuaguan/ros2_ws/install/turtlesim/local/lib/python3.10/dist-packages/turtlesim/turtlesim_s__rosidl_typesupport_c.cpython-310-x86_64-linux-gnu.so
[65.690s] -- Installing: /home/muhuaguan/ros2_ws/install/turtlesim/local/lib/python3.10/dist-packages/turtlesim/libturtlesim__rosidl_generator_py.so
[65.691s] -- Installing: /home/muhuaguan/ros2_ws/install/turtlesim/local/lib/python3.10/dist-packages/turtlesim/turtlesim_s__rosidl_typesupport_introspection_c.cpython-310-x86_64-linux-gnu.so
[65.692s] -- Installing: /home/muhuaguan/ros2_ws/install/turtlesim/local/lib/python3.10/dist-packages/turtlesim/msg
[65.692s] -- Installing: /home/muhuaguan/ros2_ws/install/turtlesim/local/lib/python3.10/dist-packages/turtlesim/msg/_color.py
[65.693s] -- Installing: /home/muhuaguan/ros2_ws/install/turtlesim/local/lib/python3.10/dist-packages/turtlesim/msg/__init__.py
[65.693s] -- Installing: /home/muhuaguan/ros2_ws/install/turtlesim/local/lib/python3.10/dist-packages/turtlesim/msg/_color_s.c
[65.693s] -- Installing: /home/muhuaguan/ros2_ws/install/turtlesim/local/lib/python3.10/dist-packages/turtlesim/msg/_pose_s.c
[65.694s] -- Installing: /home/muhuaguan/ros2_ws/install/turtlesim/local/lib/python3.10/dist-packages/turtlesim/msg/_pose.py
[65.694s] -- Installing: /home/muhuaguan/ros2_ws/install/turtlesim/local/lib/python3.10/dist-packages/turtlesim/_turtlesim_s.ep.rosidl_typesupport_c.c
[65.695s] -- Installing: /home/muhuaguan/ros2_ws/install/turtlesim/local/lib/python3.10/dist-packages/turtlesim/_turtlesim_s.ep.rosidl_typesupport_introspection_c.c
[65.768s] Listing '/home/muhuaguan/ros2_ws/install/turtlesim/local/lib/python3.10/dist-packages/turtlesim'...
[65.768s] Compiling '/home/muhuaguan/ros2_ws/install/turtlesim/local/lib/python3.10/dist-packages/turtlesim/__init__.py'...
[65.768s] Listing '/home/muhuaguan/ros2_ws/install/turtlesim/local/lib/python3.10/dist-packages/turtlesim/action'...
[65.768s] Compiling '/home/muhuaguan/ros2_ws/install/turtlesim/local/lib/python3.10/dist-packages/turtlesim/action/__init__.py'...
[65.768s] Compiling '/home/muhuaguan/ros2_ws/install/turtlesim/local/lib/python3.10/dist-packages/turtlesim/action/_rotate_absolute.py'...
[65.768s] Listing '/home/muhuaguan/ros2_ws/install/turtlesim/local/lib/python3.10/dist-packages/turtlesim/msg'...
[65.769s] Compiling '/home/muhuaguan/ros2_ws/install/turtlesim/local/lib/python3.10/dist-packages/turtlesim/msg/__init__.py'...
[65.769s] Compiling '/home/muhuaguan/ros2_ws/install/turtlesim/local/lib/python3.10/dist-packages/turtlesim/msg/_color.py'...
[65.769s] Compiling '/home/muhuaguan/ros2_ws/install/turtlesim/local/lib/python3.10/dist-packages/turtlesim/msg/_pose.py'...
[65.769s] Listing '/home/muhuaguan/ros2_ws/install/turtlesim/local/lib/python3.10/dist-packages/turtlesim/srv'...
[65.769s] Compiling '/home/muhuaguan/ros2_ws/install/turtlesim/local/lib/python3.10/dist-packages/turtlesim/srv/__init__.py'...
[65.769s] Compiling '/home/muhuaguan/ros2_ws/install/turtlesim/local/lib/python3.10/dist-packages/turtlesim/srv/_kill.py'...
[65.769s] Compiling '/home/muhuaguan/ros2_ws/install/turtlesim/local/lib/python3.10/dist-packages/turtlesim/srv/_set_pen.py'...
[65.769s] Compiling '/home/muhuaguan/ros2_ws/install/turtlesim/local/lib/python3.10/dist-packages/turtlesim/srv/_spawn.py'...
[65.769s] Compiling '/home/muhuaguan/ros2_ws/install/turtlesim/local/lib/python3.10/dist-packages/turtlesim/srv/_teleport_absolute.py'...
[65.769s] Compiling '/home/muhuaguan/ros2_ws/install/turtlesim/local/lib/python3.10/dist-packages/turtlesim/srv/_teleport_relative.py'...
[65.774s] -- Installing: /home/muhuaguan/ros2_ws/install/turtlesim/local/lib/python3.10/dist-packages/turtlesim/turtlesim_s__rosidl_typesupport_fastrtps_c.cpython-310-x86_64-linux-gnu.so
[65.776s] -- Set runtime path of "/home/muhuaguan/ros2_ws/install/turtlesim/local/lib/python3.10/dist-packages/turtlesim/turtlesim_s__rosidl_typesupport_fastrtps_c.cpython-310-x86_64-linux-gnu.so" to ""
[65.776s] -- Installing: /home/muhuaguan/ros2_ws/install/turtlesim/local/lib/python3.10/dist-packages/turtlesim/turtlesim_s__rosidl_typesupport_introspection_c.cpython-310-x86_64-linux-gnu.so
[65.778s] -- Set runtime path of "/home/muhuaguan/ros2_ws/install/turtlesim/local/lib/python3.10/dist-packages/turtlesim/turtlesim_s__rosidl_typesupport_introspection_c.cpython-310-x86_64-linux-gnu.so" to ""
[65.778s] -- Installing: /home/muhuaguan/ros2_ws/install/turtlesim/local/lib/python3.10/dist-packages/turtlesim/turtlesim_s__rosidl_typesupport_c.cpython-310-x86_64-linux-gnu.so
[65.780s] -- Set runtime path of "/home/muhuaguan/ros2_ws/install/turtlesim/local/lib/python3.10/dist-packages/turtlesim/turtlesim_s__rosidl_typesupport_c.cpython-310-x86_64-linux-gnu.so" to ""
[65.780s] -- Installing: /home/muhuaguan/ros2_ws/install/turtlesim/lib/libturtlesim__rosidl_generator_py.so
[65.782s] -- Set runtime path of "/home/muhuaguan/ros2_ws/install/turtlesim/lib/libturtlesim__rosidl_generator_py.so" to ""
[65.782s] -- Installing: /home/muhuaguan/ros2_ws/install/turtlesim/share/turtlesim/action/RotateAbsolute.idl
[65.783s] -- Installing: /home/muhuaguan/ros2_ws/install/turtlesim/share/turtlesim/msg/Color.idl
[65.783s] -- Installing: /home/muhuaguan/ros2_ws/install/turtlesim/share/turtlesim/msg/Pose.idl
[65.783s] -- Installing: /home/muhuaguan/ros2_ws/install/turtlesim/share/turtlesim/srv/Kill.idl
[65.784s] -- Installing: /home/muhuaguan/ros2_ws/install/turtlesim/share/turtlesim/srv/SetPen.idl
[65.784s] -- Installing: /home/muhuaguan/ros2_ws/install/turtlesim/share/turtlesim/srv/Spawn.idl
[65.785s] -- Installing: /home/muhuaguan/ros2_ws/install/turtlesim/share/turtlesim/srv/TeleportAbsolute.idl
[65.785s] -- Installing: /home/muhuaguan/ros2_ws/install/turtlesim/share/turtlesim/srv/TeleportRelative.idl
[65.785s] -- Installing: /home/muhuaguan/ros2_ws/install/turtlesim/share/turtlesim/action/RotateAbsolute.action
[65.785s] -- Installing: /home/muhuaguan/ros2_ws/install/turtlesim/share/turtlesim/msg/Color.msg
[65.786s] -- Installing: /home/muhuaguan/ros2_ws/install/turtlesim/share/turtlesim/msg/Pose.msg
[65.786s] -- Installing: /home/muhuaguan/ros2_ws/install/turtlesim/share/turtlesim/srv/Kill.srv
[65.786s] -- Installing: /home/muhuaguan/ros2_ws/install/turtlesim/share/turtlesim/srv/Kill_Request.msg
[65.787s] -- Installing: /home/muhuaguan/ros2_ws/install/turtlesim/share/turtlesim/srv/Kill_Response.msg
[65.787s] -- Installing: /home/muhuaguan/ros2_ws/install/turtlesim/share/turtlesim/srv/SetPen.srv
[65.787s] -- Installing: /home/muhuaguan/ros2_ws/install/turtlesim/share/turtlesim/srv/SetPen_Request.msg
[65.788s] -- Installing: /home/muhuaguan/ros2_ws/install/turtlesim/share/turtlesim/srv/SetPen_Response.msg
[65.788s] -- Installing: /home/muhuaguan/ros2_ws/install/turtlesim/share/turtlesim/srv/Spawn.srv
[65.788s] -- Installing: /home/muhuaguan/ros2_ws/install/turtlesim/share/turtlesim/srv/Spawn_Request.msg
[65.789s] -- Installing: /home/muhuaguan/ros2_ws/install/turtlesim/share/turtlesim/srv/Spawn_Response.msg
[65.789s] -- Installing: /home/muhuaguan/ros2_ws/install/turtlesim/share/turtlesim/srv/TeleportAbsolute.srv
[65.789s] -- Installing: /home/muhuaguan/ros2_ws/install/turtlesim/share/turtlesim/srv/TeleportAbsolute_Request.msg
[65.790s] -- Installing: /home/muhuaguan/ros2_ws/install/turtlesim/share/turtlesim/srv/TeleportAbsolute_Response.msg
[65.790s] -- Installing: /home/muhuaguan/ros2_ws/install/turtlesim/share/turtlesim/srv/TeleportRelative.srv
[65.790s] -- Installing: /home/muhuaguan/ros2_ws/install/turtlesim/share/turtlesim/srv/TeleportRelative_Request.msg
[65.791s] -- Installing: /home/muhuaguan/ros2_ws/install/turtlesim/share/turtlesim/srv/TeleportRelative_Response.msg
[65.791s] -- Installing: /home/muhuaguan/ros2_ws/install/turtlesim/lib/turtlesim/turtlesim_node
[65.950s] -- Set runtime path of "/home/muhuaguan/ros2_ws/install/turtlesim/lib/turtlesim/turtlesim_node" to ""
[65.950s] -- Installing: /home/muhuaguan/ros2_ws/install/turtlesim/lib/turtlesim/turtle_teleop_key
[65.978s] -- Set runtime path of "/home/muhuaguan/ros2_ws/install/turtlesim/lib/turtlesim/turtle_teleop_key" to ""
[65.979s] -- Installing: /home/muhuaguan/ros2_ws/install/turtlesim/lib/turtlesim/draw_square
[66.049s] -- Set runtime path of "/home/muhuaguan/ros2_ws/install/turtlesim/lib/turtlesim/draw_square" to ""
[66.049s] -- Installing: /home/muhuaguan/ros2_ws/install/turtlesim/lib/turtlesim/mimic
[66.111s] -- Set runtime path of "/home/muhuaguan/ros2_ws/install/turtlesim/lib/turtlesim/mimic" to ""
[66.112s] -- Installing: /home/muhuaguan/ros2_ws/install/turtlesim/share/turtlesim/images
[66.112s] -- Installing: /home/muhuaguan/ros2_ws/install/turtlesim/share/turtlesim/images/galactic.png
[66.112s] -- Installing: /home/muhuaguan/ros2_ws/install/turtlesim/share/turtlesim/images/bouncy.png
[66.112s] -- Installing: /home/muhuaguan/ros2_ws/install/turtlesim/share/turtlesim/images/dashing.png
[66.113s] -- Installing: /home/muhuaguan/ros2_ws/install/turtlesim/share/turtlesim/images/rolling.png
[66.113s] -- Installing: /home/muhuaguan/ros2_ws/install/turtlesim/share/turtlesim/images/eloquent.png
[66.113s] -- Installing: /home/muhuaguan/ros2_ws/install/turtlesim/share/turtlesim/images/crystal.png
[66.113s] -- Installing: /home/muhuaguan/ros2_ws/install/turtlesim/share/turtlesim/images/foxy.png
[66.114s] -- Installing: /home/muhuaguan/ros2_ws/install/turtlesim/share/turtlesim/images/ardent.png
[66.114s] -- Installing: /home/muhuaguan/ros2_ws/install/turtlesim/share/turtlesim/images/humble.png
[66.114s] -- Installing: /home/muhuaguan/ros2_ws/install/turtlesim/share/turtlesim/launch
[66.114s] -- Installing: /home/muhuaguan/ros2_ws/install/turtlesim/share/turtlesim/launch/multisim.launch.py
[66.115s] -- Installing: /home/muhuaguan/ros2_ws/install/turtlesim/share/ament_index/resource_index/package_run_dependencies/turtlesim
[66.115s] -- Installing: /home/muhuaguan/ros2_ws/install/turtlesim/share/ament_index/resource_index/parent_prefix_path/turtlesim
[66.115s] -- Installing: /home/muhuaguan/ros2_ws/install/turtlesim/share/turtlesim/environment/ament_prefix_path.sh
[66.116s] -- Installing: /home/muhuaguan/ros2_ws/install/turtlesim/share/turtlesim/environment/ament_prefix_path.dsv
[66.116s] -- Installing: /home/muhuaguan/ros2_ws/install/turtlesim/share/turtlesim/environment/path.sh
[66.117s] -- Installing: /home/muhuaguan/ros2_ws/install/turtlesim/share/turtlesim/environment/path.dsv
[66.117s] -- Installing: /home/muhuaguan/ros2_ws/install/turtlesim/share/turtlesim/local_setup.bash
[66.117s] -- Installing: /home/muhuaguan/ros2_ws/install/turtlesim/share/turtlesim/local_setup.sh
[66.118s] -- Installing: /home/muhuaguan/ros2_ws/install/turtlesim/share/turtlesim/local_setup.zsh
[66.118s] -- Installing: /home/muhuaguan/ros2_ws/install/turtlesim/share/turtlesim/local_setup.dsv
[66.118s] -- Installing: /home/muhuaguan/ros2_ws/install/turtlesim/share/turtlesim/package.dsv
[66.119s] -- Installing: /home/muhuaguan/ros2_ws/install/turtlesim/share/ament_index/resource_index/packages/turtlesim
[66.119s] -- Installing: /home/muhuaguan/ros2_ws/install/turtlesim/share/turtlesim/cmake/export_turtlesim__rosidl_generator_cExport.cmake
[66.120s] -- Installing: /home/muhuaguan/ros2_ws/install/turtlesim/share/turtlesim/cmake/export_turtlesim__rosidl_generator_cExport-noconfig.cmake
[66.120s] -- Installing: /home/muhuaguan/ros2_ws/install/turtlesim/share/turtlesim/cmake/export_turtlesim__rosidl_typesupport_fastrtps_cExport.cmake
[66.121s] -- Installing: /home/muhuaguan/ros2_ws/install/turtlesim/share/turtlesim/cmake/export_turtlesim__rosidl_typesupport_fastrtps_cExport-noconfig.cmake
[66.121s] -- Installing: /home/muhuaguan/ros2_ws/install/turtlesim/share/turtlesim/cmake/export_turtlesim__rosidl_generator_cppExport.cmake
[66.121s] -- Installing: /home/muhuaguan/ros2_ws/install/turtlesim/share/turtlesim/cmake/export_turtlesim__rosidl_typesupport_fastrtps_cppExport.cmake
[66.122s] -- Installing: /home/muhuaguan/ros2_ws/install/turtlesim/share/turtlesim/cmake/export_turtlesim__rosidl_typesupport_fastrtps_cppExport-noconfig.cmake
[66.122s] -- Installing: /home/muhuaguan/ros2_ws/install/turtlesim/share/turtlesim/cmake/turtlesim__rosidl_typesupport_introspection_cExport.cmake
[66.123s] -- Installing: /home/muhuaguan/ros2_ws/install/turtlesim/share/turtlesim/cmake/turtlesim__rosidl_typesupport_introspection_cExport-noconfig.cmake
[66.123s] -- Installing: /home/muhuaguan/ros2_ws/install/turtlesim/share/turtlesim/cmake/turtlesim__rosidl_typesupport_cExport.cmake
[66.123s] -- Installing: /home/muhuaguan/ros2_ws/install/turtlesim/share/turtlesim/cmake/turtlesim__rosidl_typesupport_cExport-noconfig.cmake
[66.124s] -- Installing: /home/muhuaguan/ros2_ws/install/turtlesim/share/turtlesim/cmake/turtlesim__rosidl_typesupport_introspection_cppExport.cmake
[66.124s] -- Installing: /home/muhuaguan/ros2_ws/install/turtlesim/share/turtlesim/cmake/turtlesim__rosidl_typesupport_introspection_cppExport-noconfig.cmake
[66.125s] -- Installing: /home/muhuaguan/ros2_ws/install/turtlesim/share/turtlesim/cmake/turtlesim__rosidl_typesupport_cppExport.cmake
[66.125s] -- Installing: /home/muhuaguan/ros2_ws/install/turtlesim/share/turtlesim/cmake/turtlesim__rosidl_typesupport_cppExport-noconfig.cmake
[66.126s] -- Installing: /home/muhuaguan/ros2_ws/install/turtlesim/share/turtlesim/cmake/export_turtlesim__rosidl_generator_pyExport.cmake
[66.126s] -- Installing: /home/muhuaguan/ros2_ws/install/turtlesim/share/turtlesim/cmake/export_turtlesim__rosidl_generator_pyExport-noconfig.cmake
[66.127s] -- Installing: /home/muhuaguan/ros2_ws/install/turtlesim/share/turtlesim/cmake/rosidl_cmake-extras.cmake
[66.127s] -- Installing: /home/muhuaguan/ros2_ws/install/turtlesim/share/turtlesim/cmake/ament_cmake_export_dependencies-extras.cmake
[66.127s] -- Installing: /home/muhuaguan/ros2_ws/install/turtlesim/share/turtlesim/cmake/ament_cmake_export_include_directories-extras.cmake
[66.128s] -- Installing: /home/muhuaguan/ros2_ws/install/turtlesim/share/turtlesim/cmake/ament_cmake_export_libraries-extras.cmake
[66.128s] -- Installing: /home/muhuaguan/ros2_ws/install/turtlesim/share/turtlesim/cmake/ament_cmake_export_targets-extras.cmake
[66.128s] -- Installing: /home/muhuaguan/ros2_ws/install/turtlesim/share/turtlesim/cmake/rosidl_cmake_export_typesupport_targets-extras.cmake
[66.129s] -- Installing: /home/muhuaguan/ros2_ws/install/turtlesim/share/turtlesim/cmake/rosidl_cmake_export_typesupport_libraries-extras.cmake
[66.129s] -- Installing: /home/muhuaguan/ros2_ws/install/turtlesim/share/turtlesim/cmake/turtlesimConfig.cmake
[66.130s] -- Installing: /home/muhuaguan/ros2_ws/install/turtlesim/share/turtlesim/cmake/turtlesimConfig-version.cmake
[66.130s] -- Installing: /home/muhuaguan/ros2_ws/install/turtlesim/share/turtlesim/package.xml
[66.137s] Invoked command in '/home/muhuaguan/ros2_ws/build/turtlesim' returned '0': CMAKE_PREFIX_PATH=/opt/ros/humble /usr/bin/cmake --install /home/muhuaguan/ros2_ws/build/turtlesim
