[0.060s] Invoking command in '/home/muhuaguan/ros2_ws/build/examples_rclcpp_minimal_action_server': CMAKE_PREFIX_PATH=/opt/ros/humble /usr/bin/cmake /home/muhuaguan/ros2_ws/src/examples/rclcpp/actions/minimal_action_server -DAMENT_CMAKE_SYMLINK_INSTALL=1 -DCMAKE_INSTALL_PREFIX=/home/muhuaguan/ros2_ws/install/examples_rclcpp_minimal_action_server
[0.321s] -- The C compiler identification is GNU 11.4.0
[0.596s] -- The CXX compiler identification is GNU 11.4.0
[0.614s] -- Detecting C compiler ABI info
[0.755s] -- Detecting C compiler ABI info - done
[0.774s] -- Check for working C compiler: /usr/bin/cc - skipped
[0.774s] -- Detecting C compile features
[0.774s] -- Detecting C compile features - done
[0.777s] -- Detecting CXX compiler ABI info
[0.941s] -- Detecting CXX compiler ABI info - done
[0.959s] -- Check for working CXX compiler: /usr/bin/c++ - skipped
[0.959s] -- Detecting CXX compile features
[0.960s] -- Detecting CXX compile features - done
[0.963s] -- Found ament_cmake: 1.3.5 (/opt/ros/humble/share/ament_cmake/cmake)
[1.244s] -- Found Python3: /usr/bin/python3.10 (found version "3.10.12") found components: Interpreter 
[1.362s] -- Override CMake install command with custom implementation using symlinks instead of copying resources
[1.401s] -- Found example_interfaces: 0.9.3 (/opt/ros/humble/share/example_interfaces/cmake)
[1.455s] -- Found rosidl_generator_c: 3.1.4 (/opt/ros/humble/share/rosidl_generator_c/cmake)
[1.462s] -- Found rosidl_adapter: 3.1.4 (/opt/ros/humble/share/rosidl_adapter/cmake)
[1.475s] -- Found rosidl_generator_cpp: 3.1.4 (/opt/ros/humble/share/rosidl_generator_cpp/cmake)
[1.497s] -- Using all available rosidl_typesupport_c: rosidl_typesupport_fastrtps_c;rosidl_typesupport_introspection_c
[1.528s] -- Using all available rosidl_typesupport_cpp: rosidl_typesupport_fastrtps_cpp;rosidl_typesupport_introspection_cpp
[1.797s] -- Found rclcpp: 16.0.4 (/opt/ros/humble/share/rclcpp/cmake)
[1.916s] -- Found rmw_implementation_cmake: 6.1.1 (/opt/ros/humble/share/rmw_implementation_cmake/cmake)
[1.922s] -- Found rmw_cyclonedds_cpp: 1.3.4 (/opt/ros/humble/share/rmw_cyclonedds_cpp/cmake)
[1.999s] -- Using RMW implementation 'rmw_cyclonedds_cpp' as default
[2.017s] -- Looking for pthread.h
[2.155s] -- Looking for pthread.h - found
[2.158s] -- Performing Test CMAKE_HAVE_LIBC_PTHREAD
[2.341s] -- Performing Test CMAKE_HAVE_LIBC_PTHREAD - Success
[2.343s] -- Found Threads: TRUE  
[2.614s] -- Found rclcpp_action: 16.0.4 (/opt/ros/humble/share/rclcpp_action/cmake)
[2.682s] -- Found ament_lint_auto: 0.12.6 (/opt/ros/humble/share/ament_lint_auto/cmake)
[2.869s] -- Added test 'copyright' to check source files copyright and LICENSE
[2.870s] -- Added test 'cppcheck' to perform static code analysis on C / C++ code
[2.870s] -- Configured cppcheck include dirs: 
[2.870s] -- Configured cppcheck exclude dirs and/or files: 
[2.870s] -- Added test 'cpplint' to check C / C++ code against the Google style
[2.870s] -- Configured cpplint exclude dirs and/or files: 
[2.870s] -- Added test 'lint_cmake' to check CMake code style
[2.871s] -- Added test 'uncrustify' to check C / C++ code style
[2.871s] -- Configured uncrustify additional arguments: 
[2.872s] -- Added test 'xmllint' to check XML markup files
[2.876s] -- Configuring done
[2.920s] -- Generating done
[2.920s] -- Build files have been written to: /home/muhuaguan/ros2_ws/build/examples_rclcpp_minimal_action_server
[2.940s] Invoked command in '/home/muhuaguan/ros2_ws/build/examples_rclcpp_minimal_action_server' returned '0': CMAKE_PREFIX_PATH=/opt/ros/humble /usr/bin/cmake /home/muhuaguan/ros2_ws/src/examples/rclcpp/actions/minimal_action_server -DAMENT_CMAKE_SYMLINK_INSTALL=1 -DCMAKE_INSTALL_PREFIX=/home/muhuaguan/ros2_ws/install/examples_rclcpp_minimal_action_server
[2.941s] Invoking command in '/home/muhuaguan/ros2_ws/build/examples_rclcpp_minimal_action_server': CMAKE_PREFIX_PATH=/opt/ros/humble /usr/bin/cmake --build /home/muhuaguan/ros2_ws/build/examples_rclcpp_minimal_action_server -- -j12 -l12
[85.857s] [ 25%] [32mBuilding CXX object CMakeFiles/action_server_member_functions.dir/member_functions.cpp.o[0m
[85.858s] [ 50%] [32mBuilding CXX object CMakeFiles/action_server_not_composable.dir/not_composable.cpp.o[0m
[85.858s] [ 75%] [32m[1mLinking CXX executable action_server_not_composable[0m
[87.693s] [ 75%] Built target action_server_not_composable
[91.956s] [100%] [32m[1mLinking CXX executable action_server_member_functions[0m
[94.084s] [100%] Built target action_server_member_functions
[94.361s] Invoked command in '/home/muhuaguan/ros2_ws/build/examples_rclcpp_minimal_action_server' returned '0': CMAKE_PREFIX_PATH=/opt/ros/humble /usr/bin/cmake --build /home/muhuaguan/ros2_ws/build/examples_rclcpp_minimal_action_server -- -j12 -l12
[95.624s] Invoking command in '/home/muhuaguan/ros2_ws/build/examples_rclcpp_minimal_action_server': CMAKE_PREFIX_PATH=/opt/ros/humble /usr/bin/cmake --install /home/muhuaguan/ros2_ws/build/examples_rclcpp_minimal_action_server
[95.942s] -- Install configuration: ""
[95.944s] -- Execute custom install script
[95.975s] -- Symlinking: /home/muhuaguan/ros2_ws/install/examples_rclcpp_minimal_action_server/lib/examples_rclcpp_minimal_action_server/action_server_not_composable
[96.086s] -- Symlinking: /home/muhuaguan/ros2_ws/install/examples_rclcpp_minimal_action_server/lib/examples_rclcpp_minimal_action_server/action_server_member_functions
[96.173s] -- Symlinking: /home/muhuaguan/ros2_ws/install/examples_rclcpp_minimal_action_server/share/ament_index/resource_index/package_run_dependencies/examples_rclcpp_minimal_action_server
[96.258s] -- Symlinking: /home/muhuaguan/ros2_ws/install/examples_rclcpp_minimal_action_server/share/ament_index/resource_index/parent_prefix_path/examples_rclcpp_minimal_action_server
[96.521s] -- Symlinking: /home/muhuaguan/ros2_ws/install/examples_rclcpp_minimal_action_server/share/examples_rclcpp_minimal_action_server/environment/ament_prefix_path.sh
[96.594s] -- Symlinking: /home/muhuaguan/ros2_ws/install/examples_rclcpp_minimal_action_server/share/examples_rclcpp_minimal_action_server/environment/ament_prefix_path.dsv
[96.652s] -- Symlinking: /home/muhuaguan/ros2_ws/install/examples_rclcpp_minimal_action_server/share/examples_rclcpp_minimal_action_server/environment/path.sh
[96.750s] -- Symlinking: /home/muhuaguan/ros2_ws/install/examples_rclcpp_minimal_action_server/share/examples_rclcpp_minimal_action_server/environment/path.dsv
[96.843s] -- Symlinking: /home/muhuaguan/ros2_ws/install/examples_rclcpp_minimal_action_server/share/examples_rclcpp_minimal_action_server/local_setup.bash
[96.903s] -- Symlinking: /home/muhuaguan/ros2_ws/install/examples_rclcpp_minimal_action_server/share/examples_rclcpp_minimal_action_server/local_setup.sh
[96.948s] -- Symlinking: /home/muhuaguan/ros2_ws/install/examples_rclcpp_minimal_action_server/share/examples_rclcpp_minimal_action_server/local_setup.zsh
[97.003s] -- Symlinking: /home/muhuaguan/ros2_ws/install/examples_rclcpp_minimal_action_server/share/examples_rclcpp_minimal_action_server/local_setup.dsv
[97.045s] -- Symlinking: /home/muhuaguan/ros2_ws/install/examples_rclcpp_minimal_action_server/share/examples_rclcpp_minimal_action_server/package.dsv
[97.093s] -- Symlinking: /home/muhuaguan/ros2_ws/install/examples_rclcpp_minimal_action_server/share/ament_index/resource_index/packages/examples_rclcpp_minimal_action_server
[97.142s] -- Symlinking: /home/muhuaguan/ros2_ws/install/examples_rclcpp_minimal_action_server/share/examples_rclcpp_minimal_action_server/cmake/examples_rclcpp_minimal_action_serverConfig.cmake
[97.216s] -- Symlinking: /home/muhuaguan/ros2_ws/install/examples_rclcpp_minimal_action_server/share/examples_rclcpp_minimal_action_server/cmake/examples_rclcpp_minimal_action_serverConfig-version.cmake
[97.352s] -- Symlinking: /home/muhuaguan/ros2_ws/install/examples_rclcpp_minimal_action_server/share/examples_rclcpp_minimal_action_server/package.xml
[109.759s] Invoked command in '/home/muhuaguan/ros2_ws/build/examples_rclcpp_minimal_action_server' returned '0': CMAKE_PREFIX_PATH=/opt/ros/humble /usr/bin/cmake --install /home/muhuaguan/ros2_ws/build/examples_rclcpp_minimal_action_server
