[0.062s] Invoking command in '/home/muhuaguan/ros2_ws/build/examples_rclcpp_wait_set': CMAKE_PREFIX_PATH=/opt/ros/humble /usr/bin/cmake /home/muhuaguan/ros2_ws/src/examples/rclcpp/wait_set -DAMENT_CMAKE_SYMLINK_INSTALL=1 -DCMAKE_INSTALL_PREFIX=/home/muhuaguan/ros2_ws/install/examples_rclcpp_wait_set
[2.709s] -- The C compiler identification is GNU 11.4.0
[2.710s] -- The CXX compiler identification is GNU 11.4.0
[2.710s] -- Detecting C compiler ABI info
[2.710s] -- Detecting C compiler ABI info - done
[2.710s] -- Check for working C compiler: /usr/bin/cc - skipped
[2.710s] -- Detecting C compile features
[2.710s] -- Detecting C compile features - done
[2.710s] -- Detecting CXX compiler ABI info
[2.710s] -- Detecting CXX compiler ABI info - done
[2.710s] -- Check for working CXX compiler: /usr/bin/c++ - skipped
[2.711s] -- Detecting CXX compile features
[2.711s] -- Detecting CXX compile features - done
[2.711s] -- Found ament_cmake: 1.3.5 (/opt/ros/humble/share/ament_cmake/cmake)
[2.711s] -- Found Python3: /usr/bin/python3.10 (found version "3.10.12") found components: Interpreter 
[2.711s] -- Override CMake install command with custom implementation using symlinks instead of copying resources
[2.711s] -- Found example_interfaces: 0.9.3 (/opt/ros/humble/share/example_interfaces/cmake)
[2.711s] -- Found rosidl_generator_c: 3.1.4 (/opt/ros/humble/share/rosidl_generator_c/cmake)
[2.711s] -- Found rosidl_adapter: 3.1.4 (/opt/ros/humble/share/rosidl_adapter/cmake)
[2.712s] -- Found rosidl_generator_cpp: 3.1.4 (/opt/ros/humble/share/rosidl_generator_cpp/cmake)
[2.712s] -- Using all available rosidl_typesupport_c: rosidl_typesupport_fastrtps_c;rosidl_typesupport_introspection_c
[2.712s] -- Using all available rosidl_typesupport_cpp: rosidl_typesupport_fastrtps_cpp;rosidl_typesupport_introspection_cpp
[2.712s] -- Found rclcpp: 16.0.4 (/opt/ros/humble/share/rclcpp/cmake)
[2.712s] -- Found rmw_implementation_cmake: 6.1.1 (/opt/ros/humble/share/rmw_implementation_cmake/cmake)
[2.712s] -- Found rmw_cyclonedds_cpp: 1.3.4 (/opt/ros/humble/share/rmw_cyclonedds_cpp/cmake)
[2.725s] -- Using RMW implementation 'rmw_cyclonedds_cpp' as default
[2.725s] -- Looking for pthread.h
[2.725s] -- Looking for pthread.h - found
[2.726s] -- Performing Test CMAKE_HAVE_LIBC_PTHREAD
[2.726s] -- Performing Test CMAKE_HAVE_LIBC_PTHREAD - Success
[2.726s] -- Found Threads: TRUE  
[2.784s] -- Found rclcpp_components: 16.0.4 (/opt/ros/humble/share/rclcpp_components/cmake)
[2.925s] -- Found ament_lint_auto: 0.12.6 (/opt/ros/humble/share/ament_lint_auto/cmake)
[3.165s] -- Added test 'copyright' to check source files copyright and LICENSE
[3.172s] -- Added test 'cppcheck' to perform static code analysis on C / C++ code
[3.176s] -- Configured cppcheck include dirs: /home/muhuaguan/ros2_ws/src/examples/rclcpp/wait_set/include
[3.176s] -- Configured cppcheck exclude dirs and/or files: 
[3.181s] -- Added test 'cpplint' to check C / C++ code against the Google style
[3.182s] -- Configured cpplint exclude dirs and/or files: 
[3.184s] -- Added test 'lint_cmake' to check CMake code style
[3.190s] -- Added test 'uncrustify' to check C / C++ code style
[3.190s] -- Configured uncrustify additional arguments: 
[3.191s] -- Added test 'xmllint' to check XML markup files
[3.207s] -- Configuring done
[3.364s] -- Generating done
[3.370s] -- Build files have been written to: /home/muhuaguan/ros2_ws/build/examples_rclcpp_wait_set
[3.389s] Invoked command in '/home/muhuaguan/ros2_ws/build/examples_rclcpp_wait_set' returned '0': CMAKE_PREFIX_PATH=/opt/ros/humble /usr/bin/cmake /home/muhuaguan/ros2_ws/src/examples/rclcpp/wait_set -DAMENT_CMAKE_SYMLINK_INSTALL=1 -DCMAKE_INSTALL_PREFIX=/home/muhuaguan/ros2_ws/install/examples_rclcpp_wait_set
[3.393s] Invoking command in '/home/muhuaguan/ros2_ws/build/examples_rclcpp_wait_set': CMAKE_PREFIX_PATH=/opt/ros/humble /usr/bin/cmake --build /home/muhuaguan/ros2_ws/build/examples_rclcpp_wait_set -- -j12 -l12
[90.789s] [  4%] [32mBuilding CXX object CMakeFiles/talker.dir/src/talker.cpp.o[0m
[90.814s] [  8%] [32mBuilding CXX object CMakeFiles/wait_set_talker.dir/rclcpp_components/node_main_wait_set_talker.cpp.o[0m
[90.815s] [ 12%] [32mBuilding CXX object CMakeFiles/listener.dir/src/listener.cpp.o[0m
[90.816s] [ 16%] [32mBuilding CXX object CMakeFiles/static_wait_set.dir/src/static_wait_set.cpp.o[0m
[90.816s] [ 20%] [32mBuilding CXX object CMakeFiles/wait_set.dir/src/wait_set.cpp.o[0m
[90.817s] [ 29%] [32mBuilding CXX object CMakeFiles/wait_set_listener.dir/rclcpp_components/node_main_wait_set_listener.cpp.o[0m
[90.817s] [ 29%] [32mBuilding CXX object CMakeFiles/thread_safe_wait_set.dir/src/thread_safe_wait_set.cpp.o[0m
[90.818s] [ 33%] [32mBuilding CXX object CMakeFiles/wait_set_random_order.dir/src/wait_set_random_order.cpp.o[0m
[90.818s] [ 37%] [32mBuilding CXX object CMakeFiles/executor_random_order.dir/src/executor_random_order.cpp.o[0m
[90.819s] [ 41%] [32mBuilding CXX object CMakeFiles/wait_set_topics_with_different_rates.dir/src/wait_set_topics_with_different_rates.cpp.o[0m
[90.820s] [ 45%] [32mBuilding CXX object CMakeFiles/wait_set_topics_and_timer.dir/src/wait_set_topics_and_timer.cpp.o[0m
[93.742s] [ 50%] [32m[1mLinking CXX executable wait_set_talker[0m
[95.378s] [ 50%] Built target wait_set_talker
[100.459s] [ 54%] [32m[1mLinking CXX executable wait_set_listener[0m
[101.597s] [ 54%] Built target wait_set_listener
[122.720s] [ 58%] [32m[1mLinking CXX shared library libtalker.so[0m
[125.884s] [ 58%] Built target talker
[152.997s] [ 62%] [32m[1mLinking CXX executable wait_set_topics_and_timer[0m
[157.182s] [ 62%] Built target wait_set_topics_and_timer
[161.862s] [ 66%] [32m[1mLinking CXX executable executor_random_order[0m
[164.180s] [ 70%] [32m[1mLinking CXX executable wait_set_topics_with_different_rates[0m
[166.092s] [ 70%] Built target executor_random_order
[167.881s] [ 75%] [32m[1mLinking CXX executable static_wait_set[0m
[169.510s] [ 75%] Built target wait_set_topics_with_different_rates
[170.552s] [ 79%] [32m[1mLinking CXX shared library liblistener.so[0m
[170.769s] [ 79%] Built target static_wait_set
[170.816s] [ 83%] [32m[1mLinking CXX executable wait_set[0m
[172.252s] [ 87%] [32m[1mLinking CXX executable wait_set_random_order[0m
[172.614s] [ 87%] Built target listener
[173.045s] [ 87%] Built target wait_set
[173.651s] [ 91%] [32m[1mLinking CXX executable thread_safe_wait_set[0m
[174.022s] [ 91%] Built target wait_set_random_order
[175.289s] [ 91%] Built target thread_safe_wait_set
[175.370s] [ 95%] [32mBuilding CXX object CMakeFiles/wait_set_composed.dir/src/wait_set_composed.cpp.o[0m
[182.786s] [100%] [32m[1mLinking CXX executable wait_set_composed[0m
[183.140s] [100%] Built target wait_set_composed
[183.161s] Invoked command in '/home/muhuaguan/ros2_ws/build/examples_rclcpp_wait_set' returned '0': CMAKE_PREFIX_PATH=/opt/ros/humble /usr/bin/cmake --build /home/muhuaguan/ros2_ws/build/examples_rclcpp_wait_set -- -j12 -l12
[183.335s] Invoking command in '/home/muhuaguan/ros2_ws/build/examples_rclcpp_wait_set': CMAKE_PREFIX_PATH=/opt/ros/humble /usr/bin/cmake --install /home/muhuaguan/ros2_ws/build/examples_rclcpp_wait_set
[183.347s] -- Install configuration: ""
[183.348s] -- Execute custom install script
[183.349s] -- Symlinking: /home/muhuaguan/ros2_ws/install/examples_rclcpp_wait_set/lib/examples_rclcpp_wait_set/wait_set_talker
[183.365s] -- Symlinking: /home/muhuaguan/ros2_ws/install/examples_rclcpp_wait_set/lib/examples_rclcpp_wait_set/wait_set_listener
[183.381s] -- Symlinking: /home/muhuaguan/ros2_ws/install/examples_rclcpp_wait_set/lib/libtalker.so
[183.396s] -- Symlinking: /home/muhuaguan/ros2_ws/install/examples_rclcpp_wait_set/lib/liblistener.so
[183.412s] -- Symlinking: /home/muhuaguan/ros2_ws/install/examples_rclcpp_wait_set/lib/examples_rclcpp_wait_set/wait_set
[183.427s] -- Symlinking: /home/muhuaguan/ros2_ws/install/examples_rclcpp_wait_set/lib/examples_rclcpp_wait_set/static_wait_set
[183.443s] -- Symlinking: /home/muhuaguan/ros2_ws/install/examples_rclcpp_wait_set/lib/examples_rclcpp_wait_set/thread_safe_wait_set
[183.459s] -- Symlinking: /home/muhuaguan/ros2_ws/install/examples_rclcpp_wait_set/lib/examples_rclcpp_wait_set/wait_set_topics_and_timer
[183.475s] -- Symlinking: /home/muhuaguan/ros2_ws/install/examples_rclcpp_wait_set/lib/examples_rclcpp_wait_set/wait_set_random_order
[183.491s] -- Symlinking: /home/muhuaguan/ros2_ws/install/examples_rclcpp_wait_set/lib/examples_rclcpp_wait_set/executor_random_order
[183.506s] -- Symlinking: /home/muhuaguan/ros2_ws/install/examples_rclcpp_wait_set/lib/examples_rclcpp_wait_set/wait_set_topics_with_different_rates
[183.522s] -- Symlinking: /home/muhuaguan/ros2_ws/install/examples_rclcpp_wait_set/lib/examples_rclcpp_wait_set/wait_set_composed
[183.538s] -- Symlinking: /home/muhuaguan/ros2_ws/install/examples_rclcpp_wait_set/share/ament_index/resource_index/package_run_dependencies/examples_rclcpp_wait_set
[183.554s] -- Symlinking: /home/muhuaguan/ros2_ws/install/examples_rclcpp_wait_set/share/ament_index/resource_index/parent_prefix_path/examples_rclcpp_wait_set
[183.570s] -- Symlinking: /home/muhuaguan/ros2_ws/install/examples_rclcpp_wait_set/share/examples_rclcpp_wait_set/environment/ament_prefix_path.sh
[183.586s] -- Symlinking: /home/muhuaguan/ros2_ws/install/examples_rclcpp_wait_set/share/examples_rclcpp_wait_set/environment/ament_prefix_path.dsv
[183.601s] -- Symlinking: /home/muhuaguan/ros2_ws/install/examples_rclcpp_wait_set/share/examples_rclcpp_wait_set/environment/path.sh
[183.617s] -- Symlinking: /home/muhuaguan/ros2_ws/install/examples_rclcpp_wait_set/share/examples_rclcpp_wait_set/environment/path.dsv
[183.633s] -- Symlinking: /home/muhuaguan/ros2_ws/install/examples_rclcpp_wait_set/share/examples_rclcpp_wait_set/local_setup.bash
[183.649s] -- Symlinking: /home/muhuaguan/ros2_ws/install/examples_rclcpp_wait_set/share/examples_rclcpp_wait_set/local_setup.sh
[183.665s] -- Symlinking: /home/muhuaguan/ros2_ws/install/examples_rclcpp_wait_set/share/examples_rclcpp_wait_set/local_setup.zsh
[183.681s] -- Symlinking: /home/muhuaguan/ros2_ws/install/examples_rclcpp_wait_set/share/examples_rclcpp_wait_set/local_setup.dsv
[183.697s] -- Symlinking: /home/muhuaguan/ros2_ws/install/examples_rclcpp_wait_set/share/examples_rclcpp_wait_set/package.dsv
[183.713s] -- Symlinking: /home/muhuaguan/ros2_ws/install/examples_rclcpp_wait_set/share/ament_index/resource_index/packages/examples_rclcpp_wait_set
[183.729s] -- Symlinking: /home/muhuaguan/ros2_ws/install/examples_rclcpp_wait_set/share/ament_index/resource_index/rclcpp_components/examples_rclcpp_wait_set
[183.745s] -- Symlinking: /home/muhuaguan/ros2_ws/install/examples_rclcpp_wait_set/share/examples_rclcpp_wait_set/cmake/examples_rclcpp_wait_setConfig.cmake
[183.760s] -- Symlinking: /home/muhuaguan/ros2_ws/install/examples_rclcpp_wait_set/share/examples_rclcpp_wait_set/cmake/examples_rclcpp_wait_setConfig-version.cmake
[183.777s] -- Symlinking: /home/muhuaguan/ros2_ws/install/examples_rclcpp_wait_set/share/examples_rclcpp_wait_set/package.xml
[183.800s] Invoked command in '/home/muhuaguan/ros2_ws/build/examples_rclcpp_wait_set' returned '0': CMAKE_PREFIX_PATH=/opt/ros/humble /usr/bin/cmake --install /home/muhuaguan/ros2_ws/build/examples_rclcpp_wait_set
