[3.674s] Invoking command in '/home/muhuaguan/ros2_ws/build/examples_rclpy_minimal_action_client': PYTHONPATH=/home/muhuaguan/ros2_ws/build/examples_rclpy_minimal_action_client/prefix_override:/home/muhuaguan/ros2_ws/install/examples_rclpy_minimal_action_client/lib/python3.10/site-packages:${PYTHONPATH} /usr/bin/python3 setup.py develop --uninstall --editable --build-directory /home/muhuaguan/ros2_ws/build/examples_rclpy_minimal_action_client/build
[4.430s] running develop
[4.431s] /usr/lib/python3/dist-packages/setuptools/command/easy_install.py:158: EasyInstallDeprecationWarning: easy_install command is deprecated. Use build and pip and other standards-based tools.
[4.431s]   warnings.warn(
[4.432s] /usr/lib/python3/dist-packages/setuptools/command/install.py:34: SetuptoolsDeprecationWarning: setup.py install is deprecated. Use build and pip and other standards-based tools.
[4.432s]   warnings.warn(
[4.602s] /usr/lib/python3/dist-packages/pkg_resources/__init__.py:116: PkgResourcesDeprecationWarning: 1.16.0-unknown is an invalid version and will not be supported in a future release
[4.603s]   warnings.warn(
[4.603s] /usr/lib/python3/dist-packages/pkg_resources/__init__.py:116: PkgResourcesDeprecationWarning: 1.1build1 is an invalid version and will not be supported in a future release
[4.603s]   warnings.warn(
[5.081s] Invoked command in '/home/muhuaguan/ros2_ws/build/examples_rclpy_minimal_action_client' returned '0': PYTHONPATH=/home/muhuaguan/ros2_ws/build/examples_rclpy_minimal_action_client/prefix_override:/home/muhuaguan/ros2_ws/install/examples_rclpy_minimal_action_client/lib/python3.10/site-packages:${PYTHONPATH} /usr/bin/python3 setup.py develop --uninstall --editable --build-directory /home/muhuaguan/ros2_ws/build/examples_rclpy_minimal_action_client/build
[5.127s] Invoking command in '/home/muhuaguan/ros2_ws/src/examples/rclpy/actions/minimal_action_client': PYTHONPATH=/home/muhuaguan/ros2_ws/build/examples_rclpy_minimal_action_client/prefix_override:/home/muhuaguan/ros2_ws/install/examples_rclpy_minimal_action_client/lib/python3.10/site-packages:${PYTHONPATH} /usr/bin/python3 setup.py egg_info --egg-base ../../../../../build/examples_rclpy_minimal_action_client build --build-base /home/muhuaguan/ros2_ws/build/examples_rclpy_minimal_action_client/build install --record /home/muhuaguan/ros2_ws/build/examples_rclpy_minimal_action_client/install.log --single-version-externally-managed
[6.476s] running egg_info
[6.484s] writing ../../../../../build/examples_rclpy_minimal_action_client/examples_rclpy_minimal_action_client.egg-info/PKG-INFO
[6.485s] writing dependency_links to ../../../../../build/examples_rclpy_minimal_action_client/examples_rclpy_minimal_action_client.egg-info/dependency_links.txt
[6.485s] writing entry points to ../../../../../build/examples_rclpy_minimal_action_client/examples_rclpy_minimal_action_client.egg-info/entry_points.txt
[6.486s] writing requirements to ../../../../../build/examples_rclpy_minimal_action_client/examples_rclpy_minimal_action_client.egg-info/requires.txt
[6.487s] writing top-level names to ../../../../../build/examples_rclpy_minimal_action_client/examples_rclpy_minimal_action_client.egg-info/top_level.txt
[6.495s] reading manifest file '../../../../../build/examples_rclpy_minimal_action_client/examples_rclpy_minimal_action_client.egg-info/SOURCES.txt'
[6.503s] writing manifest file '../../../../../build/examples_rclpy_minimal_action_client/examples_rclpy_minimal_action_client.egg-info/SOURCES.txt'
[6.503s] running build
[6.504s] running build_py
[6.505s] running install
[6.506s] /usr/lib/python3/dist-packages/setuptools/command/install.py:34: SetuptoolsDeprecationWarning: setup.py install is deprecated. Use build and pip and other standards-based tools.
[6.506s]   warnings.warn(
[6.508s] running install_lib
[6.516s] running install_data
[6.519s] running install_egg_info
[6.529s] removing '/home/muhuaguan/ros2_ws/install/examples_rclpy_minimal_action_client/lib/python3.10/site-packages/examples_rclpy_minimal_action_client-0.15.1-py3.10.egg-info' (and everything under it)
[6.531s] Copying ../../../../../build/examples_rclpy_minimal_action_client/examples_rclpy_minimal_action_client.egg-info to /home/muhuaguan/ros2_ws/install/examples_rclpy_minimal_action_client/lib/python3.10/site-packages/examples_rclpy_minimal_action_client-0.15.1-py3.10.egg-info
[6.537s] running install_scripts
[6.662s] Installing client script to /home/muhuaguan/ros2_ws/install/examples_rclpy_minimal_action_client/lib/examples_rclpy_minimal_action_client
[6.663s] Installing client_asyncio script to /home/muhuaguan/ros2_ws/install/examples_rclpy_minimal_action_client/lib/examples_rclpy_minimal_action_client
[6.664s] Installing client_cancel script to /home/muhuaguan/ros2_ws/install/examples_rclpy_minimal_action_client/lib/examples_rclpy_minimal_action_client
[6.665s] Installing client_not_composable script to /home/muhuaguan/ros2_ws/install/examples_rclpy_minimal_action_client/lib/examples_rclpy_minimal_action_client
[6.667s] writing list of installed files to '/home/muhuaguan/ros2_ws/build/examples_rclpy_minimal_action_client/install.log'
[6.786s] Invoked command in '/home/muhuaguan/ros2_ws/src/examples/rclpy/actions/minimal_action_client' returned '0': PYTHONPATH=/home/muhuaguan/ros2_ws/build/examples_rclpy_minimal_action_client/prefix_override:/home/muhuaguan/ros2_ws/install/examples_rclpy_minimal_action_client/lib/python3.10/site-packages:${PYTHONPATH} /usr/bin/python3 setup.py egg_info --egg-base ../../../../../build/examples_rclpy_minimal_action_client build --build-base /home/muhuaguan/ros2_ws/build/examples_rclpy_minimal_action_client/build install --record /home/muhuaguan/ros2_ws/build/examples_rclpy_minimal_action_client/install.log --single-version-externally-managed
