[0.054s] Invoking command in '/home/muhuaguan/ros2_ws/build/examples_rclcpp_minimal_publisher': CMAKE_PREFIX_PATH=/opt/ros/humble /usr/bin/cmake /home/muhuaguan/ros2_ws/src/examples/rclcpp/topics/minimal_publisher -DAMENT_CMAKE_SYMLINK_INSTALL=1 -DCMAKE_INSTALL_PREFIX=/home/muhuaguan/ros2_ws/install/examples_rclcpp_minimal_publisher
[0.309s] -- The C compiler identification is GNU 11.4.0
[0.585s] -- The CXX compiler identification is GNU 11.4.0
[0.598s] -- Detecting C compiler ABI info
[0.798s] -- Detecting C compiler ABI info - done
[0.819s] -- Check for working C compiler: /usr/bin/cc - skipped
[0.819s] -- Detecting C compile features
[0.820s] -- Detecting C compile features - done
[0.832s] -- Detecting CXX compiler ABI info
[0.994s] -- Detecting CXX compiler ABI info - done
[1.012s] -- Check for working CXX compiler: /usr/bin/c++ - skipped
[1.013s] -- Detecting CXX compile features
[1.013s] -- Detecting CXX compile features - done
[1.017s] -- Found ament_cmake: 1.3.5 (/opt/ros/humble/share/ament_cmake/cmake)
[1.317s] -- Found Python3: /usr/bin/python3.10 (found version "3.10.12") found components: Interpreter 
[1.413s] -- Override CMake install command with custom implementation using symlinks instead of copying resources
[1.469s] -- Found rclcpp: 16.0.4 (/opt/ros/humble/share/rclcpp/cmake)
[1.565s] -- Found rosidl_generator_c: 3.1.4 (/opt/ros/humble/share/rosidl_generator_c/cmake)
[1.572s] -- Found rosidl_adapter: 3.1.4 (/opt/ros/humble/share/rosidl_adapter/cmake)
[1.585s] -- Found rosidl_generator_cpp: 3.1.4 (/opt/ros/humble/share/rosidl_generator_cpp/cmake)
[1.607s] -- Using all available rosidl_typesupport_c: rosidl_typesupport_fastrtps_c;rosidl_typesupport_introspection_c
[1.638s] -- Using all available rosidl_typesupport_cpp: rosidl_typesupport_fastrtps_cpp;rosidl_typesupport_introspection_cpp
[1.759s] -- Found rmw_implementation_cmake: 6.1.1 (/opt/ros/humble/share/rmw_implementation_cmake/cmake)
[1.767s] -- Found rmw_cyclonedds_cpp: 1.3.4 (/opt/ros/humble/share/rmw_cyclonedds_cpp/cmake)
[1.858s] -- Using RMW implementation 'rmw_cyclonedds_cpp' as default
[1.891s] -- Looking for pthread.h
[2.016s] -- Looking for pthread.h - found
[2.017s] -- Performing Test CMAKE_HAVE_LIBC_PTHREAD
[2.151s] -- Performing Test CMAKE_HAVE_LIBC_PTHREAD - Success
[2.151s] -- Found Threads: TRUE  
[2.445s] -- Found ament_lint_auto: 0.12.6 (/opt/ros/humble/share/ament_lint_auto/cmake)
[2.594s] -- Added test 'copyright' to check source files copyright and LICENSE
[2.596s] -- Added test 'cppcheck' to perform static code analysis on C / C++ code
[2.596s] -- Configured cppcheck include dirs: 
[2.596s] -- Configured cppcheck exclude dirs and/or files: 
[2.597s] -- Added test 'cpplint' to check C / C++ code against the Google style
[2.597s] -- Configured cpplint exclude dirs and/or files: 
[2.598s] -- Added test 'lint_cmake' to check CMake code style
[2.599s] -- Added test 'uncrustify' to check C / C++ code style
[2.600s] -- Configured uncrustify additional arguments: 
[2.600s] -- Added test 'xmllint' to check XML markup files
[2.604s] -- Configuring done
[2.640s] -- Generating done
[2.644s] -- Build files have been written to: /home/muhuaguan/ros2_ws/build/examples_rclcpp_minimal_publisher
[2.658s] Invoked command in '/home/muhuaguan/ros2_ws/build/examples_rclcpp_minimal_publisher' returned '0': CMAKE_PREFIX_PATH=/opt/ros/humble /usr/bin/cmake /home/muhuaguan/ros2_ws/src/examples/rclcpp/topics/minimal_publisher -DAMENT_CMAKE_SYMLINK_INSTALL=1 -DCMAKE_INSTALL_PREFIX=/home/muhuaguan/ros2_ws/install/examples_rclcpp_minimal_publisher
[2.663s] Invoking command in '/home/muhuaguan/ros2_ws/build/examples_rclcpp_minimal_publisher': CMAKE_PREFIX_PATH=/opt/ros/humble /usr/bin/cmake --build /home/muhuaguan/ros2_ws/build/examples_rclcpp_minimal_publisher -- -j12 -l12
[2.782s] [  8%] [32mBuilding CXX object CMakeFiles/publisher_lambda.dir/lambda.cpp.o[0m
[2.782s] [ 16%] [32mBuilding CXX object CMakeFiles/publisher_member_function.dir/member_function.cpp.o[0m
[2.783s] [ 25%] [32mBuilding CXX object CMakeFiles/publisher_member_function_with_type_adapter.dir/member_function_with_type_adapter.cpp.o[0m
[2.791s] [ 33%] [32mBuilding CXX object CMakeFiles/publisher_wait_for_all_acked.dir/member_function_with_wait_for_all_acked.cpp.o[0m
[2.810s] [ 41%] [32mBuilding CXX object CMakeFiles/publisher_member_function_with_unique_network_flow_endpoints.dir/member_function_with_unique_network_flow_endpoints.cpp.o[0m
[2.846s] [ 50%] [32mBuilding CXX object CMakeFiles/publisher_not_composable.dir/not_composable.cpp.o[0m
[90.368s] [ 58%] [32m[1mLinking CXX executable publisher_lambda[0m
[92.951s] [ 58%] Built target publisher_lambda
[98.901s] [ 66%] [32m[1mLinking CXX executable publisher_member_function_with_unique_network_flow_endpoints[0m
[102.491s] [ 75%] [32m[1mLinking CXX executable publisher_member_function_with_type_adapter[0m
[103.425s] [ 75%] Built target publisher_member_function_with_unique_network_flow_endpoints
[105.957s] [ 75%] Built target publisher_member_function_with_type_adapter
[107.373s] [ 83%] [32m[1mLinking CXX executable publisher_not_composable[0m
[109.166s] [ 83%] Built target publisher_not_composable
[110.589s] [ 91%] [32m[1mLinking CXX executable publisher_wait_for_all_acked[0m
[110.923s] [100%] [32m[1mLinking CXX executable publisher_member_function[0m
[112.670s] [100%] Built target publisher_wait_for_all_acked
[114.746s] [100%] Built target publisher_member_function
[119.316s] Invoked command in '/home/muhuaguan/ros2_ws/build/examples_rclcpp_minimal_publisher' returned '0': CMAKE_PREFIX_PATH=/opt/ros/humble /usr/bin/cmake --build /home/muhuaguan/ros2_ws/build/examples_rclcpp_minimal_publisher -- -j12 -l12
[127.973s] Invoking command in '/home/muhuaguan/ros2_ws/build/examples_rclcpp_minimal_publisher': CMAKE_PREFIX_PATH=/opt/ros/humble /usr/bin/cmake --install /home/muhuaguan/ros2_ws/build/examples_rclcpp_minimal_publisher
[128.307s] -- Install configuration: ""
[128.308s] -- Execute custom install script
[128.308s] -- Symlinking: /home/muhuaguan/ros2_ws/install/examples_rclcpp_minimal_publisher/lib/examples_rclcpp_minimal_publisher/publisher_lambda
[128.312s] -- Symlinking: /home/muhuaguan/ros2_ws/install/examples_rclcpp_minimal_publisher/lib/examples_rclcpp_minimal_publisher/publisher_member_function
[128.475s] -- Symlinking: /home/muhuaguan/ros2_ws/install/examples_rclcpp_minimal_publisher/lib/examples_rclcpp_minimal_publisher/publisher_member_function_with_type_adapter
[128.636s] -- Symlinking: /home/muhuaguan/ros2_ws/install/examples_rclcpp_minimal_publisher/lib/examples_rclcpp_minimal_publisher/publisher_member_function_with_unique_network_flow_endpoints
[128.807s] -- Symlinking: /home/muhuaguan/ros2_ws/install/examples_rclcpp_minimal_publisher/lib/examples_rclcpp_minimal_publisher/publisher_wait_for_all_acked
[128.875s] -- Symlinking: /home/muhuaguan/ros2_ws/install/examples_rclcpp_minimal_publisher/lib/examples_rclcpp_minimal_publisher/publisher_not_composable
[129.024s] -- Symlinking: /home/muhuaguan/ros2_ws/install/examples_rclcpp_minimal_publisher/share/ament_index/resource_index/package_run_dependencies/examples_rclcpp_minimal_publisher
[129.108s] -- Symlinking: /home/muhuaguan/ros2_ws/install/examples_rclcpp_minimal_publisher/share/ament_index/resource_index/parent_prefix_path/examples_rclcpp_minimal_publisher
[129.300s] -- Symlinking: /home/muhuaguan/ros2_ws/install/examples_rclcpp_minimal_publisher/share/examples_rclcpp_minimal_publisher/environment/ament_prefix_path.sh
[129.464s] -- Symlinking: /home/muhuaguan/ros2_ws/install/examples_rclcpp_minimal_publisher/share/examples_rclcpp_minimal_publisher/environment/ament_prefix_path.dsv
[129.566s] -- Symlinking: /home/muhuaguan/ros2_ws/install/examples_rclcpp_minimal_publisher/share/examples_rclcpp_minimal_publisher/environment/path.sh
[129.683s] -- Symlinking: /home/muhuaguan/ros2_ws/install/examples_rclcpp_minimal_publisher/share/examples_rclcpp_minimal_publisher/environment/path.dsv
[129.849s] -- Symlinking: /home/muhuaguan/ros2_ws/install/examples_rclcpp_minimal_publisher/share/examples_rclcpp_minimal_publisher/local_setup.bash
[129.995s] -- Symlinking: /home/muhuaguan/ros2_ws/install/examples_rclcpp_minimal_publisher/share/examples_rclcpp_minimal_publisher/local_setup.sh
[130.107s] -- Symlinking: /home/muhuaguan/ros2_ws/install/examples_rclcpp_minimal_publisher/share/examples_rclcpp_minimal_publisher/local_setup.zsh
[130.261s] -- Symlinking: /home/muhuaguan/ros2_ws/install/examples_rclcpp_minimal_publisher/share/examples_rclcpp_minimal_publisher/local_setup.dsv
[130.374s] -- Symlinking: /home/muhuaguan/ros2_ws/install/examples_rclcpp_minimal_publisher/share/examples_rclcpp_minimal_publisher/package.dsv
[130.524s] -- Symlinking: /home/muhuaguan/ros2_ws/install/examples_rclcpp_minimal_publisher/share/ament_index/resource_index/packages/examples_rclcpp_minimal_publisher
[130.645s] -- Symlinking: /home/muhuaguan/ros2_ws/install/examples_rclcpp_minimal_publisher/share/examples_rclcpp_minimal_publisher/cmake/examples_rclcpp_minimal_publisherConfig.cmake
[130.719s] -- Symlinking: /home/muhuaguan/ros2_ws/install/examples_rclcpp_minimal_publisher/share/examples_rclcpp_minimal_publisher/cmake/examples_rclcpp_minimal_publisherConfig-version.cmake
[130.791s] -- Symlinking: /home/muhuaguan/ros2_ws/install/examples_rclcpp_minimal_publisher/share/examples_rclcpp_minimal_publisher/package.xml
[131.091s] Invoked command in '/home/muhuaguan/ros2_ws/build/examples_rclcpp_minimal_publisher' returned '0': CMAKE_PREFIX_PATH=/opt/ros/humble /usr/bin/cmake --install /home/muhuaguan/ros2_ws/build/examples_rclcpp_minimal_publisher
