[0.057s] Invoking command in '/home/muhuaguan/ros2_ws/build/examples_rclcpp_minimal_publisher': CMAKE_PREFIX_PATH=/opt/ros/humble /usr/bin/cmake --build /home/muhuaguan/ros2_ws/build/examples_rclcpp_minimal_publisher -- -j12 -l12
[0.159s] [ 16%] Built target publisher_lambda
[0.179s] [ 33%] Built target publisher_member_function_with_type_adapter
[0.179s] [ 50%] Built target publisher_member_function
[0.181s] [ 66%] Built target publisher_member_function_with_unique_network_flow_endpoints
[0.219s] [ 83%] Built target publisher_wait_for_all_acked
[0.245s] [100%] Built target publisher_not_composable
[0.308s] Invoked command in '/home/muhuaguan/ros2_ws/build/examples_rclcpp_minimal_publisher' returned '0': CMAKE_PREFIX_PATH=/opt/ros/humble /usr/bin/cmake --build /home/muhuaguan/ros2_ws/build/examples_rclcpp_minimal_publisher -- -j12 -l12
[0.465s] Invoking command in '/home/muhuaguan/ros2_ws/build/examples_rclcpp_minimal_publisher': CMAKE_PREFIX_PATH=/opt/ros/humble /usr/bin/cmake --install /home/muhuaguan/ros2_ws/build/examples_rclcpp_minimal_publisher
[0.537s] -- Install configuration: ""
[0.537s] -- Execute custom install script
[0.537s] -- Up-to-date symlink: /home/muhuaguan/ros2_ws/install/examples_rclcpp_minimal_publisher/lib/examples_rclcpp_minimal_publisher/publisher_lambda
[0.537s] -- Up-to-date symlink: /home/muhuaguan/ros2_ws/install/examples_rclcpp_minimal_publisher/lib/examples_rclcpp_minimal_publisher/publisher_member_function
[0.537s] -- Up-to-date symlink: /home/muhuaguan/ros2_ws/install/examples_rclcpp_minimal_publisher/lib/examples_rclcpp_minimal_publisher/publisher_member_function_with_type_adapter
[0.538s] -- Up-to-date symlink: /home/muhuaguan/ros2_ws/install/examples_rclcpp_minimal_publisher/lib/examples_rclcpp_minimal_publisher/publisher_member_function_with_unique_network_flow_endpoints
[0.538s] -- Up-to-date symlink: /home/muhuaguan/ros2_ws/install/examples_rclcpp_minimal_publisher/lib/examples_rclcpp_minimal_publisher/publisher_wait_for_all_acked
[0.538s] -- Up-to-date symlink: /home/muhuaguan/ros2_ws/install/examples_rclcpp_minimal_publisher/lib/examples_rclcpp_minimal_publisher/publisher_not_composable
[0.538s] -- Up-to-date symlink: /home/muhuaguan/ros2_ws/install/examples_rclcpp_minimal_publisher/share/ament_index/resource_index/package_run_dependencies/examples_rclcpp_minimal_publisher
[0.538s] -- Up-to-date symlink: /home/muhuaguan/ros2_ws/install/examples_rclcpp_minimal_publisher/share/ament_index/resource_index/parent_prefix_path/examples_rclcpp_minimal_publisher
[0.538s] -- Up-to-date symlink: /home/muhuaguan/ros2_ws/install/examples_rclcpp_minimal_publisher/share/examples_rclcpp_minimal_publisher/environment/ament_prefix_path.sh
[0.538s] -- Up-to-date symlink: /home/muhuaguan/ros2_ws/install/examples_rclcpp_minimal_publisher/share/examples_rclcpp_minimal_publisher/environment/ament_prefix_path.dsv
[0.539s] -- Up-to-date symlink: /home/muhuaguan/ros2_ws/install/examples_rclcpp_minimal_publisher/share/examples_rclcpp_minimal_publisher/environment/path.sh
[0.539s] -- Up-to-date symlink: /home/muhuaguan/ros2_ws/install/examples_rclcpp_minimal_publisher/share/examples_rclcpp_minimal_publisher/environment/path.dsv
[0.539s] -- Up-to-date symlink: /home/muhuaguan/ros2_ws/install/examples_rclcpp_minimal_publisher/share/examples_rclcpp_minimal_publisher/local_setup.bash
[0.539s] -- Up-to-date symlink: /home/muhuaguan/ros2_ws/install/examples_rclcpp_minimal_publisher/share/examples_rclcpp_minimal_publisher/local_setup.sh
[0.540s] -- Up-to-date symlink: /home/muhuaguan/ros2_ws/install/examples_rclcpp_minimal_publisher/share/examples_rclcpp_minimal_publisher/local_setup.zsh
[0.540s] -- Up-to-date symlink: /home/muhuaguan/ros2_ws/install/examples_rclcpp_minimal_publisher/share/examples_rclcpp_minimal_publisher/local_setup.dsv
[0.540s] -- Symlinking: /home/muhuaguan/ros2_ws/install/examples_rclcpp_minimal_publisher/share/examples_rclcpp_minimal_publisher/package.dsv
[0.542s] -- Up-to-date symlink: /home/muhuaguan/ros2_ws/install/examples_rclcpp_minimal_publisher/share/ament_index/resource_index/packages/examples_rclcpp_minimal_publisher
[0.543s] -- Up-to-date symlink: /home/muhuaguan/ros2_ws/install/examples_rclcpp_minimal_publisher/share/examples_rclcpp_minimal_publisher/cmake/examples_rclcpp_minimal_publisherConfig.cmake
[0.544s] -- Up-to-date symlink: /home/muhuaguan/ros2_ws/install/examples_rclcpp_minimal_publisher/share/examples_rclcpp_minimal_publisher/cmake/examples_rclcpp_minimal_publisherConfig-version.cmake
[0.544s] -- Up-to-date symlink: /home/muhuaguan/ros2_ws/install/examples_rclcpp_minimal_publisher/share/examples_rclcpp_minimal_publisher/package.xml
[0.593s] Invoked command in '/home/muhuaguan/ros2_ws/build/examples_rclcpp_minimal_publisher' returned '0': CMAKE_PREFIX_PATH=/opt/ros/humble /usr/bin/cmake --install /home/muhuaguan/ros2_ws/build/examples_rclcpp_minimal_publisher
