[3.188s] Invoking command in '/home/muhuaguan/ros2_ws/build/examples_rclpy_guard_conditions': PYTHONPATH=/home/muhuaguan/ros2_ws/build/examples_rclpy_guard_conditions/prefix_override:/home/muhuaguan/ros2_ws/install/examples_rclpy_guard_conditions/lib/python3.10/site-packages:${PYTHONPATH} /usr/bin/python3 setup.py develop --uninstall --editable --build-directory /home/muhuaguan/ros2_ws/build/examples_rclpy_guard_conditions/build
[3.742s] running develop
[3.742s] /usr/lib/python3/dist-packages/setuptools/command/easy_install.py:158: EasyInstallDeprecationWarning: easy_install command is deprecated. Use build and pip and other standards-based tools.
[3.742s]   warnings.warn(
[3.744s] /usr/lib/python3/dist-packages/setuptools/command/install.py:34: SetuptoolsDeprecationWarning: setup.py install is deprecated. Use build and pip and other standards-based tools.
[3.744s]   warnings.warn(
[3.887s] /usr/lib/python3/dist-packages/pkg_resources/__init__.py:116: PkgResourcesDeprecationWarning: 1.16.0-unknown is an invalid version and will not be supported in a future release
[3.887s]   warnings.warn(
[3.889s] /usr/lib/python3/dist-packages/pkg_resources/__init__.py:116: PkgResourcesDeprecationWarning: 1.1build1 is an invalid version and will not be supported in a future release
[3.889s]   warnings.warn(
[4.229s] Invoked command in '/home/muhuaguan/ros2_ws/build/examples_rclpy_guard_conditions' returned '0': PYTHONPATH=/home/muhuaguan/ros2_ws/build/examples_rclpy_guard_conditions/prefix_override:/home/muhuaguan/ros2_ws/install/examples_rclpy_guard_conditions/lib/python3.10/site-packages:${PYTHONPATH} /usr/bin/python3 setup.py develop --uninstall --editable --build-directory /home/muhuaguan/ros2_ws/build/examples_rclpy_guard_conditions/build
[4.230s] Invoking command in '/home/muhuaguan/ros2_ws/src/examples/rclpy/guard_conditions': PYTHONPATH=/home/muhuaguan/ros2_ws/build/examples_rclpy_guard_conditions/prefix_override:/home/muhuaguan/ros2_ws/install/examples_rclpy_guard_conditions/lib/python3.10/site-packages:${PYTHONPATH} /usr/bin/python3 setup.py egg_info --egg-base ../../../../build/examples_rclpy_guard_conditions build --build-base /home/muhuaguan/ros2_ws/build/examples_rclpy_guard_conditions/build install --record /home/muhuaguan/ros2_ws/build/examples_rclpy_guard_conditions/install.log --single-version-externally-managed
[5.190s] running egg_info
[5.192s] writing ../../../../build/examples_rclpy_guard_conditions/examples_rclpy_guard_conditions.egg-info/PKG-INFO
[5.199s] writing dependency_links to ../../../../build/examples_rclpy_guard_conditions/examples_rclpy_guard_conditions.egg-info/dependency_links.txt
[5.200s] writing entry points to ../../../../build/examples_rclpy_guard_conditions/examples_rclpy_guard_conditions.egg-info/entry_points.txt
[5.201s] writing requirements to ../../../../build/examples_rclpy_guard_conditions/examples_rclpy_guard_conditions.egg-info/requires.txt
[5.202s] writing top-level names to ../../../../build/examples_rclpy_guard_conditions/examples_rclpy_guard_conditions.egg-info/top_level.txt
[5.203s] reading manifest file '../../../../build/examples_rclpy_guard_conditions/examples_rclpy_guard_conditions.egg-info/SOURCES.txt'
[5.204s] writing manifest file '../../../../build/examples_rclpy_guard_conditions/examples_rclpy_guard_conditions.egg-info/SOURCES.txt'
[5.205s] running build
[5.205s] running build_py
[5.206s] running install
[5.207s] running install_lib
[5.207s] running install_data
[5.208s] running install_egg_info
[5.209s] removing '/home/muhuaguan/ros2_ws/install/examples_rclpy_guard_conditions/lib/python3.10/site-packages/examples_rclpy_guard_conditions-0.15.1-py3.10.egg-info' (and everything under it)
[5.209s] Copying ../../../../build/examples_rclpy_guard_conditions/examples_rclpy_guard_conditions.egg-info to /home/muhuaguan/ros2_ws/install/examples_rclpy_guard_conditions/lib/python3.10/site-packages/examples_rclpy_guard_conditions-0.15.1-py3.10.egg-info
[5.210s] running install_scripts
[5.211s] Installing trigger_guard_condition script to /home/muhuaguan/ros2_ws/install/examples_rclpy_guard_conditions/lib/examples_rclpy_guard_conditions
[5.211s] writing list of installed files to '/home/muhuaguan/ros2_ws/build/examples_rclpy_guard_conditions/install.log'
[5.212s] /usr/lib/python3/dist-packages/setuptools/command/install.py:34: SetuptoolsDeprecationWarning: setup.py install is deprecated. Use build and pip and other standards-based tools.
[5.213s]   warnings.warn(
[5.229s] Invoked command in '/home/muhuaguan/ros2_ws/src/examples/rclpy/guard_conditions' returned '0': PYTHONPATH=/home/muhuaguan/ros2_ws/build/examples_rclpy_guard_conditions/prefix_override:/home/muhuaguan/ros2_ws/install/examples_rclpy_guard_conditions/lib/python3.10/site-packages:${PYTHONPATH} /usr/bin/python3 setup.py egg_info --egg-base ../../../../build/examples_rclpy_guard_conditions build --build-base /home/muhuaguan/ros2_ws/build/examples_rclpy_guard_conditions/build install --record /home/muhuaguan/ros2_ws/build/examples_rclpy_guard_conditions/install.log --single-version-externally-managed
